#
# A fatal error has been detected by the Java Runtime Environment:
#
#  SIGSEGV (0xb) at pc=0x00007f207465a206, pid=16827, tid=0x00007f205c5f5700
#
# JRE version: Java(TM) SE Runtime Environment (8.0_181-b13) (build 1.8.0_181-b13)
# Java VM: Java HotSpot(TM) 64-Bit Server VM (25.181-b13 mixed mode linux-amd64 compressed oops)
# Problematic frame:
# V  [libjvm.so+0x5f5206]  GenerateOopMap::do_field(int, int, int, int)+0x46
#
# Failed to write core dump. Core dumps have been disabled. To enable core dumping, try "ulimit -c unlimited" before starting Java again
#
# If you would like to submit a bug report, please visit:
#   http://bugreport.java.com/bugreport/crash.jsp
#

---------------  T H R E A D  ---------------

Current thread (0x00007f206c14a000):  VMThread [stack: 0x00007f205c4f6000,0x00007f205c5f6000] [id=16836]

siginfo: si_signo: 11 (SIGSEGV), si_code: 1 (SEGV_MAPERR), si_addr: 0x0000000000000008

Registers:
RAX=0x0000000000000000, RBX=0x00007f2070cf2590, RCX=0x0000000000000305, RDX=0x00007f2070d09598
RSP=0x00007f205c5f3aa0, RBP=0x00007f205c5f3b00, RSI=0x0000000000005d01, RDI=0x00007f2070cf2590
R8 =0x000000000000007a, R9 =0x00007f2070cf2d00, R10=0x0000000000000007, R11=0x0000000000000008
R12=0x000000000000007a, R13=0x00007f205c5f3d90, R14=0x00007f207501e320, R15=0x0000000000000001
RIP=0x00007f207465a206, EFLAGS=0x0000000000010206, CSGSFS=0x002b000000000033, ERR=0x0000000000000004
  TRAPNO=0x000000000000000e

Top of Stack: (sp=0x00007f205c5f3aa0)
0x00007f205c5f3aa0:   000000000000007a 000000015c5f3b40
0x00007f205c5f3ab0:   00007f205c5f3b00 00007f207465f62b
0x00007f205c5f3ac0:   0000000000000000 08007f20746622ad
0x00007f205c5f3ad0:   00007f2070cf2d00 00000000000000b2
0x00007f205c5f3ae0:   00000000000000b2 00007f205c5f3d90
0x00007f205c5f3af0:   00007f207501e320 00007f2070cf2c72
0x00007f205c5f3b00:   00007f205c5f3be0 00007f207466034b
0x00007f205c5f3b10:   0000000000000001 00007f205c5f3b70
0x00007f205c5f3b20:   00007f205c5f3b48 00007f205c5f3b40
0x00007f205c5f3b30:   00007f206c0597a0 000000a05c5f3b80
0x00007f205c5f3b40:   00007f205c5f3b58 00007f2070cf2d00
0x00007f205c5f3b50:   00007f206c14a000 0000007d0000007a
0x00007f205c5f3b60:   000000b2000000a0 000000b200000000
0x00007f205c5f3b70:   00007f2070cf2d00 00007f206c14a000
0x00007f205c5f3b80:   00007f2070cf2d00 00007f206c14a000
0x00007f205c5f3b90:   00007f2070cf2d00 00007f206c14a000
0x00007f205c5f3ba0:   00007f205c5f3bc0 00007f2070cf2d00
0x00007f205c5f3bb0:   00007f206c14a000 0000000000000000
0x00007f205c5f3bc0:   0000000000000000 00007f205c5f3d90
0x00007f205c5f3bd0:   00007f205c5f3bf0 00007f205c5f3c90
0x00007f205c5f3be0:   00007f205c5f3c40 00007f207466121a
0x00007f205c5f3bf0:   00007f2074fd1ad0 00007f207088d6f0
0x00007f205c5f3c00:   0000000000000015 00007f2070cf2d00
0x00007f205c5f3c10:   00007f206c0597d0 00007f2000000002
0x00007f205c5f3c20:   00007f205c5f3cc0 00007f205c5f3d90
0x00007f205c5f3c30:   00007f2074fee9a8 00007f205c5f3c60
0x00007f205c5f3c40:   00007f205c5f3d00 00007f20746615cd
0x00007f205c5f3c50:   00007f205c5f3e00 00007f206c14a000
0x00007f205c5f3c60:   0000000000000000 0000000000000000
0x00007f205c5f3c70:   00007f205c5f3dc0 0000009100000000
0x00007f205c5f3c80:   00007f2074fb75d0 00007f2070cf2d00
0x00007f205c5f3c90:   00007f206c140100 0000000000000000 

Instructions: (pc=0x00007f207465a206)
0x00007f207465a1e6:   8b 40 08 48 8b 58 08 48 89 df e8 9b 19 f0 ff 48
0x00007f207465a1f6:   89 df 89 c6 e8 41 1a f0 ff 48 98 48 8b 44 c3 50
0x00007f207465a206:   0f b6 40 08 3c 4c 0f 84 d6 00 00 00 3c 5b 0f 84
0x00007f207465a216:   ce 00 00 00 3c 4a 0f 84 9e 01 00 00 3c 44 0f 1f 

Register to memory mapping:

RAX=0x0000000000000000 is an unknown value
RBX=0x00007f2070cf2590 is pointing into metadata
RCX=0x0000000000000305 is an unknown value
RDX=0x00007f2070d09598 is pointing into metadata
RSP=0x00007f205c5f3aa0 is an unknown value
RBP=0x00007f205c5f3b00 is an unknown value
RSI=0x0000000000005d01 is an unknown value
RDI=0x00007f2070cf2590 is pointing into metadata
R8 =0x000000000000007a is an unknown value
R9 ={method} {0x00007f2070cf2d00} 'main' '([Ljava/lang/String;)V' in 'TopNInGroups/TopNInGroups$'
R10=0x0000000000000007 is an unknown value
R11=0x0000000000000008 is an unknown value
R12=0x000000000000007a is an unknown value
R13=0x00007f205c5f3d90 is an unknown value
R14=0x00007f207501e320: <offset 0xfb9320> in /opt/jdk/jre/lib/amd64/server/libjvm.so at 0x00007f2074065000
R15=0x0000000000000001 is an unknown value


Stack: [0x00007f205c4f6000,0x00007f205c5f6000],  sp=0x00007f205c5f3aa0,  free space=1014k
Native frames: (J=compiled Java code, j=interpreted, Vv=VM code, C=native code)
V  [libjvm.so+0x5f5206]  GenerateOopMap::do_field(int, int, int, int)+0x46
V  [libjvm.so+0x5fb34b]  GenerateOopMap::interp_bb(BasicBlock*)+0x2fb
V  [libjvm.so+0x5fc21a]  GenerateOopMap::do_interpretation()+0x17a
V  [libjvm.so+0x5fc5cd]  GenerateOopMap::compute_map(Thread*)+0x34d
V  [libjvm.so+0x91fcd4]  OopMapForCacheEntry::compute_map(Thread*)+0xb4
V  [libjvm.so+0x921a92]  OopMapCacheEntry::fill(methodHandle, int)+0x2d2
V  [libjvm.so+0x922244]  OopMapCache::compute_one_oop_map(methodHandle, int, InterpreterOopMap*)+0x124
V  [libjvm.so+0x922bee]  OopMapCache::lookup(methodHandle, int, InterpreterOopMap*) const+0x6de
V  [libjvm.so+0x64ab92]  InstanceKlass::mask_for(methodHandle, int, InterpreterOopMap*)+0x82
V  [libjvm.so+0x8bd3fd]  Method::mask_for(int, InterpreterOopMap*)+0x9d
V  [libjvm.so+0x7affb4]  VM_GetOrSetLocal::doit()+0x54
V  [libjvm.so+0xadb745]  VM_Operation::evaluate()+0x55
V  [libjvm.so+0xad9b0a]  VMThread::evaluate_operation(VM_Operation*)+0xba
V  [libjvm.so+0xad9e8e]  VMThread::loop()+0x1ce
V  [libjvm.so+0xada300]  VMThread::run()+0x70
V  [libjvm.so+0x930198]  java_start(Thread*)+0x108

VM_Operation (0x00007f205c1f0840): GetOrSetLocal, mode: safepoint, requested by thread 0x00007f206c197800


---------------  P R O C E S S  ---------------

Java Threads: ( => current thread )
  0x00007f1ffc05f800 JavaThread "block-manager-slave-async-thread-pool-2" daemon [_thread_blocked, id=20103, stack(0x00007f2040970000,0x00007f2040a71000)]
  0x00007f1ffc05e800 JavaThread "block-manager-slave-async-thread-pool-1" daemon [_thread_blocked, id=20102, stack(0x00007f204026d000,0x00007f204036e000)]
  0x00007f2008025000 JavaThread "block-manager-ask-thread-pool-2" daemon [_thread_blocked, id=20101, stack(0x00007f204016c000,0x00007f204026d000)]
  0x00007f200000b800 JavaThread "block-manager-slave-async-thread-pool-0" daemon [_thread_blocked, id=17732, stack(0x00007f20410e6000,0x00007f20411e7000)]
  0x00007f1ff4029000 JavaThread "task-result-getter-3" daemon [_thread_blocked, id=16907, stack(0x00007f1fdb9fc000,0x00007f1fdbafd000)]
  0x00007f1ff4027800 JavaThread "task-result-getter-2" daemon [_thread_blocked, id=16906, stack(0x00007f1fdbafd000,0x00007f1fdbbfe000)]
  0x00007f1ff4024800 JavaThread "task-result-getter-1" daemon [_thread_blocked, id=16905, stack(0x00007f1fdbbfe000,0x00007f1fdbcff000)]
  0x00007f1ff4025000 JavaThread "task-result-getter-0" daemon [_thread_blocked, id=16904, stack(0x00007f1fdbcff000,0x00007f1fdbe00000)]
  0x00007f203402b800 JavaThread "org.apache.hadoop.hdfs.PeerCache@781d477f" daemon [_thread_blocked, id=16903, stack(0x00007f204006b000,0x00007f204016c000)]
  0x00007f2018661800 JavaThread "element-tracking-store-worker" daemon [_thread_blocked, id=16896, stack(0x00007f20415e7000,0x00007f20416e8000)]
  0x00007f206d571000 JavaThread "spark-listener-group-executorManagement" daemon [_thread_blocked, id=16895, stack(0x00007f20418e8000,0x00007f20419e9000)]
  0x00007f206d56f000 JavaThread "spark-listener-group-appStatus" daemon [_thread_blocked, id=16894, stack(0x00007f20419e9000,0x00007f2041aea000)]
  0x00007f206d56a000 JavaThread "context-cleaner-periodic-gc" daemon [_thread_blocked, id=16893, stack(0x00007f2041aea000,0x00007f2041beb000)]
  0x00007f206d568800 JavaThread "Spark Context Cleaner" daemon [_thread_blocked, id=16892, stack(0x00007f2041beb000,0x00007f2041cec000)]
  0x00007f206d313800 JavaThread "shuffle-server-5-1" daemon [_thread_blocked, id=16891, stack(0x00007f2041eec000,0x00007f2041fed000)]
  0x00007f206d30f000 JavaThread "driver-heartbeater" daemon [_thread_blocked, id=16890, stack(0x00007f2041fed000,0x00007f20420ee000)]
  0x00007f206d2ee800 JavaThread "dag-scheduler-event-loop" daemon [_thread_blocked, id=16889, stack(0x00007f20420ee000,0x00007f20421ef000)]
  0x00007f1ff801e800 JavaThread "netty-rpc-env-timeout" daemon [_thread_blocked, id=16888, stack(0x00007f20421ef000,0x00007f20422f0000)]
  0x00007f206d2c7000 JavaThread "Timer-0" daemon [_thread_blocked, id=16887, stack(0x00007f205408d000,0x00007f205418e000)]
  0x00007f1ffc002800 JavaThread "heartbeat-receiver-event-loop-thread" daemon [_thread_blocked, id=16886, stack(0x00007f205418e000,0x00007f205428f000)]
  0x00007f206d269000 JavaThread "SparkUI-38" daemon [_thread_blocked, id=16885, stack(0x00007f205448f000,0x00007f2054590000)]
  0x00007f206d267800 JavaThread "SparkUI-37" daemon [_thread_blocked, id=16884, stack(0x00007f2054590000,0x00007f2054691000)]
  0x00007f206d265800 JavaThread "SparkUI-36" daemon [_thread_blocked, id=16883, stack(0x00007f2054691000,0x00007f2054792000)]
  0x00007f206d264000 JavaThread "SparkUI-35" daemon [_thread_blocked, id=16882, stack(0x00007f2054792000,0x00007f2054893000)]
  0x00007f206d262800 JavaThread "SparkUI-34" daemon [_thread_blocked, id=16881, stack(0x00007f2054893000,0x00007f2054994000)]
  0x00007f206d260800 JavaThread "SparkUI-33-acceptor-0@3f0704a-ServerConnector@d379e44{HTTP/1.1,[http/1.1]}{0.0.0.0:4042}" daemon [_thread_in_native, id=16880, stack(0x00007f2054994000,0x00007f2054a95000)]
  0x00007f206d25f000 JavaThread "SparkUI-32" daemon [_thread_in_native, id=16879, stack(0x00007f2054a95000,0x00007f2054b96000)]
  0x00007f206d25d800 JavaThread "SparkUI-31" daemon [_thread_in_native, id=16878, stack(0x00007f2054b96000,0x00007f2054c97000)]
  0x00007f206d1b3000 JavaThread "RemoteBlock-temp-file-clean-thread" daemon [_thread_blocked, id=16877, stack(0x00007f2054c97000,0x00007f2054d98000)]
  0x00007f206d167000 JavaThread "map-output-dispatcher-7" daemon [_thread_blocked, id=16876, stack(0x00007f2054f98000,0x00007f2055099000)]
  0x00007f206d165800 JavaThread "map-output-dispatcher-6" daemon [_thread_blocked, id=16875, stack(0x00007f2055099000,0x00007f205519a000)]
  0x00007f206d164000 JavaThread "map-output-dispatcher-5" daemon [_thread_blocked, id=16874, stack(0x00007f205519a000,0x00007f205529b000)]
  0x00007f206d162000 JavaThread "map-output-dispatcher-4" daemon [_thread_blocked, id=16873, stack(0x00007f205529b000,0x00007f205539c000)]
  0x00007f206d161000 JavaThread "map-output-dispatcher-3" daemon [_thread_blocked, id=16872, stack(0x00007f205539c000,0x00007f205549d000)]
  0x00007f206d169000 JavaThread "map-output-dispatcher-2" daemon [_thread_blocked, id=16871, stack(0x00007f205549d000,0x00007f205559e000)]
  0x00007f206d15f000 JavaThread "map-output-dispatcher-1" daemon [_thread_blocked, id=16870, stack(0x00007f205559e000,0x00007f205569f000)]
  0x00007f206d16d000 JavaThread "map-output-dispatcher-0" daemon [_thread_blocked, id=16869, stack(0x00007f205569f000,0x00007f20557a0000)]
  0x00007f206d141000 JavaThread "rpc-server-3-1" daemon [_thread_in_Java, id=16868, stack(0x00007f20557a0000,0x00007f20558a1000)]
  0x00007f206d00b000 JavaThread "dispatcher-event-loop-3" daemon [_thread_blocked, id=16867, stack(0x00007f2055cb2000,0x00007f2055db3000)]
  0x00007f206d009800 JavaThread "dispatcher-event-loop-2" daemon [_thread_blocked, id=16866, stack(0x00007f2055db3000,0x00007f2055eb4000)]
  0x00007f206d008800 JavaThread "dispatcher-event-loop-1" daemon [_thread_blocked, id=16865, stack(0x00007f2055eb4000,0x00007f2055fb5000)]
  0x00007f206d007800 JavaThread "dispatcher-event-loop-0" daemon [_thread_in_Java, id=16864, stack(0x00007f20563b6000,0x00007f20564b7000)]
  0x00007f206c8b8000 JavaThread "Service Thread" daemon [_thread_blocked, id=16854, stack(0x00007f2057260000,0x00007f2057361000)]
  0x00007f206c8b5000 JavaThread "C1 CompilerThread2" daemon [_thread_blocked, id=16853, stack(0x00007f2057362000,0x00007f2057462000)]
  0x00007f206c8b3000 JavaThread "C2 CompilerThread1" daemon [_thread_blocked, id=16852, stack(0x00007f2057463000,0x00007f2057563000)]
  0x00007f206c8ac000 JavaThread "C2 CompilerThread0" daemon [_thread_blocked, id=16851, stack(0x00007f2057564000,0x00007f2057664000)]
  0x00007f2024001000 JavaThread "JDWP Command Reader" daemon [_thread_in_native, id=16850, stack(0x00007f2057bfa000,0x00007f2057cfb000)]
  0x00007f206c19b800 JavaThread "JDWP Event Helper Thread" daemon [_thread_blocked, id=16849, stack(0x00007f2057cfb000,0x00007f2057dfc000)]
  0x00007f206c197800 JavaThread "JDWP Transport Listener: dt_socket" daemon [_thread_blocked, id=16846, stack(0x00007f205c0f1000,0x00007f205c1f2000)]
  0x00007f206c188000 JavaThread "Signal Dispatcher" daemon [_thread_blocked, id=16845, stack(0x00007f205c1f2000,0x00007f205c2f3000)]
  0x00007f206c156800 JavaThread "Finalizer" daemon [_thread_blocked, id=16838, stack(0x00007f205c2f3000,0x00007f205c3f4000)]
  0x00007f206c154000 JavaThread "Reference Handler" daemon [_thread_blocked, id=16837, stack(0x00007f205c3f4000,0x00007f205c4f5000)]
  0x00007f206c015000 JavaThread "main" [_thread_blocked, id=16829, stack(0x00007f2073dd8000,0x00007f2073ed8000)]

Other Threads:
=>0x00007f206c14a000 VMThread [stack: 0x00007f205c4f6000,0x00007f205c5f6000] [id=16836]
  0x00007f206c8bd800 WatcherThread [stack: 0x00007f2057160000,0x00007f2057260000] [id=16855]

VM state:at safepoint (normal execution)

VM Mutex/Monitor currently owned by a thread:  ([mutex/lock_event])
[0x00007f206c008d00] Threads_lock - owner thread: 0x00007f206c14a000

Heap:
 PSYoungGen      total 200192K, used 10980K [0x0000000781f80000, 0x000000078f100000, 0x00000007c0000000)
  eden space 186368K, 5% used [0x0000000781f80000,0x0000000782a392a8,0x000000078d580000)
  from space 13824K, 0% used [0x000000078d580000,0x000000078d580000,0x000000078e300000)
  to   space 13824K, 0% used [0x000000078e380000,0x000000078e380000,0x000000078f100000)
 ParOldGen       total 111616K, used 7692K [0x0000000705e00000, 0x000000070cb00000, 0x0000000781f80000)
  object space 111616K, 6% used [0x0000000705e00000,0x00000007065831a0,0x000000070cb00000)
 Metaspace       used 46292K, capacity 46576K, committed 47360K, reserved 1089536K
  class space    used 6466K, capacity 6551K, committed 6656K, reserved 1048576K

Card table byte_map: [0x00007f2071ed5000,0x00007f20724a7000] byte_map_base: 0x00007f206e6a6000

Marking Bits: (ParMarkBitMap*) 0x00007f20750390a0
 Begin Bits: [0x00007f20422f0000, 0x00007f2045178000)
 End Bits:   [0x00007f2045178000, 0x00007f2048000000)

Polling page: 0x00007f20754b8000

CodeCache: size=245760Kb used=8301Kb max_used=8301Kb free=237458Kb
 bounds [0x00007f205d000000, 0x00007f205d830000, 0x00007f206c000000]
 total_blobs=3354 nmethods=2763 adapters=510
 compilation: enabled

Compilation events (10 events):
Event: 7305.170 Thread 0x00007f206c8b5000 3151       3       scala.collection.mutable.HashMap::tableSize_$eq (6 bytes)
Event: 7305.170 Thread 0x00007f206c8b5000 nmethod 3151 0x00007f205d81bd90 code [0x00007f205d81bee0, 0x00007f205d81c030]
Event: 7305.170 Thread 0x00007f206c8b5000 3147   !   3       java.util.Formatter$FormatSpecifier::width (59 bytes)
Event: 7305.171 Thread 0x00007f206c8b5000 nmethod 3147 0x00007f205d81c890 code [0x00007f205d81ca20, 0x00007f205d81cd58]
Event: 7305.171 Thread 0x00007f206c8b5000 3148   !   3       java.util.Formatter$FormatSpecifier::precision (63 bytes)
Event: 7305.171 Thread 0x00007f206c8b5000 nmethod 3148 0x00007f205d81ff10 code [0x00007f205d8200c0, 0x00007f205d8204c8]
Event: 7305.171 Thread 0x00007f206c8b5000 3149       3       java.util.Formatter$FormatSpecifier::conversion (94 bytes)
Event: 7305.173 Thread 0x00007f206c8b5000 nmethod 3149 0x00007f205d825410 code [0x00007f205d8256a0, 0x00007f205d826508]
Event: 7305.364 Thread 0x00007f206c8b5000 3154   !   3       java.util.Formatter$FormatSpecifier::index (53 bytes)
Event: 7305.364 Thread 0x00007f206c8b5000 nmethod 3154 0x00007f205d81f710 code [0x00007f205d81f8a0, 0x00007f205d81fcf8]

GC Heap History (10 events):
Event: 7304.311 GC heap before
{Heap before GC invocations=13 (full 4):
 PSYoungGen      total 199168K, used 352K [0x0000000781f80000, 0x000000078f000000, 0x00000007c0000000)
  eden space 186880K, 0% used [0x0000000781f80000,0x0000000781f80000,0x000000078d600000)
  from space 12288K, 2% used [0x000000078d600000,0x000000078d658000,0x000000078e200000)
  to   space 13312K, 0% used [0x000000078e300000,0x000000078e300000,0x000000078f000000)
 ParOldGen       total 111616K, used 10733K [0x0000000705e00000, 0x000000070cb00000, 0x0000000781f80000)
  object space 111616K, 9% used [0x0000000705e00000,0x000000070687b688,0x000000070cb00000)
 Metaspace       used 46536K, capacity 46944K, committed 47104K, reserved 1089536K
  class space    used 6507K, capacity 6611K, committed 6656K, reserved 1048576K
Event: 7304.482 GC heap after
Heap after GC invocations=13 (full 4):
 PSYoungGen      total 199168K, used 0K [0x0000000781f80000, 0x000000078f000000, 0x00000007c0000000)
  eden space 186880K, 0% used [0x0000000781f80000,0x0000000781f80000,0x000000078d600000)
  from space 12288K, 0% used [0x000000078d600000,0x000000078d600000,0x000000078e200000)
  to   space 13312K, 0% used [0x000000078e300000,0x000000078e300000,0x000000078f000000)
 ParOldGen       total 111616K, used 7764K [0x0000000705e00000, 0x000000070cb00000, 0x0000000781f80000)
  object space 111616K, 6% used [0x0000000705e00000,0x0000000706595098,0x000000070cb00000)
 Metaspace       used 46212K, capacity 46416K, committed 47104K, reserved 1089536K
  class space    used 6456K, capacity 6519K, committed 6656K, reserved 1048576K
}
Event: 7304.482 GC heap before
{Heap before GC invocations=14 (full 4):
 PSYoungGen      total 199168K, used 1868K [0x0000000781f80000, 0x000000078f000000, 0x00000007c0000000)
  eden space 186880K, 1% used [0x0000000781f80000,0x0000000782153388,0x000000078d600000)
  from space 12288K, 0% used [0x000000078d600000,0x000000078d600000,0x000000078e200000)
  to   space 13312K, 0% used [0x000000078e300000,0x000000078e300000,0x000000078f000000)
 ParOldGen       total 111616K, used 7764K [0x0000000705e00000, 0x000000070cb00000, 0x0000000781f80000)
  object space 111616K, 6% used [0x0000000705e00000,0x0000000706595098,0x000000070cb00000)
 Metaspace       used 46212K, capacity 46416K, committed 47104K, reserved 1089536K
  class space    used 6456K, capacity 6519K, committed 6656K, reserved 1048576K
Event: 7304.493 GC heap after
Heap after GC invocations=14 (full 4):
 PSYoungGen      total 199680K, used 64K [0x0000000781f80000, 0x000000078f100000, 0x00000007c0000000)
  eden space 186368K, 0% used [0x0000000781f80000,0x0000000781f80000,0x000000078d580000)
  from space 13312K, 0% used [0x000000078e300000,0x000000078e310000,0x000000078f000000)
  to   space 13824K, 0% used [0x000000078d580000,0x000000078d580000,0x000000078e300000)
 ParOldGen       total 111616K, used 7764K [0x0000000705e00000, 0x000000070cb00000, 0x0000000781f80000)
  object space 111616K, 6% used [0x0000000705e00000,0x0000000706595098,0x000000070cb00000)
 Metaspace       used 46212K, capacity 46416K, committed 47104K, reserved 1089536K
  class space    used 6456K, capacity 6519K, committed 6656K, reserved 1048576K
}
Event: 7304.493 GC heap before
{Heap before GC invocations=15 (full 5):
 PSYoungGen      total 199680K, used 64K [0x0000000781f80000, 0x000000078f100000, 0x00000007c0000000)
  eden space 186368K, 0% used [0x0000000781f80000,0x0000000781f80000,0x000000078d580000)
  from space 13312K, 0% used [0x000000078e300000,0x000000078e310000,0x000000078f000000)
  to   space 13824K, 0% used [0x000000078d580000,0x000000078d580000,0x000000078e300000)
 ParOldGen       total 111616K, used 7764K [0x0000000705e00000, 0x000000070cb00000, 0x0000000781f80000)
  object space 111616K, 6% used [0x0000000705e00000,0x0000000706595098,0x000000070cb00000)
 Metaspace       used 46212K, capacity 46416K, committed 47104K, reserved 1089536K
  class space    used 6456K, capacity 6519K, committed 6656K, reserved 1048576K
Event: 7304.565 GC heap after
Heap after GC invocations=15 (full 5):
 PSYoungGen      total 199680K, used 0K [0x0000000781f80000, 0x000000078f100000, 0x00000007c0000000)
  eden space 186368K, 0% used [0x0000000781f80000,0x0000000781f80000,0x000000078d580000)
  from space 13312K, 0% used [0x000000078e300000,0x000000078e300000,0x000000078f000000)
  to   space 13824K, 0% used [0x000000078d580000,0x000000078d580000,0x000000078e300000)
 ParOldGen       total 111616K, used 7762K [0x0000000705e00000, 0x000000070cb00000, 0x0000000781f80000)
  object space 111616K, 6% used [0x0000000705e00000,0x0000000706594840,0x000000070cb00000)
 Metaspace       used 46212K, capacity 46416K, committed 47104K, reserved 1089536K
  class space    used 6456K, capacity 6519K, committed 6656K, reserved 1048576K
}
Event: 7304.592 GC heap before
{Heap before GC invocations=16 (full 5):
 PSYoungGen      total 199680K, used 4277K [0x0000000781f80000, 0x000000078f100000, 0x00000007c0000000)
  eden space 186368K, 2% used [0x0000000781f80000,0x00000007823ad5c8,0x000000078d580000)
  from space 13312K, 0% used [0x000000078e300000,0x000000078e300000,0x000000078f000000)
  to   space 13824K, 0% used [0x000000078d580000,0x000000078d580000,0x000000078e300000)
 ParOldGen       total 111616K, used 7762K [0x0000000705e00000, 0x000000070cb00000, 0x0000000781f80000)
  object space 111616K, 6% used [0x0000000705e00000,0x0000000706594840,0x000000070cb00000)
 Metaspace       used 46215K, capacity 46416K, committed 47104K, reserved 1089536K
  class space    used 6456K, capacity 6519K, committed 6656K, reserved 1048576K
Event: 7304.595 GC heap after
Heap after GC invocations=16 (full 5):
 PSYoungGen      total 200192K, used 32K [0x0000000781f80000, 0x000000078f100000, 0x00000007c0000000)
  eden space 186368K, 0% used [0x0000000781f80000,0x0000000781f80000,0x000000078d580000)
  from space 13824K, 0% used [0x000000078d580000,0x000000078d588000,0x000000078e300000)
  to   space 13824K, 0% used [0x000000078e380000,0x000000078e380000,0x000000078f100000)
 ParOldGen       total 111616K, used 7762K [0x0000000705e00000, 0x000000070cb00000, 0x0000000781f80000)
  object space 111616K, 6% used [0x0000000705e00000,0x0000000706594840,0x000000070cb00000)
 Metaspace       used 46215K, capacity 46416K, committed 47104K, reserved 1089536K
  class space    used 6456K, capacity 6519K, committed 6656K, reserved 1048576K
}
Event: 7304.595 GC heap before
{Heap before GC invocations=17 (full 6):
 PSYoungGen      total 200192K, used 32K [0x0000000781f80000, 0x000000078f100000, 0x00000007c0000000)
  eden space 186368K, 0% used [0x0000000781f80000,0x0000000781f80000,0x000000078d580000)
  from space 13824K, 0% used [0x000000078d580000,0x000000078d588000,0x000000078e300000)
  to   space 13824K, 0% used [0x000000078e380000,0x000000078e380000,0x000000078f100000)
 ParOldGen       total 111616K, used 7762K [0x0000000705e00000, 0x000000070cb00000, 0x0000000781f80000)
  object space 111616K, 6% used [0x0000000705e00000,0x0000000706594840,0x000000070cb00000)
 Metaspace       used 46215K, capacity 46416K, committed 47104K, reserved 1089536K
  class space    used 6456K, capacity 6519K, committed 6656K, reserved 1048576K
Event: 7304.803 GC heap after
Heap after GC invocations=17 (full 6):
 PSYoungGen      total 200192K, used 0K [0x0000000781f80000, 0x000000078f100000, 0x00000007c0000000)
  eden space 186368K, 0% used [0x0000000781f80000,0x0000000781f80000,0x000000078d580000)
  from space 13824K, 0% used [0x000000078d580000,0x000000078d580000,0x000000078e300000)
  to   space 13824K, 0% used [0x000000078e380000,0x000000078e380000,0x000000078f100000)
 ParOldGen       total 111616K, used 7692K [0x0000000705e00000, 0x000000070cb00000, 0x0000000781f80000)
  object space 111616K, 6% used [0x0000000705e00000,0x00000007065831a0,0x000000070cb00000)
 Metaspace       used 46215K, capacity 46416K, committed 47104K, reserved 1089536K
  class space    used 6456K, capacity 6519K, committed 6656K, reserved 1048576K
}

Deoptimization events (10 events):
Event: 7.020 Thread 0x00007f1ff401d000 Uncommon trap: reason=unstable_if action=reinterpret pc=0x00007f205d6e0f7c method=java.lang.StringCoding$StringEncoder.encode([CII)[B @ 20
Event: 7.124 Thread 0x00007f1ff4021000 Uncommon trap: reason=unstable_if action=reinterpret pc=0x00007f205d42e2cc method=java.util.concurrent.ConcurrentHashMap.transfer([Ljava/util/concurrent/ConcurrentHashMap$Node;[Ljava/util/concurrent/ConcurrentHashMap$Node;)V @ 34
Event: 7.124 Thread 0x00007f1ff401b800 Uncommon trap: reason=unstable_if action=reinterpret pc=0x00007f205d588750 method=java.util.concurrent.ConcurrentHashMap.addCount(JI)V @ 168
Event: 7.292 Thread 0x00007f1ff401b800 Uncommon trap: reason=class_check action=maybe_recompile pc=0x00007f205d16f80c method=java.io.ObjectInputStream$PeekInputStream.read([BII)I @ 20
Event: 7.292 Thread 0x00007f1ff401f800 Uncommon trap: reason=class_check action=maybe_recompile pc=0x00007f205d16f80c method=java.io.ObjectInputStream$PeekInputStream.read([BII)I @ 20
Event: 7.292 Thread 0x00007f1ff4021000 Uncommon trap: reason=class_check action=maybe_recompile pc=0x00007f205d16f80c method=java.io.ObjectInputStream$PeekInputStream.read([BII)I @ 20
Event: 7.292 Thread 0x00007f1ff401f800 Uncommon trap: reason=class_check action=maybe_recompile pc=0x00007f205d16f80c method=java.io.ObjectInputStream$PeekInputStream.read([BII)I @ 20
Event: 7.292 Thread 0x00007f1ff4021000 Uncommon trap: reason=class_check action=maybe_recompile pc=0x00007f205d16f80c method=java.io.ObjectInputStream$PeekInputStream.read([BII)I @ 20
Event: 7304.575 Thread 0x00007f1ffc002800 Uncommon trap: reason=unstable_if action=reinterpret pc=0x00007f205d2d6970 method=java.lang.ref.SoftReference.get()Ljava/lang/Object; @ 6
Event: 7304.583 Thread 0x00007f206d30f000 Uncommon trap: reason=unstable_if action=reinterpret pc=0x00007f205d135e14 method=java.lang.ref.SoftReference.get()Ljava/lang/Object; @ 6

Classes redefined (10 events):
Event: 7303.961 Thread 0x00007f206c14a000 redefined class name=TopNInGroups.TopNInGroups$$anonfun$2, count=2
Event: 7303.974 Thread 0x00007f206c14a000 redefined class name=TopNInGroups.TopNInGroups$, count=2
Event: 7303.988 Thread 0x00007f206c14a000 redefined class name=TopNInGroups.TopNInGroups$$anonfun$main$2, count=2
Event: 7304.003 Thread 0x00007f206c14a000 redefined class name=TopNInGroups.TopNInGroups$$anonfun$1, count=2
Event: 7338.935 Thread 0x00007f206c14a000 redefined class name=TopNInGroups.TopNInGroups$$anonfun$main$1, count=3
Event: 7338.957 Thread 0x00007f206c14a000 redefined class name=TopNInGroups.TopNInGroups, count=3
Event: 7338.999 Thread 0x00007f206c14a000 redefined class name=TopNInGroups.TopNInGroups$$anonfun$2, count=3
Event: 7339.028 Thread 0x00007f206c14a000 redefined class name=TopNInGroups.TopNInGroups$, count=3
Event: 7339.041 Thread 0x00007f206c14a000 redefined class name=TopNInGroups.TopNInGroups$$anonfun$main$2, count=3
Event: 7339.055 Thread 0x00007f206c14a000 redefined class name=TopNInGroups.TopNInGroups$$anonfun$1, count=3

Internal exceptions (10 events):
Event: 7.149 Thread 0x00007f1ff4021000 Exception <a 'java/lang/NoSuchMethodError': <clinit>> (0x00000007829a9bb0) thrown at [/HUDSON/workspace/8-2-build-linux-amd64/jdk8u181/11358/hotspot/src/share/vm/prims/jni.cpp, line 1613]
Event: 7.157 Thread 0x00007f1ff4021000 Exception <a 'java/lang/NoSuchMethodError': <clinit>> (0x00000007829c4b90) thrown at [/HUDSON/workspace/8-2-build-linux-amd64/jdk8u181/11358/hotspot/src/share/vm/prims/jni.cpp, line 1613]
Event: 7.157 Thread 0x00007f1ff401b800 Exception <a 'java/lang/NoSuchMethodError': <clinit>> (0x0000000782ad8b78) thrown at [/HUDSON/workspace/8-2-build-linux-amd64/jdk8u181/11358/hotspot/src/share/vm/prims/jni.cpp, line 1613]
Event: 7.157 Thread 0x00007f1ff401f800 Exception <a 'java/lang/NoSuchMethodError': <clinit>> (0x0000000782a24fa0) thrown at [/HUDSON/workspace/8-2-build-linux-amd64/jdk8u181/11358/hotspot/src/share/vm/prims/jni.cpp, line 1613]
Event: 7.158 Thread 0x00007f1ff401d000 Exception <a 'java/lang/NoSuchMethodError': <clinit>> (0x0000000782af3a98) thrown at [/HUDSON/workspace/8-2-build-linux-amd64/jdk8u181/11358/hotspot/src/share/vm/prims/jni.cpp, line 1613]
Event: 7.217 Thread 0x00007f206d2ee800 Exception <a 'java/lang/NoSuchMethodError': <clinit>> (0x0000000782df5ee8) thrown at [/HUDSON/workspace/8-2-build-linux-amd64/jdk8u181/11358/hotspot/src/share/vm/prims/jni.cpp, line 1613]
Event: 7.229 Thread 0x00007f206d007800 Exception <a 'java/lang/NoSuchMethodError': <clinit>> (0x0000000783432390) thrown at [/HUDSON/workspace/8-2-build-linux-amd64/jdk8u181/11358/hotspot/src/share/vm/prims/jni.cpp, line 1613]
Event: 7.336 Thread 0x00007f206d2ee800 Exception <a 'java/lang/NoSuchMethodError': <clinit>> (0x0000000783402ed8) thrown at [/HUDSON/workspace/8-2-build-linux-amd64/jdk8u181/11358/hotspot/src/share/vm/prims/jni.cpp, line 1613]
Event: 7.346 Thread 0x00007f206d007800 Exception <a 'java/lang/NoSuchMethodError': <clinit>> (0x000000078346b420) thrown at [/HUDSON/workspace/8-2-build-linux-amd64/jdk8u181/11358/hotspot/src/share/vm/prims/jni.cpp, line 1613]
Event: 7304.575 Thread 0x00007f1ffc002800 Implicit null exception at 0x00007f205d2d5ed4 to 0x00007f205d2d6959

Events (10 events):
Event: 7305.364 Executing VM operation: ForceSafepoint done
Event: 7332.174 Executing VM operation: ChangeBreakpoints
Event: 7332.175 Executing VM operation: ChangeBreakpoints done
Event: 7332.253 Executing VM operation: ChangeBreakpoints
Event: 7332.255 Executing VM operation: ChangeBreakpoints done
Event: 7338.881 Executing VM operation: ChangeBreakpoints
Event: 7338.881 Executing VM operation: ChangeBreakpoints done
Event: 7338.903 Executing VM operation: RedefineClasses
Event: 7339.055 Executing VM operation: RedefineClasses done
Event: 7339.056 Executing VM operation: GetOrSetLocal


Dynamic libraries:
00400000-00401000 r-xp 00000000 08:02 12195038                           /opt/jdk/bin/java
00600000-00601000 rw-p 00000000 08:02 12195038                           /opt/jdk/bin/java
01d23000-01d65000 rw-p 00000000 00:00 0                                  [heap]
705e00000-70cb00000 rw-p 00000000 00:00 0 
70cb00000-781f80000 ---p 00000000 00:00 0 
781f80000-78f100000 rw-p 00000000 00:00 0 
78f100000-7c0000000 ---p 00000000 00:00 0 
7c0000000-7c0680000 rw-p 00000000 00:00 0 
7c0680000-800000000 ---p 00000000 00:00 0 
7f1fd4000000-7f1fd4021000 rw-p 00000000 00:00 0 
7f1fd4021000-7f1fd8000000 ---p 00000000 00:00 0 
7f1fdb9fc000-7f1fdb9ff000 ---p 00000000 00:00 0 
7f1fdb9ff000-7f1fdbafd000 rw-p 00000000 00:00 0 
7f1fdbafd000-7f1fdbb00000 ---p 00000000 00:00 0 
7f1fdbb00000-7f1fdbbfe000 rw-p 00000000 00:00 0 
7f1fdbbfe000-7f1fdbc01000 ---p 00000000 00:00 0 
7f1fdbc01000-7f1fdbcff000 rw-p 00000000 00:00 0 
7f1fdbcff000-7f1fdbd02000 ---p 00000000 00:00 0 
7f1fdbd02000-7f1fdbfc0000 rw-p 00000000 00:00 0 
7f1fdbfc0000-7f1fdc000000 ---p 00000000 00:00 0 
7f1fdc000000-7f1fdc021000 rw-p 00000000 00:00 0 
7f1fdc021000-7f1fe0000000 ---p 00000000 00:00 0 
7f1fe0000000-7f1fe0021000 rw-p 00000000 00:00 0 
7f1fe0021000-7f1fe4000000 ---p 00000000 00:00 0 
7f1fe4000000-7f1fe4021000 rw-p 00000000 00:00 0 
7f1fe4021000-7f1fe8000000 ---p 00000000 00:00 0 
7f1fe8000000-7f1fe8021000 rw-p 00000000 00:00 0 
7f1fe8021000-7f1fec000000 ---p 00000000 00:00 0 
7f1fec000000-7f1fec021000 rw-p 00000000 00:00 0 
7f1fec021000-7f1ff0000000 ---p 00000000 00:00 0 
7f1ff0000000-7f1ff0021000 rw-p 00000000 00:00 0 
7f1ff0021000-7f1ff4000000 ---p 00000000 00:00 0 
7f1ff4000000-7f1ff402c000 rw-p 00000000 00:00 0 
7f1ff402c000-7f1ff8000000 ---p 00000000 00:00 0 
7f1ff8000000-7f1ff8069000 rw-p 00000000 00:00 0 
7f1ff8069000-7f1ffc000000 ---p 00000000 00:00 0 
7f1ffc000000-7f1ffc060000 rw-p 00000000 00:00 0 
7f1ffc060000-7f2000000000 ---p 00000000 00:00 0 
7f2000000000-7f2000021000 rw-p 00000000 00:00 0 
7f2000021000-7f2004000000 ---p 00000000 00:00 0 
7f2004000000-7f2004021000 rw-p 00000000 00:00 0 
7f2004021000-7f2008000000 ---p 00000000 00:00 0 
7f2008000000-7f200804c000 rw-p 00000000 00:00 0 
7f200804c000-7f200c000000 ---p 00000000 00:00 0 
7f200c000000-7f200c021000 rw-p 00000000 00:00 0 
7f200c021000-7f2010000000 ---p 00000000 00:00 0 
7f2010000000-7f2010027000 rw-p 00000000 00:00 0 
7f2010027000-7f2014000000 ---p 00000000 00:00 0 
7f2014000000-7f201635b000 rw-p 00000000 00:00 0 
7f201635b000-7f2018000000 ---p 00000000 00:00 0 
7f2018000000-7f2019314000 rw-p 00000000 00:00 0 
7f2019314000-7f201c000000 ---p 00000000 00:00 0 
7f201c000000-7f201c021000 rw-p 00000000 00:00 0 
7f201c021000-7f2020000000 ---p 00000000 00:00 0 
7f2020000000-7f2022939000 rw-p 00000000 00:00 0 
7f2022939000-7f2024000000 ---p 00000000 00:00 0 
7f2024000000-7f20240a7000 rw-p 00000000 00:00 0 
7f20240a7000-7f2028000000 ---p 00000000 00:00 0 
7f2028000000-7f20280b4000 rw-p 00000000 00:00 0 
7f20280b4000-7f202c000000 ---p 00000000 00:00 0 
7f202c000000-7f202c040000 rw-p 00000000 00:00 0 
7f202c040000-7f2030000000 ---p 00000000 00:00 0 
7f2030000000-7f2030021000 rw-p 00000000 00:00 0 
7f2030021000-7f2034000000 ---p 00000000 00:00 0 
7f2034000000-7f2034046000 rw-p 00000000 00:00 0 
7f2034046000-7f2038000000 ---p 00000000 00:00 0 
7f2038000000-7f203804f000 rw-p 00000000 00:00 0 
7f203804f000-7f203c000000 ---p 00000000 00:00 0 
7f203c000000-7f203c35b000 rw-p 00000000 00:00 0 
7f203c35b000-7f2040000000 ---p 00000000 00:00 0 
7f204006b000-7f204006e000 ---p 00000000 00:00 0 
7f204006e000-7f204016c000 rw-p 00000000 00:00 0 
7f204016c000-7f204016f000 ---p 00000000 00:00 0 
7f204016f000-7f204026d000 rw-p 00000000 00:00 0 
7f204026d000-7f2040270000 ---p 00000000 00:00 0 
7f2040270000-7f204036e000 rw-p 00000000 00:00 0 
7f204036e000-7f2040371000 ---p 00000000 00:00 0 
7f2040371000-7f204046f000 rw-p 00000000 00:00 0 
7f204046f000-7f2040472000 ---p 00000000 00:00 0 
7f2040472000-7f2040770000 rw-p 00000000 00:00 0 
7f2040770000-7f2040970000 rw-p 00000000 00:00 0 
7f2040970000-7f2040973000 ---p 00000000 00:00 0 
7f2040973000-7f2040c71000 rw-p 00000000 00:00 0 
7f2040c71000-7f2040c7e000 r-xp 00000000 08:02 10094818                   /tmp/liblz4-java320179219959165646.so
7f2040c7e000-7f2040e7d000 ---p 0000d000 08:02 10094818                   /tmp/liblz4-java320179219959165646.so
7f2040e7d000-7f2040e7e000 rw-p 0000c000 08:02 10094818                   /tmp/liblz4-java320179219959165646.so
7f2040e7e000-7f204107e000 rw-p 00000000 00:00 0 
7f20410e6000-7f20410e9000 ---p 00000000 00:00 0 
7f20410e9000-7f20413e7000 rw-p 00000000 00:00 0 
7f20413e7000-7f20415e7000 rw-p 00000000 00:00 0 
7f20415e7000-7f20415ea000 ---p 00000000 00:00 0 
7f20415ea000-7f20418e8000 rw-p 00000000 00:00 0 
7f20418e8000-7f20418eb000 ---p 00000000 00:00 0 
7f20418eb000-7f20419e9000 rw-p 00000000 00:00 0 
7f20419e9000-7f20419ec000 ---p 00000000 00:00 0 
7f20419ec000-7f2041aea000 rw-p 00000000 00:00 0 
7f2041aea000-7f2041aed000 ---p 00000000 00:00 0 
7f2041aed000-7f2041beb000 rw-p 00000000 00:00 0 
7f2041beb000-7f2041bee000 ---p 00000000 00:00 0 
7f2041bee000-7f2041eec000 rw-p 00000000 00:00 0 
7f2041eec000-7f2041eef000 ---p 00000000 00:00 0 
7f2041eef000-7f2041fed000 rw-p 00000000 00:00 0 
7f2041fed000-7f2041ff0000 ---p 00000000 00:00 0 
7f2041ff0000-7f20420ee000 rw-p 00000000 00:00 0 
7f20420ee000-7f20420f1000 ---p 00000000 00:00 0 
7f20420f1000-7f20421ef000 rw-p 00000000 00:00 0 
7f20421ef000-7f20421f2000 ---p 00000000 00:00 0 
7f20421f2000-7f2048000000 rw-p 00000000 00:00 0 
7f2048000000-7f2048032000 rw-p 00000000 00:00 0 
7f2048032000-7f204c000000 ---p 00000000 00:00 0 
7f204c000000-7f204c021000 rw-p 00000000 00:00 0 
7f204c021000-7f2050000000 ---p 00000000 00:00 0 
7f2050000000-7f2050024000 rw-p 00000000 00:00 0 
7f2050024000-7f2054000000 ---p 00000000 00:00 0 
7f205408d000-7f2054090000 ---p 00000000 00:00 0 
7f2054090000-7f205418e000 rw-p 00000000 00:00 0 
7f205418e000-7f2054191000 ---p 00000000 00:00 0 
7f2054191000-7f205448f000 rw-p 00000000 00:00 0 
7f205448f000-7f2054492000 ---p 00000000 00:00 0 
7f2054492000-7f2054590000 rw-p 00000000 00:00 0 
7f2054590000-7f2054593000 ---p 00000000 00:00 0 
7f2054593000-7f2054691000 rw-p 00000000 00:00 0 
7f2054691000-7f2054694000 ---p 00000000 00:00 0 
7f2054694000-7f2054792000 rw-p 00000000 00:00 0 
7f2054792000-7f2054795000 ---p 00000000 00:00 0 
7f2054795000-7f2054893000 rw-p 00000000 00:00 0 
7f2054893000-7f2054896000 ---p 00000000 00:00 0 
7f2054896000-7f2054994000 rw-p 00000000 00:00 0 
7f2054994000-7f2054997000 ---p 00000000 00:00 0 
7f2054997000-7f2054a95000 rw-p 00000000 00:00 0 
7f2054a95000-7f2054a98000 ---p 00000000 00:00 0 
7f2054a98000-7f2054b96000 rw-p 00000000 00:00 0 
7f2054b96000-7f2054b99000 ---p 00000000 00:00 0 
7f2054b99000-7f2054c97000 rw-p 00000000 00:00 0 
7f2054c97000-7f2054c9a000 ---p 00000000 00:00 0 
7f2054c9a000-7f2054f98000 rw-p 00000000 00:00 0 
7f2054f98000-7f2054f9b000 ---p 00000000 00:00 0 
7f2054f9b000-7f2055099000 rw-p 00000000 00:00 0 
7f2055099000-7f205509c000 ---p 00000000 00:00 0 
7f205509c000-7f205519a000 rw-p 00000000 00:00 0 
7f205519a000-7f205519d000 ---p 00000000 00:00 0 
7f205519d000-7f205529b000 rw-p 00000000 00:00 0 
7f205529b000-7f205529e000 ---p 00000000 00:00 0 
7f205529e000-7f205539c000 rw-p 00000000 00:00 0 
7f205539c000-7f205539f000 ---p 00000000 00:00 0 
7f205539f000-7f205549d000 rw-p 00000000 00:00 0 
7f205549d000-7f20554a0000 ---p 00000000 00:00 0 
7f20554a0000-7f205559e000 rw-p 00000000 00:00 0 
7f205559e000-7f20555a1000 ---p 00000000 00:00 0 
7f20555a1000-7f205569f000 rw-p 00000000 00:00 0 
7f205569f000-7f20556a2000 ---p 00000000 00:00 0 
7f20556a2000-7f20557a0000 rw-p 00000000 00:00 0 
7f20557a0000-7f20557a3000 ---p 00000000 00:00 0 
7f20557a3000-7f2055aa1000 rw-p 00000000 00:00 0 
7f2055aa1000-7f2055ab2000 r-xp 00000000 08:02 13240889                   /opt/jdk/jre/lib/amd64/libnio.so
7f2055ab2000-7f2055cb1000 ---p 00011000 08:02 13240889                   /opt/jdk/jre/lib/amd64/libnio.so
7f2055cb1000-7f2055cb2000 rw-p 00010000 08:02 13240889                   /opt/jdk/jre/lib/amd64/libnio.so
7f2055cb2000-7f2055cb5000 ---p 00000000 00:00 0 
7f2055cb5000-7f2055db3000 rw-p 00000000 00:00 0 
7f2055db3000-7f2055db6000 ---p 00000000 00:00 0 
7f2055db6000-7f2055eb4000 rw-p 00000000 00:00 0 
7f2055eb4000-7f2055eb7000 ---p 00000000 00:00 0 
7f2055eb7000-7f20561b5000 rw-p 00000000 00:00 0 
7f20561b5000-7f20561b6000 r-xp 00000000 08:02 13240871                   /opt/jdk/jre/lib/amd64/libjaas_unix.so
7f20561b6000-7f20563b5000 ---p 00001000 08:02 13240871                   /opt/jdk/jre/lib/amd64/libjaas_unix.so
7f20563b5000-7f20563b6000 rw-p 00000000 08:02 13240871                   /opt/jdk/jre/lib/amd64/libjaas_unix.so
7f20563b6000-7f20563b9000 ---p 00000000 00:00 0 
7f20563b9000-7f20564b7000 rw-p 00000000 00:00 0 
7f20564b7000-7f20564ba000 ---p 00000000 00:00 0 
7f20564ba000-7f20566f0000 rw-p 00000000 00:00 0 
7f20566f0000-7f20568f0000 rw-p 00000000 00:00 0 
7f20568f0000-7f20568f9000 r-xp 00000000 08:02 13240894                   /opt/jdk/jre/lib/amd64/libmanagement.so
7f20568f9000-7f2056af8000 ---p 00009000 08:02 13240894                   /opt/jdk/jre/lib/amd64/libmanagement.so
7f2056af8000-7f2056af9000 rw-p 00008000 08:02 13240894                   /opt/jdk/jre/lib/amd64/libmanagement.so
7f2056af9000-7f2056cf9000 rw-p 00000000 00:00 0 
7f2056cf9000-7f2056cfa000 r--p 00000000 08:02 8388791                    /lib/x86_64-linux-gnu/libnss_dns-2.28.so
7f2056cfa000-7f2056cfe000 r-xp 00001000 08:02 8388791                    /lib/x86_64-linux-gnu/libnss_dns-2.28.so
7f2056cfe000-7f2056cff000 r--p 00005000 08:02 8388791                    /lib/x86_64-linux-gnu/libnss_dns-2.28.so
7f2056cff000-7f2056d00000 r--p 00005000 08:02 8388791                    /lib/x86_64-linux-gnu/libnss_dns-2.28.so
7f2056d00000-7f2056d01000 rw-p 00006000 08:02 8388791                    /lib/x86_64-linux-gnu/libnss_dns-2.28.so
7f2056d01000-7f2056d05000 r--p 00000000 08:02 8388798                    /lib/x86_64-linux-gnu/libresolv-2.28.so
7f2056d05000-7f2056d14000 r-xp 00004000 08:02 8388798                    /lib/x86_64-linux-gnu/libresolv-2.28.so
7f2056d14000-7f2056d18000 r--p 00013000 08:02 8388798                    /lib/x86_64-linux-gnu/libresolv-2.28.so
7f2056d18000-7f2056d19000 r--p 00016000 08:02 8388798                    /lib/x86_64-linux-gnu/libresolv-2.28.so
7f2056d19000-7f2056d1a000 rw-p 00017000 08:02 8388798                    /lib/x86_64-linux-gnu/libresolv-2.28.so
7f2056d1a000-7f2056d1c000 rw-p 00000000 00:00 0 
7f2056d1c000-7f2056d1f000 r-xp 00000000 08:02 8391548                    /lib/x86_64-linux-gnu/libnss_mdns4_minimal.so.2
7f2056d1f000-7f2056f1e000 ---p 00003000 08:02 8391548                    /lib/x86_64-linux-gnu/libnss_mdns4_minimal.so.2
7f2056f1e000-7f2056f1f000 r--p 00002000 08:02 8391548                    /lib/x86_64-linux-gnu/libnss_mdns4_minimal.so.2
7f2056f1f000-7f2056f20000 rw-p 00003000 08:02 8391548                    /lib/x86_64-linux-gnu/libnss_mdns4_minimal.so.2
7f2056f43000-7f2056f48000 r--s 0009d000 08:02 13240831                   /opt/jdk/jre/lib/jsse.jar
7f2056f48000-7f2056f5e000 r-xp 00000000 08:02 13240886                   /opt/jdk/jre/lib/amd64/libnet.so
7f2056f5e000-7f205715e000 ---p 00016000 08:02 13240886                   /opt/jdk/jre/lib/amd64/libnet.so
7f205715e000-7f205715f000 rw-p 00016000 08:02 13240886                   /opt/jdk/jre/lib/amd64/libnet.so
7f205715f000-7f2057160000 ---p 00000000 00:00 0 
7f2057160000-7f2057260000 rw-p 00000000 00:00 0 
7f2057260000-7f2057263000 ---p 00000000 00:00 0 
7f2057263000-7f2057361000 rw-p 00000000 00:00 0 
7f2057361000-7f2057362000 ---p 00000000 00:00 0 
7f2057362000-7f2057365000 ---p 00000000 00:00 0 
7f2057365000-7f2057462000 rw-p 00000000 00:00 0 
7f2057462000-7f2057463000 ---p 00000000 00:00 0 
7f2057463000-7f2057466000 ---p 00000000 00:00 0 
7f2057466000-7f2057563000 rw-p 00000000 00:00 0 
7f2057563000-7f2057564000 ---p 00000000 00:00 0 
7f2057564000-7f2057567000 ---p 00000000 00:00 0 
7f2057567000-7f2057664000 rw-p 00000000 00:00 0 
7f2057664000-7f205766b000 r--s 00064000 08:02 11804476                   /opt/idea/lib/rt/debugger-agent.jar
7f205766b000-7f205766d000 r--s 0001a000 08:02 11804353                   /opt/idea/lib/idea_rt.jar
7f205766d000-7f205766f000 r--s 00003000 08:02 3934015                    /home/liuyongdun/.m2/repository/org/apache/hadoop/hadoop-annotations/2.7.1/hadoop-annotations-2.7.1.jar
7f205766f000-7f2057671000 r--s 00008000 08:02 4325680                    /home/liuyongdun/.m2/repository/org/apache/hadoop/hadoop-mapreduce-client-jobclient/2.7.1/hadoop-mapreduce-client-jobclient-2.7.1.jar
7f2057671000-7f2057672000 r--s 00006000 08:02 4325619                    /home/liuyongdun/.m2/repository/org/codehaus/jackson/jackson-xc/1.9.13/jackson-xc-1.9.13.jar
7f2057672000-7f2057673000 r--s 00004000 08:02 4325607                    /home/liuyongdun/.m2/repository/org/codehaus/jackson/jackson-jaxrs/1.9.13/jackson-jaxrs-1.9.13.jar
7f2057673000-7f2057676000 r--s 0001d000 08:02 4325600                    /home/liuyongdun/.m2/repository/com/sun/jersey/jersey-client/1.9/jersey-client-1.9.jar
7f2057676000-7f2057680000 r--s 00066000 08:02 3932941                    /home/liuyongdun/.m2/repository/com/sun/jersey/jersey-core/1.9/jersey-core-1.9.jar
7f2057680000-7f2057682000 r--s 00018000 08:02 3803316                    /home/liuyongdun/.m2/repository/javax/servlet/servlet-api/2.5/servlet-api-2.5.jar
7f2057682000-7f2057684000 r--s 00004000 08:02 3932951                    /home/liuyongdun/.m2/repository/javax/xml/stream/stax-api/1.0-2/stax-api-1.0-2.jar
7f2057684000-7f2057687000 r--s 00017000 08:02 3932949                    /home/liuyongdun/.m2/repository/javax/xml/bind/jaxb-api/2.2.2/jaxb-api-2.2.2.jar
7f2057687000-7f205769e000 r--s 0017d000 08:02 4325690                    /home/liuyongdun/.m2/repository/org/apache/hadoop/hadoop-yarn-common/2.7.1/hadoop-yarn-common-2.7.1.jar
7f205769e000-7f20576b7000 r--s 00161000 08:02 4325679                    /home/liuyongdun/.m2/repository/org/apache/hadoop/hadoop-mapreduce-client-core/2.7.1/hadoop-mapreduce-client-core-2.7.1.jar
7f20576b7000-7f20576d4000 r--s 001d0000 08:02 4325683                    /home/liuyongdun/.m2/repository/org/apache/hadoop/hadoop-yarn-api/2.7.1/hadoop-yarn-api-2.7.1.jar
7f20576d4000-7f20576d5000 r--s 0000a000 08:02 4325689                    /home/liuyongdun/.m2/repository/org/apache/hadoop/hadoop-mapreduce-client-shuffle/2.7.1/hadoop-mapreduce-client-shuffle-2.7.1.jar
7f20576d5000-7f20576dc000 r--s 00052000 08:02 4325696                    /home/liuyongdun/.m2/repository/org/apache/hadoop/hadoop-yarn-server-common/2.7.1/hadoop-yarn-server-common-2.7.1.jar
7f20576dc000-7f20576df000 r--s 00020000 08:02 4325684                    /home/liuyongdun/.m2/repository/org/apache/hadoop/hadoop-yarn-client/2.7.1/hadoop-yarn-client-2.7.1.jar
7f20576df000-7f20576ec000 r--s 000ab000 08:02 4325681                    /home/liuyongdun/.m2/repository/org/apache/hadoop/hadoop-mapreduce-client-common/2.7.1/hadoop-mapreduce-client-common-2.7.1.jar
7f20576ec000-7f20576f6000 r--s 00075000 08:02 4325678                    /home/liuyongdun/.m2/repository/org/apache/hadoop/hadoop-mapreduce-client-app/2.7.1/hadoop-mapreduce-client-app-2.7.1.jar
7f20576f6000-7f20576fe000 r--s 00028000 08:02 3803282                    /home/liuyongdun/.m2/repository/xml-apis/xml-apis/1.3.04/xml-apis-1.3.04.jar
7f20576fe000-7f2057716000 r--s 00115000 08:02 3803280                    /home/liuyongdun/.m2/repository/xerces/xercesImpl/2.9.1/xercesImpl-2.9.1.jar
7f2057716000-7f205771a000 r--s 00028000 08:02 3933034                    /home/liuyongdun/.m2/repository/org/mortbay/jetty/jetty-util/6.1.26/jetty-util-6.1.26.jar
7f205771a000-7f2057784000 r--s 00777000 08:02 3933650                    /home/liuyongdun/.m2/repository/org/apache/hadoop/hadoop-hdfs/2.7.1/hadoop-hdfs-2.7.1.jar
7f2057784000-7f205779d000 r--s 00150000 08:02 3933652                    /home/liuyongdun/.m2/repository/org/apache/htrace/htrace-core/3.1.0-incubating/htrace-core-3.1.0-incubating.jar
7f205779d000-7f205779f000 r--s 0000f000 08:02 3933035                    /home/liuyongdun/.m2/repository/org/apache/curator/curator-client/2.7.1/curator-client-2.7.1.jar
7f205779f000-7f20577a1000 r--s 00012000 08:02 3933023                    /home/liuyongdun/.m2/repository/org/apache/directory/api/api-util/1.0.0-M20/api-util-1.0.0-M20.jar
7f20577a1000-7f20577a3000 r--s 00003000 08:02 3933021                    /home/liuyongdun/.m2/repository/org/apache/directory/api/api-asn1-api/1.0.0-M20/api-asn1-api-1.0.0-M20.jar
7f20577a3000-7f20577a4000 r--s 0000a000 08:02 3933019                    /home/liuyongdun/.m2/repository/org/apache/directory/server/apacheds-i18n/2.0.0-M15/apacheds-i18n-2.0.0-M15.jar
7f20577a4000-7f20577b6000 r--s 00097000 08:02 3933017                    /home/liuyongdun/.m2/repository/org/apache/directory/server/apacheds-kerberos-codec/2.0.0-M15/apacheds-kerberos-codec-2.0.0-M15.jar
7f20577b6000-7f20577b9000 r--s 0000f000 08:02 3934033                    /home/liuyongdun/.m2/repository/org/apache/hadoop/hadoop-auth/2.7.1/hadoop-auth-2.7.1.jar
7f20577b9000-7f20577be000 r--s 0002a000 08:02 3933007                    /home/liuyongdun/.m2/repository/com/google/code/gson/gson/2.2.4/gson-2.2.4.jar
7f20577be000-7f20577c6000 r--s 0007b000 08:02 3932982                    /home/liuyongdun/.m2/repository/com/google/protobuf/protobuf-java/2.5.0/protobuf-java-2.5.0.jar
7f20577c6000-7f20577ca000 r--s 0002f000 08:02 3932935                    /home/liuyongdun/.m2/repository/commons-beanutils/commons-beanutils-core/1.8.0/commons-beanutils-core-1.8.0.jar
7f20577ca000-7f20577cf000 r--s 0002a000 08:02 3803324                    /home/liuyongdun/.m2/repository/commons-beanutils/commons-beanutils/1.7.0/commons-beanutils-1.7.0.jar
7f20577cf000-7f20577d3000 r--s 00020000 08:02 3803326                    /home/liuyongdun/.m2/repository/commons-digester/commons-digester/1.8/commons-digester-1.8.jar
7f20577d3000-7f20577d9000 r--s 00043000 08:02 3932981                    /home/liuyongdun/.m2/repository/commons-configuration/commons-configuration/1.6/commons-configuration-1.6.jar
7f20577d9000-7f20577de000 r--s 00041000 08:02 3932943                    /home/liuyongdun/.m2/repository/commons-lang/commons-lang/2.6/commons-lang-2.6.jar
7f20577de000-7f20577e0000 r--s 0000e000 08:02 3932994                    /home/liuyongdun/.m2/repository/commons-logging/commons-logging/1.1.3/commons-logging-1.1.3.jar
7f20577e0000-7f20577e3000 r--s 00016000 08:02 3932937                    /home/liuyongdun/.m2/repository/javax/servlet/jsp/jsp-api/2.1/jsp-api-2.1.jar
7f20577e3000-7f20577f1000 r--s 0007f000 08:02 3802667                    /home/liuyongdun/.m2/repository/commons-collections/commons-collections/3.2.1/commons-collections-3.2.1.jar
7f20577f1000-7f20577f5000 r--s 0002a000 08:02 3803433                    /home/liuyongdun/.m2/repository/commons-io/commons-io/2.4/commons-io-2.4.jar
7f20577f5000-7f20577fb000 r--s 00045000 08:02 3934017                    /home/liuyongdun/.m2/repository/commons-httpclient/commons-httpclient/3.1/commons-httpclient-3.1.jar
7f20577fb000-7f20577fc000 r--s 00003000 08:02 3932987                    /home/liuyongdun/.m2/repository/xmlenc/xmlenc/0.52/xmlenc-0.52.jar
7f20577fc000-7f20577fe000 r--s 00009000 08:02 3932967                    /home/liuyongdun/.m2/repository/commons-cli/commons-cli/1.2/commons-cli-1.2.jar
7f20577fe000-7f2057834000 r--s 00310000 08:02 3934013                    /home/liuyongdun/.m2/repository/org/apache/hadoop/hadoop-common/2.7.1/hadoop-common-2.7.1.jar
7f2057834000-7f2057835000 r--s 00000000 08:02 4325676                    /home/liuyongdun/.m2/repository/org/apache/hadoop/hadoop-client/2.7.1/hadoop-client-2.7.1.jar
7f2057835000-7f2057836000 r--s 00000000 08:02 6294163                    /home/liuyongdun/.m2/repository/org/spark-project/spark/unused/1.0.0/unused-1.0.0.jar
7f2057836000-7f2057838000 r--s 0001f000 08:02 6294158                    /home/liuyongdun/.m2/repository/org/apache/commons/commons-crypto/1.0.0/commons-crypto-1.0.0.jar
7f2057838000-7f2057839000 r--s 00003000 08:02 6294295                    /home/liuyongdun/.m2/repository/org/apache/spark/spark-tags_2.11/2.3.3/spark-tags_2.11-2.3.3.jar
7f2057839000-7f205783b000 r--s 0001c000 08:02 6294292                    /home/liuyongdun/.m2/repository/net/sf/py4j/py4j/0.10.7/py4j-0.10.7.jar
7f205783b000-7f205783e000 r--s 00015000 08:02 6294290                    /home/liuyongdun/.m2/repository/net/razorvine/pyrolite/4.13/pyrolite-4.13.jar
7f205783e000-7f2057840000 r--s 0000e000 08:02 3803356                    /home/liuyongdun/.m2/repository/oro/oro/2.0.8/oro-2.0.8.jar
7f2057840000-7f2057856000 r--s 00124000 08:02 6294289                    /home/liuyongdun/.m2/repository/org/apache/ivy/ivy/2.4.0/ivy-2.4.0.jar
7f2057856000-7f2057858000 r--s 00009000 08:02 6294167                    /home/liuyongdun/.m2/repository/com/fasterxml/jackson/module/jackson-module-paranamer/2.7.9/jackson-module-paranamer-2.7.9.jar
7f2057858000-7f20578a4000 r--s 00411000 08:02 6294266                    /home/liuyongdun/.m2/repository/org/scala-lang/scala-reflect/2.11.8/scala-reflect-2.11.8.jar
7f20578a4000-7f20578b1000 r--s 00071000 08:02 6294272                    /home/liuyongdun/.m2/repository/com/fasterxml/jackson/module/jackson-module-scala_2.11/2.6.7.1/jackson-module-scala_2.11-2.6.7.1.jar
7f20578b1000-7f20578c2000 r--s 0010c000 08:02 4198500                    /home/liuyongdun/.m2/repository/com/fasterxml/jackson/core/jackson-databind/2.6.7.1/jackson-databind-2.6.7.1.jar
7f20578c2000-7f20578c4000 r--s 00004000 08:02 6294279                    /home/liuyongdun/.m2/repository/io/dropwizard/metrics/metrics-graphite/3.1.5/metrics-graphite-3.1.5.jar
7f20578c4000-7f20578c5000 r--s 00003000 08:02 6294234                    /home/liuyongdun/.m2/repository/io/dropwizard/metrics/metrics-json/3.1.5/metrics-json-3.1.5.jar
7f20578c5000-7f20578c7000 r--s 00008000 08:02 6294273                    /home/liuyongdun/.m2/repository/io/dropwizard/metrics/metrics-jvm/3.1.5/metrics-jvm-3.1.5.jar
7f20578c7000-7f20578cb000 r--s 0001a000 08:02 6294274                    /home/liuyongdun/.m2/repository/io/dropwizard/metrics/metrics-core/3.1.5/metrics-core-3.1.5.jar
7f20578cb000-7f20578ce000 r--s 00028000 08:02 6294262                    /home/liuyongdun/.m2/repository/com/clearspring/analytics/stream/2.7.0/stream-2.7.0.jar
7f20578ce000-7f20578e7000 r--s 0012c000 08:02 3937116                    /home/liuyongdun/.m2/repository/io/netty/netty/3.9.9.Final/netty-3.9.9.Final.jar
7f20578e7000-7f2057928000 r--s 0035a000 08:02 6294239                    /home/liuyongdun/.m2/repository/io/netty/netty-all/4.1.17.Final/netty-all-4.1.17.Final.jar
7f2057928000-7f205792b000 r--s 0000e000 08:02 6294232                    /home/liuyongdun/.m2/repository/org/glassfish/jersey/containers/jersey-container-servlet-core/2.22.2/jersey-container-servlet-core-2.22.2.jar
7f205792b000-7f205792d000 r--s 00003000 08:02 6294229                    /home/liuyongdun/.m2/repository/org/glassfish/jersey/containers/jersey-container-servlet/2.22.2/jersey-container-servlet-2.22.2.jar
7f205792d000-7f2057931000 r--s 0000c000 08:02 6294189                    /home/liuyongdun/.m2/repository/javax/validation/validation-api/1.1.0.Final/validation-api-1.1.0.Final.jar
7f2057931000-7f2057933000 r--s 00010000 08:02 6294261                    /home/liuyongdun/.m2/repository/org/glassfish/jersey/media/jersey-media-jaxb/2.22.2/jersey-media-jaxb-2.22.2.jar
7f2057933000-7f2057949000 r--s 000d3000 08:02 6294242                    /home/liuyongdun/.m2/repository/org/glassfish/jersey/core/jersey-server/2.22.2/jersey-server-2.22.2.jar
7f2057949000-7f205794a000 r--s 00004000 08:02 6294245                    /home/liuyongdun/.m2/repository/org/glassfish/hk2/osgi-resource-locator/1.0.1/osgi-resource-locator-1.0.1.jar
7f205794a000-7f2057962000 r--s 000d6000 08:02 6294253                    /home/liuyongdun/.m2/repository/org/glassfish/jersey/bundles/repackaged/jersey-guava/2.22.2/jersey-guava-2.22.2.jar
7f2057962000-7f2057964000 r--s 00005000 08:02 6294263                    /home/liuyongdun/.m2/repository/javax/annotation/javax.annotation-api/1.2/javax.annotation-api-1.2.jar
7f2057964000-7f2057972000 r--s 0009d000 08:02 6294248                    /home/liuyongdun/.m2/repository/org/glassfish/jersey/core/jersey-common/2.22.2/jersey-common-2.22.2.jar
7f2057972000-7f205797c000 r--s 000a5000 08:02 6294236                    /home/liuyongdun/.m2/repository/org/javassist/javassist/3.18.1-GA/javassist-3.18.1-GA.jar
7f205797c000-7f2057980000 r--s 00029000 08:02 6294235                    /home/liuyongdun/.m2/repository/org/glassfish/hk2/hk2-locator/2.4.0-b34/hk2-locator-2.4.0-b34.jar
7f2057980000-7f2057981000 r--s 00001000 08:02 6294244                    /home/liuyongdun/.m2/repository/org/glassfish/hk2/external/javax.inject/2.4.0-b34/javax.inject-2.4.0-b34.jar
7f2057981000-7f2057983000 r--s 00002000 08:02 6294243                    /home/liuyongdun/.m2/repository/org/glassfish/hk2/external/aopalliance-repackaged/2.4.0-b34/aopalliance-repackaged-2.4.0-b34.jar
7f2057983000-7f2057987000 r--s 0001a000 08:02 6294240                    /home/liuyongdun/.m2/repository/org/glassfish/hk2/hk2-utils/2.4.0-b34/hk2-utils-2.4.0-b34.jar
7f2057987000-7f205798c000 r--s 00027000 08:02 6294246                    /home/liuyongdun/.m2/repository/org/glassfish/hk2/hk2-api/2.4.0-b34/hk2-api-2.4.0-b34.jar
7f205798c000-7f2057990000 r--s 00019000 08:02 6294247                    /home/liuyongdun/.m2/repository/javax/ws/rs/javax.ws.rs-api/2.0.1/javax.ws.rs-api-2.0.1.jar
7f2057990000-7f2057994000 r--s 00025000 08:02 6294258                    /home/liuyongdun/.m2/repository/org/glassfish/jersey/core/jersey-client/2.22.2/jersey-client-2.22.2.jar
7f2057994000-7f205799f000 r--s 0005c000 08:02 6294228                    /home/liuyongdun/.m2/repository/org/scala-lang/modules/scala-parser-combinators_2.11/1.0.1/scala-parser-combinators_2.11-1.0.1.jar
7f205799f000-7f20579aa000 r--s 00096000 08:02 6294224                    /home/liuyongdun/.m2/repository/org/scala-lang/modules/scala-xml_2.11/1.0.1/scala-xml_2.11-1.0.1.jar
7f20579aa000-7f2057a9a000 r--s 00c16000 08:02 6294222                    /home/liuyongdun/.m2/repository/org/scala-lang/scala-compiler/2.11.0/scala-compiler-2.11.0.jar
7f2057a9a000-7f2057aac000 r--s 000ab000 08:02 6294220                    /home/liuyongdun/.m2/repository/org/scala-lang/scalap/2.11.0/scalap-2.11.0.jar
7f2057aac000-7f2057aaf000 r--s 00012000 08:02 6294216                    /home/liuyongdun/.m2/repository/org/json4s/json4s-ast_2.11/3.2.11/json4s-ast_2.11-3.2.11.jar
7f2057aaf000-7f2057ab9000 r--s 00086000 08:02 6294108                    /home/liuyongdun/.m2/repository/org/json4s/json4s-core_2.11/3.2.11/json4s-core_2.11-3.2.11.jar
7f2057ab9000-7f2057aba000 r--s 00009000 08:02 6294212                    /home/liuyongdun/.m2/repository/org/json4s/json4s-jackson_2.11/3.2.11/json4s-jackson_2.11-3.2.11.jar
7f2057aba000-7f2057abe000 r--s 00030000 08:02 6294208                    /home/liuyongdun/.m2/repository/commons-net/commons-net/2.2/commons-net-2.2.jar
7f2057abe000-7f2057ac1000 r--s 0002f000 08:02 6294206                    /home/liuyongdun/.m2/repository/org/roaringbitmap/RoaringBitmap/0.5.11/RoaringBitmap-0.5.11.jar
7f2057ac1000-7f2057ac3000 r--s 00238000 08:02 6294204                    /home/liuyongdun/.m2/repository/com/github/luben/zstd-jni/1.3.2-2/zstd-jni-1.3.2-2.jar
7f2057ac3000-7f2057ac6000 r--s 00058000 08:02 6294197                    /home/liuyongdun/.m2/repository/org/lz4/lz4-java/1.4.0/lz4-java-1.4.0.jar
7f2057ac6000-7f2057ac8000 r--s 00100000 08:02 6294196                    /home/liuyongdun/.m2/repository/org/xerial/snappy/snappy-java/1.1.2.6/snappy-java-1.1.2.6.jar
7f2057ac8000-7f2057aca000 r--s 00012000 08:02 6294200                    /home/liuyongdun/.m2/repository/com/ning/compress-lzf/1.0.3/compress-lzf-1.0.3.jar
7f2057aca000-7f2057acb000 r--s 00002000 08:02 6294194                    /home/liuyongdun/.m2/repository/org/slf4j/slf4j-log4j12/1.7.16/slf4j-log4j12-1.7.16.jar
7f2057acb000-7f2057ad4000 r--s 0006f000 08:02 3932970                    /home/liuyongdun/.m2/repository/log4j/log4j/1.2.17/log4j-1.2.17.jar
7f2057ad4000-7f2057ad6000 r--s 00003000 08:02 6294145                    /home/liuyongdun/.m2/repository/org/slf4j/jcl-over-slf4j/1.7.16/jcl-over-slf4j-1.7.16.jar
7f2057ad6000-7f2057ad8000 r--s 00000000 08:02 6294192                    /home/liuyongdun/.m2/repository/org/slf4j/jul-to-slf4j/1.7.16/jul-to-slf4j-1.7.16.jar
7f2057ad8000-7f2057ad9000 r--s 00009000 08:02 6294199                    /home/liuyongdun/.m2/repository/org/slf4j/slf4j-api/1.7.16/slf4j-api-1.7.16.jar
7f2057ad9000-7f2057adc000 r--s 00006000 08:02 3932911                    /home/liuyongdun/.m2/repository/com/google/code/findbugs/jsr305/1.3.9/jsr305-1.3.9.jar
7f2057adc000-7f2057b00000 r--s 001cd000 08:02 6294190                    /home/liuyongdun/.m2/repository/org/apache/commons/commons-math3/3.4.1/commons-math3-3.4.1.jar
7f2057b00000-7f2057b08000 r--s 0006e000 08:02 6294188                    /home/liuyongdun/.m2/repository/org/apache/commons/commons-lang3/3.5/commons-lang3-3.5.jar
7f2057b08000-7f2057b0b000 r--s 00015000 08:02 3933548                    /home/liuyongdun/.m2/repository/javax/servlet/javax.servlet-api/3.1.0/javax.servlet-api-3.1.0.jar
7f2057b0b000-7f2057b36000 r--s 001f5000 08:02 3933040                    /home/liuyongdun/.m2/repository/com/google/guava/guava/16.0.1/guava-16.0.1.jar
7f2057b36000-7f2057b42000 r--s 000b6000 08:02 3933047                    /home/liuyongdun/.m2/repository/org/apache/zookeeper/zookeeper/3.4.6/zookeeper-3.4.6.jar
7f2057b42000-7f2057b48000 r--s 00028000 08:02 4325393                    /home/liuyongdun/.m2/repository/org/apache/curator/curator-framework/2.6.0/curator-framework-2.6.0.jar
7f2057b48000-7f2057b4f000 r--s 00036000 08:02 4325385                    /home/liuyongdun/.m2/repository/org/apache/curator/curator-recipes/2.6.0/curator-recipes-2.6.0.jar
7f2057b4f000-7f2057b51000 r--s 00003000 08:02 6294186                    /home/liuyongdun/.m2/repository/net/iharder/base64/2.3.8/base64-2.3.8.jar
7f2057b51000-7f2057b53000 r--s 00003000 08:02 6294126                    /home/liuyongdun/.m2/repository/com/jamesmurty/utils/java-xmlbuilder/1.1/java-xmlbuilder-1.1.jar
7f2057b53000-7f2057b93000 r--s 00285000 08:02 3937112                    /home/liuyongdun/.m2/repository/org/bouncycastle/bcprov-jdk15on/1.52/bcprov-jdk15on-1.52.jar
7f2057b93000-7f2057b95000 r--s 0000f000 08:02 6294183                    /home/liuyongdun/.m2/repository/javax/activation/activation/1.1.1/activation-1.1.1.jar
7f2057b95000-7f2057b9b000 r--s 0004d000 08:02 6294136                    /home/liuyongdun/.m2/repository/commons-codec/commons-codec/1.12/commons-codec-1.12.jar
7f2057b9b000-7f2057ba8000 r--s 000a5000 08:02 6294169                    /home/liuyongdun/.m2/repository/org/apache/httpcomponents/httpclient/4.5/httpclient-4.5.jar
7f2057ba8000-7f2057baf000 r--s 00048000 08:02 6294180                    /home/liuyongdun/.m2/repository/org/apache/httpcomponents/httpcore/4.4.1/httpcore-4.4.1.jar
7f2057baf000-7f2057bca000 r--s 001d9000 08:02 6294109                    /home/liuyongdun/.m2/repository/net/java/dev/jets3t/jets3t/0.9.4/jets3t-0.9.4.jar
7f2057bca000-7f2057bcc000 r--s 0000a000 08:02 6294171                    /home/liuyongdun/.m2/repository/org/apache/spark/spark-unsafe_2.11/2.3.3/spark-unsafe_2.11-2.3.3.jar
7f2057bcc000-7f2057bfa000 r--s 00218000 08:02 6294175                    /home/liuyongdun/.m2/repository/org/apache/spark/spark-network-common_2.11/2.3.3/spark-network-common_2.11-2.3.3.jar
7f2057bfa000-7f2057bfd000 ---p 00000000 00:00 0 
7f2057bfd000-7f2057cfb000 rw-p 00000000 00:00 0 
7f2057cfb000-7f2057cfe000 ---p 00000000 00:00 0 
7f2057cfe000-7f2057dfc000 rw-p 00000000 00:00 0 
7f2057dfc000-7f2057e00000 r-xp 00000000 08:02 13240855                   /opt/jdk/jre/lib/amd64/libdt_socket.so
7f2057e00000-7f2057fff000 ---p 00004000 08:02 13240855                   /opt/jdk/jre/lib/amd64/libdt_socket.so
7f2057fff000-7f2058000000 rw-p 00003000 08:02 13240855                   /opt/jdk/jre/lib/amd64/libdt_socket.so
7f2058000000-7f2058028000 rw-p 00000000 00:00 0 
7f2058028000-7f205c000000 ---p 00000000 00:00 0 
7f205c000000-7f205c003000 r--s 0000e000 08:02 6294172                    /home/liuyongdun/.m2/repository/org/apache/spark/spark-network-shuffle_2.11/2.3.3/spark-network-shuffle_2.11-2.3.3.jar
7f205c003000-7f205c0f1000 r--s 00b97000 08:02 6294100                    /home/liuyongdun/.m2/repository/org/apache/spark/spark-core_2.11/2.3.3/spark-core_2.11-2.3.3.jar
7f205c0f1000-7f205c0f4000 ---p 00000000 00:00 0 
7f205c0f4000-7f205c1f2000 rw-p 00000000 00:00 0 
7f205c1f2000-7f205c1f5000 ---p 00000000 00:00 0 
7f205c1f5000-7f205c2f3000 rw-p 00000000 00:00 0 
7f205c2f3000-7f205c2f6000 ---p 00000000 00:00 0 
7f205c2f6000-7f205c3f4000 rw-p 00000000 00:00 0 
7f205c3f4000-7f205c3f7000 ---p 00000000 00:00 0 
7f205c3f7000-7f205c4f5000 rw-p 00000000 00:00 0 
7f205c4f5000-7f205c4f6000 ---p 00000000 00:00 0 
7f205c4f6000-7f205d000000 rw-p 00000000 00:00 0 
7f205d000000-7f205d830000 rwxp 00000000 00:00 0 
7f205d830000-7f206c000000 ---p 00000000 00:00 0 
7f206c000000-7f206e4db000 rw-p 00000000 00:00 0 
7f206e4db000-7f2070000000 ---p 00000000 00:00 0 
7f2070000000-7f2070003000 r--s 00009000 08:02 6294215                    /home/liuyongdun/.m2/repository/com/fasterxml/jackson/core/jackson-annotations/2.6.7/jackson-annotations-2.6.7.jar
7f2070003000-7f2070007000 r--s 0003c000 08:02 3937110                    /home/liuyongdun/.m2/repository/com/fasterxml/jackson/core/jackson-core/2.6.7/jackson-core-2.6.7.jar
7f2070007000-7f207000a000 r--s 000fd000 08:02 3933073                    /home/liuyongdun/.m2/repository/org/fusesource/leveldbjni/leveldbjni-all/1.8/leveldbjni-all-1.8.jar
7f207000a000-7f207000c000 r--s 0000b000 08:02 6294129                    /home/liuyongdun/.m2/repository/org/apache/spark/spark-kvstore_2.11/2.3.3/spark-kvstore_2.11-2.3.3.jar
7f207000c000-7f207000e000 r--s 00011000 08:02 6294140                    /home/liuyongdun/.m2/repository/org/apache/spark/spark-launcher_2.11/2.3.3/spark-launcher_2.11-2.3.3.jar
7f207000e000-7f2070011000 r--s 00021000 08:02 6294112                    /home/liuyongdun/.m2/repository/org/apache/xbean/xbean-asm5-shaded/4.4/xbean-asm5-shaded-4.4.jar
7f2070011000-7f2070013000 r--s 0000d000 08:02 6294120                    /home/liuyongdun/.m2/repository/com/twitter/chill-java/0.8.4/chill-java-0.8.4.jar
7f2070013000-7f2070015000 r--s 00009000 08:02 6294119                    /home/liuyongdun/.m2/repository/org/objenesis/objenesis/2.1/objenesis-2.1.jar
7f2070015000-7f2070016000 r--s 00001000 08:02 6294116                    /home/liuyongdun/.m2/repository/com/esotericsoftware/minlog/1.3.0/minlog-1.3.0.jar
7f2070016000-7f207001d000 r--s 00051000 08:02 6294122                    /home/liuyongdun/.m2/repository/com/esotericsoftware/kryo-shaded/3.0.3/kryo-shaded-3.0.3.jar
7f207001d000-7f2070021000 r--s 00033000 08:02 6294165                    /home/liuyongdun/.m2/repository/com/twitter/chill_2.11/0.8.4/chill_2.11-0.8.4.jar
7f2070021000-7f2070028000 r--s 0004e000 08:02 6294104                    /home/liuyongdun/.m2/repository/org/apache/avro/avro-ipc/1.7.7/avro-ipc-1.7.7-tests.jar
7f2070028000-7f207002c000 r--s 0002c000 08:02 6294106                    /home/liuyongdun/.m2/repository/org/apache/avro/avro-ipc/1.7.7/avro-ipc-1.7.7.jar
7f207002c000-7f2070031000 r--s 00028000 08:02 6294102                    /home/liuyongdun/.m2/repository/org/apache/avro/avro-mapred/1.7.7/avro-mapred-1.7.7-hadoop2.jar
7f2070031000-7f2070035000 r--s 00014000 08:02 3932984                    /home/liuyongdun/.m2/repository/org/tukaani/xz/1.0/xz-1.0.jar
7f2070035000-7f207003a000 r--s 00036000 08:02 3933053                    /home/liuyongdun/.m2/repository/org/apache/commons/commons-compress/1.4.1/commons-compress-1.4.1.jar
7f207003a000-7f207003c000 r--s 00006000 08:02 3932962                    /home/liuyongdun/.m2/repository/com/thoughtworks/paranamer/paranamer/2.3/paranamer-2.3.jar
7f207003c000-7f207004a000 r--s 000b1000 08:02 3933005                    /home/liuyongdun/.m2/repository/org/codehaus/jackson/jackson-mapper-asl/1.9.13/jackson-mapper-asl-1.9.13.jar
7f207004a000-7f207004e000 r--s 00035000 08:02 3932971                    /home/liuyongdun/.m2/repository/org/codehaus/jackson/jackson-core-asl/1.9.13/jackson-core-asl-1.9.13.jar
7f207004e000-7f2070057000 r--s 00062000 08:02 3932997                    /home/liuyongdun/.m2/repository/org/apache/avro/avro/1.7.7/avro-1.7.7.jar
7f2070057000-7f20700b0000 r--s 00522000 08:02 6294296                    /home/liuyongdun/.m2/repository/org/scala-lang/scala-library/2.11.8/scala-library-2.11.8.jar
7f20700b0000-7f20700c3000 r--s 00345000 08:02 13240830                   /opt/jdk/jre/lib/resources.jar
7f20700c3000-7f20700d6000 r--s 000d6000 08:02 13240817                   /opt/jdk/jre/lib/plugin.jar
7f20700d6000-7f20700d7000 r--s 00000000 08:02 13240810                   /opt/jdk/jre/lib/management-agent.jar
7f20700d7000-7f20700dc000 r--s 0009d000 08:02 13240831                   /opt/jdk/jre/lib/jsse.jar
7f20700dc000-7f20700e5000 r--s 0006d000 08:02 13240813                   /opt/jdk/jre/lib/javaws.jar
7f20700e5000-7f2070639000 rw-p 00000000 00:00 0 
7f2070639000-7f2070813000 r--s 03d6b000 08:02 13240826                   /opt/jdk/jre/lib/rt.jar
7f2070813000-7f20716f0000 rw-p 00000000 00:00 0 
7f20716f0000-7f20716f1000 ---p 00000000 00:00 0 
7f20716f1000-7f20717f1000 rw-p 00000000 00:00 0 
7f20717f1000-7f20717f2000 ---p 00000000 00:00 0 
7f20717f2000-7f20718f2000 rw-p 00000000 00:00 0 
7f20718f2000-7f20718f3000 ---p 00000000 00:00 0 
7f20718f3000-7f20719f3000 rw-p 00000000 00:00 0 
7f20719f3000-7f20719f4000 ---p 00000000 00:00 0 
7f20719f4000-7f2071b2b000 rw-p 00000000 00:00 0 
7f2071b2b000-7f2071ed5000 ---p 00000000 00:00 0 
7f2071ed5000-7f2071f0c000 rw-p 00000000 00:00 0 
7f2071f0c000-7f20722b5000 ---p 00000000 00:00 0 
7f20722b5000-7f207231f000 rw-p 00000000 00:00 0 
7f207231f000-7f20724a6000 ---p 00000000 00:00 0 
7f20724a6000-7f20724c8000 rw-p 00000000 00:00 0 
7f20724c8000-7f2072867000 ---p 00000000 00:00 0 
7f2072867000-7f2072882000 r-xp 00000000 08:02 13240882                   /opt/jdk/jre/lib/amd64/libzip.so
7f2072882000-7f2072a82000 ---p 0001b000 08:02 13240882                   /opt/jdk/jre/lib/amd64/libzip.so
7f2072a82000-7f2072a83000 rw-p 0001b000 08:02 13240882                   /opt/jdk/jre/lib/amd64/libzip.so
7f2072a83000-7f2072a86000 r--p 00000000 08:02 8388792                    /lib/x86_64-linux-gnu/libnss_files-2.28.so
7f2072a86000-7f2072a8d000 r-xp 00003000 08:02 8388792                    /lib/x86_64-linux-gnu/libnss_files-2.28.so
7f2072a8d000-7f2072a90000 r--p 0000a000 08:02 8388792                    /lib/x86_64-linux-gnu/libnss_files-2.28.so
7f2072a90000-7f2072a91000 r--p 0000c000 08:02 8388792                    /lib/x86_64-linux-gnu/libnss_files-2.28.so
7f2072a91000-7f2072a92000 rw-p 0000d000 08:02 8388792                    /lib/x86_64-linux-gnu/libnss_files-2.28.so
7f2072a92000-7f2072a98000 rw-p 00000000 00:00 0 
7f2072a98000-7f2072a9c000 r--p 00000000 08:02 8388789                    /lib/x86_64-linux-gnu/libnsl-2.28.so
7f2072a9c000-7f2072aaa000 r-xp 00004000 08:02 8388789                    /lib/x86_64-linux-gnu/libnsl-2.28.so
7f2072aaa000-7f2072aaf000 r--p 00012000 08:02 8388789                    /lib/x86_64-linux-gnu/libnsl-2.28.so
7f2072aaf000-7f2072ab0000 r--p 00016000 08:02 8388789                    /lib/x86_64-linux-gnu/libnsl-2.28.so
7f2072ab0000-7f2072ab1000 rw-p 00017000 08:02 8388789                    /lib/x86_64-linux-gnu/libnsl-2.28.so
7f2072ab1000-7f2072ab3000 rw-p 00000000 00:00 0 
7f2072ab3000-7f2072ab5000 r--s 00007000 08:02 13240904                   /opt/jdk/jre/lib/jfxswt.jar
7f2072ab5000-7f2072aba000 r--s 00084000 08:02 13240803                   /opt/jdk/jre/lib/jfr.jar
7f2072aba000-7f2072ad6000 r--s 0020b000 08:02 13240804                   /opt/jdk/jre/lib/deploy.jar
7f2072ad6000-7f2072adb000 r--s 002f9000 08:02 13240824                   /opt/jdk/jre/lib/charsets.jar
7f2072adb000-7f2072ae5000 r-xp 00000000 08:02 13240891                   /opt/jdk/jre/lib/amd64/libinstrument.so
7f2072ae5000-7f2072ce4000 ---p 0000a000 08:02 13240891                   /opt/jdk/jre/lib/amd64/libinstrument.so
7f2072ce4000-7f2072ce5000 rw-p 00009000 08:02 13240891                   /opt/jdk/jre/lib/amd64/libinstrument.so
7f2072ce5000-7f2073554000 r--p 00000000 08:02 10223644                   /usr/lib/locale/locale-archive
7f2073554000-7f2073556000 r-xp 00000000 08:02 13240857                   /opt/jdk/jre/lib/amd64/libnpt.so
7f2073556000-7f2073756000 ---p 00002000 08:02 13240857                   /opt/jdk/jre/lib/amd64/libnpt.so
7f2073756000-7f2073757000 rw-p 00002000 08:02 13240857                   /opt/jdk/jre/lib/amd64/libnpt.so
7f2073757000-7f2073791000 r-xp 00000000 08:02 13240869                   /opt/jdk/jre/lib/amd64/libjdwp.so
7f2073791000-7f2073990000 ---p 0003a000 08:02 13240869                   /opt/jdk/jre/lib/amd64/libjdwp.so
7f2073990000-7f2073991000 rw-p 00039000 08:02 13240869                   /opt/jdk/jre/lib/amd64/libjdwp.so
7f2073991000-7f2073992000 rw-p 00000000 00:00 0 
7f2073992000-7f20739bd000 r-xp 00000000 08:02 13240876                   /opt/jdk/jre/lib/amd64/libjava.so
7f20739bd000-7f2073bbc000 ---p 0002b000 08:02 13240876                   /opt/jdk/jre/lib/amd64/libjava.so
7f2073bbc000-7f2073bbe000 rw-p 0002a000 08:02 13240876                   /opt/jdk/jre/lib/amd64/libjava.so
7f2073bbe000-7f2073bcb000 r-xp 00000000 08:02 13240881                   /opt/jdk/jre/lib/amd64/libverify.so
7f2073bcb000-7f2073dcb000 ---p 0000d000 08:02 13240881                   /opt/jdk/jre/lib/amd64/libverify.so
7f2073dcb000-7f2073dcd000 rw-p 0000d000 08:02 13240881                   /opt/jdk/jre/lib/amd64/libverify.so
7f2073dcd000-7f2073dcf000 r--p 00000000 08:02 8388799                    /lib/x86_64-linux-gnu/librt-2.28.so
7f2073dcf000-7f2073dd3000 r-xp 00002000 08:02 8388799                    /lib/x86_64-linux-gnu/librt-2.28.so
7f2073dd3000-7f2073dd5000 r--p 00006000 08:02 8388799                    /lib/x86_64-linux-gnu/librt-2.28.so
7f2073dd5000-7f2073dd6000 r--p 00007000 08:02 8388799                    /lib/x86_64-linux-gnu/librt-2.28.so
7f2073dd6000-7f2073dd7000 rw-p 00008000 08:02 8388799                    /lib/x86_64-linux-gnu/librt-2.28.so
7f2073dd7000-7f2073dd8000 ---p 00000000 00:00 0 
7f2073dd8000-7f2073ddb000 ---p 00000000 00:00 0 
7f2073ddb000-7f2073ed8000 rw-p 00000000 00:00 0 
7f2073ed8000-7f2073ee5000 r--p 00000000 08:02 8388786                    /lib/x86_64-linux-gnu/libm-2.28.so
7f2073ee5000-7f2073f90000 r-xp 0000d000 08:02 8388786                    /lib/x86_64-linux-gnu/libm-2.28.so
7f2073f90000-7f2074063000 r--p 000b8000 08:02 8388786                    /lib/x86_64-linux-gnu/libm-2.28.so
7f2074063000-7f2074064000 r--p 0018a000 08:02 8388786                    /lib/x86_64-linux-gnu/libm-2.28.so
7f2074064000-7f2074065000 rw-p 0018b000 08:02 8388786                    /lib/x86_64-linux-gnu/libm-2.28.so
7f2074065000-7f2074d41000 r-xp 00000000 08:02 13502579                   /opt/jdk/jre/lib/amd64/server/libjvm.so
7f2074d41000-7f2074f41000 ---p 00cdc000 08:02 13502579                   /opt/jdk/jre/lib/amd64/server/libjvm.so
7f2074f41000-7f207501b000 rw-p 00cdc000 08:02 13502579                   /opt/jdk/jre/lib/amd64/server/libjvm.so
7f207501b000-7f2075068000 rw-p 00000000 00:00 0 
7f2075068000-7f207508a000 r--p 00000000 08:02 8388783                    /lib/x86_64-linux-gnu/libc-2.28.so
7f207508a000-7f20751fb000 r-xp 00022000 08:02 8388783                    /lib/x86_64-linux-gnu/libc-2.28.so
7f20751fb000-7f2075247000 r--p 00193000 08:02 8388783                    /lib/x86_64-linux-gnu/libc-2.28.so
7f2075247000-7f2075248000 ---p 001df000 08:02 8388783                    /lib/x86_64-linux-gnu/libc-2.28.so
7f2075248000-7f207524c000 r--p 001df000 08:02 8388783                    /lib/x86_64-linux-gnu/libc-2.28.so
7f207524c000-7f207524e000 rw-p 001e3000 08:02 8388783                    /lib/x86_64-linux-gnu/libc-2.28.so
7f207524e000-7f2075252000 rw-p 00000000 00:00 0 
7f2075252000-7f2075253000 r--p 00000000 08:02 8388785                    /lib/x86_64-linux-gnu/libdl-2.28.so
7f2075253000-7f2075255000 r-xp 00001000 08:02 8388785                    /lib/x86_64-linux-gnu/libdl-2.28.so
7f2075255000-7f2075256000 r--p 00003000 08:02 8388785                    /lib/x86_64-linux-gnu/libdl-2.28.so
7f2075256000-7f2075257000 r--p 00003000 08:02 8388785                    /lib/x86_64-linux-gnu/libdl-2.28.so
7f2075257000-7f2075258000 rw-p 00004000 08:02 8388785                    /lib/x86_64-linux-gnu/libdl-2.28.so
7f2075258000-7f207526e000 r-xp 00000000 08:02 12325327                   /opt/jdk/lib/amd64/jli/libjli.so
7f207526e000-7f207546d000 ---p 00016000 08:02 12325327                   /opt/jdk/lib/amd64/jli/libjli.so
7f207546d000-7f207546e000 rw-p 00015000 08:02 12325327                   /opt/jdk/lib/amd64/jli/libjli.so
7f207546e000-7f2075474000 r--p 00000000 08:02 8388797                    /lib/x86_64-linux-gnu/libpthread-2.28.so
7f2075474000-7f2075483000 r-xp 00006000 08:02 8388797                    /lib/x86_64-linux-gnu/libpthread-2.28.so
7f2075483000-7f2075489000 r--p 00015000 08:02 8388797                    /lib/x86_64-linux-gnu/libpthread-2.28.so
7f2075489000-7f207548a000 r--p 0001a000 08:02 8388797                    /lib/x86_64-linux-gnu/libpthread-2.28.so
7f207548a000-7f207548b000 rw-p 0001b000 08:02 8388797                    /lib/x86_64-linux-gnu/libpthread-2.28.so
7f207548b000-7f2075491000 rw-p 00000000 00:00 0 
7f2075491000-7f2075494000 r--s 0001a000 08:02 13240902                   /opt/jdk/jre/lib/jce.jar
7f2075494000-7f2075496000 r--s 00001000 08:02 11804475                   /opt/idea/lib/rt/debugger-agent-storage.jar
7f2075496000-7f207549e000 rw-s 00000000 08:02 10094814                   /tmp/hsperfdata_liuyongdun/16827
7f207549e000-7f20754a0000 r--p 00000000 08:02 8388794                    /lib/x86_64-linux-gnu/libnss_nis-2.28.so
7f20754a0000-7f20754a8000 r-xp 00002000 08:02 8388794                    /lib/x86_64-linux-gnu/libnss_nis-2.28.so
7f20754a8000-7f20754aa000 r--p 0000a000 08:02 8388794                    /lib/x86_64-linux-gnu/libnss_nis-2.28.so
7f20754aa000-7f20754ab000 r--p 0000b000 08:02 8388794                    /lib/x86_64-linux-gnu/libnss_nis-2.28.so
7f20754ab000-7f20754ac000 rw-p 0000c000 08:02 8388794                    /lib/x86_64-linux-gnu/libnss_nis-2.28.so
7f20754ac000-7f20754ae000 r--p 00000000 08:02 8388790                    /lib/x86_64-linux-gnu/libnss_compat-2.28.so
7f20754ae000-7f20754b4000 r-xp 00002000 08:02 8388790                    /lib/x86_64-linux-gnu/libnss_compat-2.28.so
7f20754b4000-7f20754b5000 r--p 00008000 08:02 8388790                    /lib/x86_64-linux-gnu/libnss_compat-2.28.so
7f20754b5000-7f20754b6000 r--p 00008000 08:02 8388790                    /lib/x86_64-linux-gnu/libnss_compat-2.28.so
7f20754b6000-7f20754b7000 rw-p 00009000 08:02 8388790                    /lib/x86_64-linux-gnu/libnss_compat-2.28.so
7f20754b7000-7f20754b8000 rw-p 00000000 00:00 0 
7f20754b8000-7f20754b9000 ---p 00000000 00:00 0 
7f20754b9000-7f20754ba000 r--p 00000000 08:02 8388689                    /lib/x86_64-linux-gnu/ld-2.28.so
7f20754ba000-7f20754da000 r-xp 00001000 08:02 8388689                    /lib/x86_64-linux-gnu/ld-2.28.so
7f20754da000-7f20754e2000 r--p 00021000 08:02 8388689                    /lib/x86_64-linux-gnu/ld-2.28.so
7f20754e2000-7f20754e3000 r--p 00028000 08:02 8388689                    /lib/x86_64-linux-gnu/ld-2.28.so
7f20754e3000-7f20754e4000 rw-p 00029000 08:02 8388689                    /lib/x86_64-linux-gnu/ld-2.28.so
7f20754e4000-7f20754e5000 rw-p 00000000 00:00 0 
7fff13bc7000-7fff13bec000 rw-p 00000000 00:00 0                          [stack]
7fff13bf5000-7fff13bf8000 r--p 00000000 00:00 0                          [vvar]
7fff13bf8000-7fff13bfa000 r-xp 00000000 00:00 0                          [vdso]
ffffffffff600000-ffffffffff601000 r-xp 00000000 00:00 0                  [vsyscall]

VM Arguments:
jvm_args: -agentlib:jdwp=transport=dt_socket,address=127.0.0.1:41667,suspend=y,server=n -javaagent:/opt/idea/lib/rt/debugger-agent.jar=file:/tmp/capture.props -Dfile.encoding=UTF-8 
java_command: TopNInGroups.TopNInGroups
java_class_path (initial): /opt/jdk/jre/lib/charsets.jar:/opt/jdk/jre/lib/deploy.jar:/opt/jdk/jre/lib/ext/cldrdata.jar:/opt/jdk/jre/lib/ext/dnsns.jar:/opt/jdk/jre/lib/ext/jaccess.jar:/opt/jdk/jre/lib/ext/jfxrt.jar:/opt/jdk/jre/lib/ext/localedata.jar:/opt/jdk/jre/lib/ext/nashorn.jar:/opt/jdk/jre/lib/ext/sunec.jar:/opt/jdk/jre/lib/ext/sunjce_provider.jar:/opt/jdk/jre/lib/ext/sunpkcs11.jar:/opt/jdk/jre/lib/ext/zipfs.jar:/opt/jdk/jre/lib/javaws.jar:/opt/jdk/jre/lib/jce.jar:/opt/jdk/jre/lib/jfr.jar:/opt/jdk/jre/lib/jfxswt.jar:/opt/jdk/jre/lib/jsse.jar:/opt/jdk/jre/lib/management-agent.jar:/opt/jdk/jre/lib/plugin.jar:/opt/jdk/jre/lib/resources.jar:/opt/jdk/jre/lib/rt.jar:/home/liuyongdun/IdeaProjects/SparkScalaAPI/target/classes:/home/liuyongdun/.m2/repository/org/scala-lang/scala-library/2.11.8/scala-library-2.11.8.jar:/home/liuyongdun/.m2/repository/org/apache/spark/spark-core_2.11/2.3.3/spark-core_2.11-2.3.3.jar:/home/liuyongdun/.m2/repository/org/apache/avro/avro/1.7.7/avro-1.7.7.jar:/home/liuyongdun/.m2/repository/org/codehaus/jackson/jackson-core-asl/1.9.13/jackson-core-asl-1.9.13.jar:/home/liuyongdun/.m2/repository/org/codehaus/jackson/jackson-mapper-asl/1.9.13/jackson-mapper-asl-1.9.13.jar:/home/liuyongdun/.m2/repository/com/thoughtworks/paranamer/paranamer/2.3/paranamer-2.3.jar:/home/liuyongdun/.m2/repository/org/apache/commons/commons-compress/1.4.1/commons-compress-1.4.1.jar:/home/liuyongdun/.m2/repository/org/tukaani/xz/1.0/xz-1.0.jar:/home/liuyongdun/.m2/repository/org/apache/avro/avro-mapred/1.7.7/avro-mapred-1.7.7-hadoop2.jar:/home/liuyongdun/.m2/repository/org/apache/avro/avro-ipc/1.7.7/avro-ipc-1.7.7.jar:/home/liuyongdun/.m2/repository/org/apache/avro/avro-ipc/1.7.7/avro-ipc-1.7.7-tests.jar:/home/liuyongdun/.m2/repository/com/twitter/chill_2.11/0.8.4/chill_2.11-0.8.4.jar:/home/liuyongdun/.m2/repository/com/esotericsoftware/kryo-shaded/3.0.3/kryo-shaded-3.0.3.jar:/home/liuyongdun/.m2/repository/com/esotericsoftware/minlog/1.3.0/minlog-1.3.0.jar:/home/liu
Launcher Type: SUN_STANDARD

Environment Variables:
JAVA_HOME=/opt/jdk
JRE_HOME=/opt/jdk/jre
CLASSPATH=/opt/idea/lib/bootstrap.jar:/opt/idea/lib/extensions.jar:/opt/idea/lib/util.jar:/opt/idea/lib/jdom.jar:/opt/idea/lib/log4j.jar:/opt/idea/lib/trove4j.jar:/opt/idea/lib/jna.jar:/opt/jdk/lib/tools.jar
PATH=/home/liuyongdun/bin:/home/liuyongdun/.local/bin:/home/liuyongdun/bin:/home/liuyongdun/.local/bin:/usr/local/sbin:/usr/local/bin:/usr/sbin:/usr/bin:/sbin:/bin:/usr/games:/usr/local/games:${JAVA_HOME}/bin:${JRE_HOME}/bin:/snap/bin:/usr/bin/myshellscripts:/opt/jdk/bin:/opt/jdk/jre/bin:/opt/zookeeper/bin:/opt/maven/bin:/opt/wine-stable/bin:/opt/hive/bin:/opt/oracle11g/product/11.2.0/dbhome_1/bin:/opt/oracle11g/product/11.2.0/dbhome_1/lib64:/usr/bin/myshellscripts:/opt/jdk/bin:/opt/jdk/jre/bin:/opt/zookeeper/bin:/opt/maven/bin:/opt/wine-stable/bin:/opt/hive/bin:/opt/oracle11g/product/11.2.0/dbhome_1/bin:/opt/oracle11g/product/11.2.0/dbhome_1/lib64
SHELL=/bin/bash
DISPLAY=:0

Signal Handlers:
SIGSEGV: [libjvm.so+0xad2a40], sa_mask[0]=11111111011111111101111111111110, sa_flags=SA_RESTART|SA_SIGINFO
SIGBUS: [libjvm.so+0xad2a40], sa_mask[0]=11111111011111111101111111111110, sa_flags=SA_RESTART|SA_SIGINFO
SIGFPE: [libjvm.so+0x92a610], sa_mask[0]=11111111011111111101111111111110, sa_flags=SA_RESTART|SA_SIGINFO
SIGPIPE: [libjvm.so+0x92a610], sa_mask[0]=11111111011111111101111111111110, sa_flags=SA_RESTART|SA_SIGINFO
SIGXFSZ: [libjvm.so+0x92a610], sa_mask[0]=11111111011111111101111111111110, sa_flags=SA_RESTART|SA_SIGINFO
SIGILL: [libjvm.so+0x92a610], sa_mask[0]=11111111011111111101111111111110, sa_flags=SA_RESTART|SA_SIGINFO
SIGUSR1: SIG_DFL, sa_mask[0]=00000000000000000000000000000000, sa_flags=none
SIGUSR2: [libjvm.so+0x92be70], sa_mask[0]=00100000000000000000000000000000, sa_flags=SA_RESTART|SA_SIGINFO
SIGHUP: [libjvm.so+0x92d270], sa_mask[0]=11111111011111111101111111111110, sa_flags=SA_RESTART|SA_SIGINFO
SIGINT: [libjvm.so+0x92d270], sa_mask[0]=11111111011111111101111111111110, sa_flags=SA_RESTART|SA_SIGINFO
SIGTERM: [libjvm.so+0x92d270], sa_mask[0]=11111111011111111101111111111110, sa_flags=SA_RESTART|SA_SIGINFO
SIGQUIT: [libjvm.so+0x92d270], sa_mask[0]=11111111011111111101111111111110, sa_flags=SA_RESTART|SA_SIGINFO


---------------  S Y S T E M  ---------------

OS:DISTRIB_ID=Ubuntu
DISTRIB_RELEASE=18.10
DISTRIB_CODENAME=cosmic
DISTRIB_DESCRIPTION="Ubuntu 18.10"

uname:Linux 4.18.0-20-generic #21-Ubuntu SMP Mon May 6 18:45:52 UTC 2019 x86_64
libc:glibc 2.28 NPTL 2.28 
rlimit: STACK 8192k, CORE 0k, NPROC 47234, NOFILE 4096, AS infinity
load average:2.32 2.00 1.32

/proc/meminfo:
MemTotal:       12191532 kB
MemFree:          586784 kB
MemAvailable:    2596616 kB
Buffers:           71516 kB
Cached:          5547316 kB
SwapCached:         5440 kB
Active:          5918360 kB
Inactive:        5126044 kB
Active(anon):    4450376 kB
Inactive(anon):  4429568 kB
Active(file):    1467984 kB
Inactive(file):   696476 kB
Unevictable:         112 kB
Mlocked:             112 kB
SwapTotal:      12477436 kB
SwapFree:       12369788 kB
Dirty:             19696 kB
Writeback:             0 kB
AnonPages:       5418756 kB
Mapped:          2974960 kB
Shmem:           3454372 kB
Slab:             326564 kB
SReclaimable:     165332 kB
SUnreclaim:       161232 kB
KernelStack:       19940 kB
PageTables:        56520 kB
NFS_Unstable:          0 kB
Bounce:                0 kB
WritebackTmp:          0 kB
CommitLimit:    18573200 kB
Committed_AS:   16775868 kB
VmallocTotal:   34359738367 kB
VmallocUsed:           0 kB
VmallocChunk:          0 kB
HardwareCorrupted:     0 kB
AnonHugePages:         0 kB
ShmemHugePages:        0 kB
ShmemPmdMapped:        0 kB
CmaTotal:              0 kB
CmaFree:               0 kB
HugePages_Total:       0
HugePages_Free:        0
HugePages_Rsvd:        0
HugePages_Surp:        0
Hugepagesize:       2048 kB
Hugetlb:               0 kB
DirectMap4k:      409848 kB
DirectMap2M:    12068864 kB


CPU:total 4 (initial active 4) (2 cores per cpu, 2 threads per core) family 6 model 58 stepping 9, cmov, cx8, fxsr, mmx, sse, sse2, sse3, ssse3, sse4.1, sse4.2, popcnt, avx, aes, clmul, erms, ht, tsc, tscinvbit, tscinv

/proc/cpuinfo:
processor	: 0
vendor_id	: GenuineIntel
cpu family	: 6
model		: 58
model name	: Intel(R) Core(TM) i5-3230M CPU @ 2.60GHz
stepping	: 9
microcode	: 0x21
cpu MHz		: 2993.355
cache size	: 3072 KB
physical id	: 0
siblings	: 4
core id		: 0
cpu cores	: 2
apicid		: 0
initial apicid	: 0
fpu		: yes
fpu_exception	: yes
cpuid level	: 13
wp		: yes
flags		: fpu vme de pse tsc msr pae mce cx8 apic sep mtrr pge mca cmov pat pse36 clflush dts acpi mmx fxsr sse sse2 ss ht tm pbe syscall nx rdtscp lm constant_tsc arch_perfmon pebs bts rep_good nopl xtopology nonstop_tsc cpuid aperfmperf pni pclmulqdq dtes64 monitor ds_cpl vmx est tm2 ssse3 cx16 xtpr pdcm pcid sse4_1 sse4_2 x2apic popcnt tsc_deadline_timer aes xsave avx f16c rdrand lahf_lm cpuid_fault epb pti ssbd ibrs ibpb stibp tpr_shadow vnmi flexpriority ept vpid fsgsbase smep erms xsaveopt dtherm ida arat pln pts md_clear flush_l1d
bugs		: cpu_meltdown spectre_v1 spectre_v2 spec_store_bypass l1tf mds
bogomips	: 5188.48
clflush size	: 64
cache_alignment	: 64
address sizes	: 36 bits physical, 48 bits virtual
power management:

processor	: 1
vendor_id	: GenuineIntel
cpu family	: 6
model		: 58
model name	: Intel(R) Core(TM) i5-3230M CPU @ 2.60GHz
stepping	: 9
microcode	: 0x21
cpu MHz		: 2993.355
cache size	: 3072 KB
physical id	: 0
siblings	: 4
core id		: 0
cpu cores	: 2
apicid		: 1
initial apicid	: 1
fpu		: yes
fpu_exception	: yes
cpuid level	: 13
wp		: yes
flags		: fpu vme de pse tsc msr pae mce cx8 apic sep mtrr pge mca cmov pat pse36 clflush dts acpi mmx fxsr sse sse2 ss ht tm pbe syscall nx rdtscp lm constant_tsc arch_perfmon pebs bts rep_good nopl xtopology nonstop_tsc cpuid aperfmperf pni pclmulqdq dtes64 monitor ds_cpl vmx est tm2 ssse3 cx16 xtpr pdcm pcid sse4_1 sse4_2 x2apic popcnt tsc_deadline_timer aes xsave avx f16c rdrand lahf_lm cpuid_fault epb pti ssbd ibrs ibpb stibp tpr_shadow vnmi flexpriority ept vpid fsgsbase smep erms xsaveopt dtherm ida arat pln pts md_clear flush_l1d
bugs		: cpu_meltdown spectre_v1 spectre_v2 spec_store_bypass l1tf mds
bogomips	: 5188.48
clflush size	: 64
cache_alignment	: 64
address sizes	: 36 bits physical, 48 bits virtual
power management:

processor	: 2
vendor_id	: GenuineIntel
cpu family	: 6
model		: 58
model name	: Intel(R) Core(TM) i5-3230M CPU @ 2.60GHz
stepping	: 9
microcode	: 0x21
cpu MHz		: 2993.354
cache size	: 3072 KB
physical id	: 0
siblings	: 4
core id		: 1
cpu cores	: 2
apicid		: 2
initial apicid	: 2
fpu		: yes
fpu_exception	: yes
cpuid level	: 13
wp		: yes
flags		: fpu vme de pse tsc msr pae mce cx8 apic sep mtrr pge mca cmov pat pse36 clflush dts acpi mmx fxsr sse sse2 ss ht tm pbe syscall nx rdtscp lm constant_tsc arch_perfmon pebs bts rep_good nopl xtopology nonstop_tsc cpuid aperfmperf pni pclmulqdq dtes64 monitor ds_cpl vmx est tm2 ssse3 cx16 xtpr pdcm pcid sse4_1 sse4_2 x2apic popcnt tsc_deadline_timer aes xsave avx f16c rdrand lahf_lm cpuid_fault epb pti ssbd ibrs ibpb stibp tpr_shadow vnmi flexpriority ept vpid fsgsbase smep erms xsaveopt dtherm ida arat pln pts md_clear flush_l1d
bugs		: cpu_meltdown spectre_v1 spectre_v2 spec_store_bypass l1tf mds
bogomips	: 5188.48
clflush size	: 64
cache_alignment	: 64
address sizes	: 36 bits physical, 48 bits virtual
power management:

processor	: 3
vendor_id	: GenuineIntel
cpu family	: 6
model		: 58
model name	: Intel(R) Core(TM) i5-3230M CPU @ 2.60GHz
stepping	: 9
microcode	: 0x21
cpu MHz		: 2993.355
cache size	: 3072 KB
physical id	: 0
siblings	: 4
core id		: 1
cpu cores	: 2
apicid		: 3
initial apicid	: 3
fpu		: yes
fpu_exception	: yes
cpuid level	: 13
wp		: yes
flags		: fpu vme de pse tsc msr pae mce cx8 apic sep mtrr pge mca cmov pat pse36 clflush dts acpi mmx fxsr sse sse2 ss ht tm pbe syscall nx rdtscp lm constant_tsc arch_perfmon pebs bts rep_good nopl xtopology nonstop_tsc cpuid aperfmperf pni pclmulqdq dtes64 monitor ds_cpl vmx est tm2 ssse3 cx16 xtpr pdcm pcid sse4_1 sse4_2 x2apic popcnt tsc_deadline_timer aes xsave avx f16c rdrand lahf_lm cpuid_fault epb pti ssbd ibrs ibpb stibp tpr_shadow vnmi flexpriority ept vpid fsgsbase smep erms xsaveopt dtherm ida arat pln pts md_clear flush_l1d
bugs		: cpu_meltdown spectre_v1 spectre_v2 spec_store_bypass l1tf mds
bogomips	: 5188.48
clflush size	: 64
cache_alignment	: 64
address sizes	: 36 bits physical, 48 bits virtual
power management:



Memory: 4k page, physical 12191532k(586008k free), swap 12477436k(12369788k free)

vm_info: Java HotSpot(TM) 64-Bit Server VM (25.181-b13) for linux-amd64 JRE (1.8.0_181-b13), built on Jul  7 2018 00:56:38 by "java_re" with gcc 4.3.0 20080428 (Red Hat 4.3.0-8)

time: Wed May 22 16:47:22 2019
elapsed time: 7339 seconds (0d 2h 2m 19s)

