#
# A fatal error has been detected by the Java Runtime Environment:
#
#  Internal Error (javaCalls.cpp:51), pid=20629, tid=0x00007f0f881f1700
#  guarantee(thread->is_Java_thread()) failed: crucial check - the VM thread cannot and must not escape to Java code
#
# JRE version: Java(TM) SE Runtime Environment (8.0_181-b13) (build 1.8.0_181-b13)
# Java VM: Java HotSpot(TM) 64-Bit Server VM (25.181-b13 mixed mode linux-amd64 compressed oops)
# Failed to write core dump. Core dumps have been disabled. To enable core dumping, try "ulimit -c unlimited" before starting Java again
#
# If you would like to submit a bug report, please visit:
#   http://bugreport.java.com/bugreport/crash.jsp
#

---------------  T H R E A D  ---------------

Current thread (0x00007f0f9814a000):  VMThread [stack: 0x00007f0f880f2000,0x00007f0f881f2000] [id=20644]

Stack: [0x00007f0f880f2000,0x00007f0f881f2000],  sp=0x00007f0f881ef4a0,  free space=1013k
Native frames: (J=compiled Java code, j=interpreted, Vv=VM code, C=native code)
V  [libjvm.so+0xad21aa]  VMError::report_and_die()+0x2ba
V  [libjvm.so+0x501a32]  report_vm_error(char const*, int, char const*, char const*)+0x62
V  [libjvm.so+0x6965d7]  JavaCallWrapper::JavaCallWrapper(methodHandle, Handle, JavaValue*, Thread*)+0x267
V  [libjvm.so+0x6972a4]  JavaCalls::call_helper(JavaValue*, methodHandle*, JavaCallArguments*, Thread*)+0x884
V  [libjvm.so+0x698e31]  JavaCalls::call_special(JavaValue*, KlassHandle, Symbol*, Symbol*, JavaCallArguments*, Thread*)+0x2d1
V  [libjvm.so+0x5855fa]  Exceptions::new_exception(Thread*, Symbol*, Symbol*, JavaCallArguments*, Handle, Handle)+0x17a
V  [libjvm.so+0x5856b2]  Exceptions::new_exception(Thread*, Symbol*, Symbol*, JavaCallArguments*, Handle, Handle, Handle)+0x22
V  [libjvm.so+0x585c61]  Exceptions::new_exception(Thread*, Symbol*, char const*, Handle, Handle, Handle, Exceptions::ExceptionMsgToUtf8Mode)+0x1d1
V  [libjvm.so+0x585cf8]  Exceptions::new_exception(Thread*, Symbol*, char const*, Exceptions::ExceptionMsgToUtf8Mode)+0x18
V  [libjvm.so+0x5f3d6b]  GenerateOopMap::verify_error(char const*, ...)+0x8b
V  [libjvm.so+0x5f4bfe]  GenerateOopMap::ppload(CellTypeState*, int)+0xfe
V  [libjvm.so+0x5fb34b]  GenerateOopMap::interp_bb(BasicBlock*)+0x2fb
V  [libjvm.so+0x5fc21a]  GenerateOopMap::do_interpretation()+0x17a
V  [libjvm.so+0x5fc5cd]  GenerateOopMap::compute_map(Thread*)+0x34d
V  [libjvm.so+0x91fcd4]  OopMapForCacheEntry::compute_map(Thread*)+0xb4
V  [libjvm.so+0x921a92]  OopMapCacheEntry::fill(methodHandle, int)+0x2d2
V  [libjvm.so+0x922244]  OopMapCache::compute_one_oop_map(methodHandle, int, InterpreterOopMap*)+0x124
V  [libjvm.so+0x922bee]  OopMapCache::lookup(methodHandle, int, InterpreterOopMap*) const+0x6de
V  [libjvm.so+0x64ab92]  InstanceKlass::mask_for(methodHandle, int, InterpreterOopMap*)+0x82
V  [libjvm.so+0x8bd3fd]  Method::mask_for(int, InterpreterOopMap*)+0x9d
V  [libjvm.so+0x7affb4]  VM_GetOrSetLocal::doit()+0x54
V  [libjvm.so+0xadb745]  VM_Operation::evaluate()+0x55
V  [libjvm.so+0xad9b0a]  VMThread::evaluate_operation(VM_Operation*)+0xba
V  [libjvm.so+0xad9e8e]  VMThread::loop()+0x1ce
V  [libjvm.so+0xada300]  VMThread::run()+0x70
V  [libjvm.so+0x930198]  java_start(Thread*)+0x108

VM_Operation (0x00007f0f83af7740): GetOrSetLocal, mode: safepoint, requested by thread 0x00007f0f98197800


---------------  P R O C E S S  ---------------

Java Threads: ( => current thread )
  0x00007f0f30031000 JavaThread "task-result-getter-2" daemon [_thread_blocked, id=20711, stack(0x00007f0f079fc000,0x00007f0f07afd000)]
  0x00007f0f30030800 JavaThread "task-result-getter-1" daemon [_thread_blocked, id=20710, stack(0x00007f0f07afd000,0x00007f0f07bfe000)]
  0x00007f0f3405a000 JavaThread "task-result-getter-0" daemon [_thread_blocked, id=20709, stack(0x00007f0f07dfe000,0x00007f0f07eff000)]
  0x00007f0f5c065800 JavaThread "org.apache.hadoop.hdfs.PeerCache@3c30357d" daemon [_thread_blocked, id=20708, stack(0x00007f0f07eff000,0x00007f0f08000000)]
  0x00007f0f2c019800 JavaThread "Executor task launch worker for task 2" daemon [_thread_blocked, id=20707, stack(0x00007f0f6c068000,0x00007f0f6c169000)]
  0x00007f0f9a431800 JavaThread "IPC Parameter Sending Thread #0" daemon [_thread_blocked, id=20705, stack(0x00007f0f6c7d1000,0x00007f0f6c8d2000)]
  0x00007f0f9a430000 JavaThread "IPC Client (589166341) connection to hadoop01/172.16.64.100:9000 from liuyongdun" daemon [_thread_blocked, id=20704, stack(0x00007f0f6d1da000,0x00007f0f6d2db000)]
  0x00007f0f4082b800 JavaThread "element-tracking-store-worker" daemon [_thread_blocked, id=20703, stack(0x00007f0f6ccd2000,0x00007f0f6cdd3000)]
  0x00007f0f996fa000 JavaThread "spark-listener-group-executorManagement" daemon [_thread_blocked, id=20702, stack(0x00007f0f6cfd3000,0x00007f0f6d0d4000)]
  0x00007f0f996f8800 JavaThread "spark-listener-group-appStatus" daemon [_thread_blocked, id=20701, stack(0x00007f0f6d0d4000,0x00007f0f6d1d5000)]
  0x00007f0f996f3800 JavaThread "context-cleaner-periodic-gc" daemon [_thread_blocked, id=20700, stack(0x00007f0f6d6e8000,0x00007f0f6d7e9000)]
  0x00007f0f996f1800 JavaThread "Spark Context Cleaner" daemon [_thread_blocked, id=20699, stack(0x00007f0f6d7e9000,0x00007f0f6d8ea000)]
  0x00007f0f99269000 JavaThread "shuffle-server-5-1" daemon [_thread_blocked, id=20698, stack(0x00007f0f6daea000,0x00007f0f6dbeb000)]
  0x00007f0f9924d000 JavaThread "driver-heartbeater" daemon [_thread_blocked, id=20697, stack(0x00007f0f6dbeb000,0x00007f0f6dcec000)]
  0x00007f0f991d4800 JavaThread "dag-scheduler-event-loop" daemon [_thread_blocked, id=20696, stack(0x00007f0f6dcec000,0x00007f0f6dded000)]
  0x00007f0f20025000 JavaThread "netty-rpc-env-timeout" daemon [_thread_blocked, id=20695, stack(0x00007f0f6dded000,0x00007f0f6deee000)]
  0x00007f0f9913e800 JavaThread "Timer-0" daemon [_thread_blocked, id=20694, stack(0x00007f0f6deee000,0x00007f0f6dfef000)]
  0x00007f0f34002800 JavaThread "heartbeat-receiver-event-loop-thread" daemon [_thread_blocked, id=20693, stack(0x00007f0f6dfef000,0x00007f0f6e0f0000)]
  0x00007f0f990d7000 JavaThread "SparkUI-38" daemon [_thread_blocked, id=20692, stack(0x00007f0f8003a000,0x00007f0f8013b000)]
  0x00007f0f990d5000 JavaThread "SparkUI-37" daemon [_thread_blocked, id=20691, stack(0x00007f0f8013b000,0x00007f0f8023c000)]
  0x00007f0f990d3800 JavaThread "SparkUI-36" daemon [_thread_blocked, id=20690, stack(0x00007f0f8023c000,0x00007f0f8033d000)]
  0x00007f0f990d1800 JavaThread "SparkUI-35" daemon [_thread_blocked, id=20689, stack(0x00007f0f8033d000,0x00007f0f8043e000)]
  0x00007f0f990d0000 JavaThread "SparkUI-34" daemon [_thread_blocked, id=20688, stack(0x00007f0f8043e000,0x00007f0f8053f000)]
  0x00007f0f990ce000 JavaThread "SparkUI-33-acceptor-0@64b6fd45-ServerConnector@6a711fa3{HTTP/1.1,[http/1.1]}{0.0.0.0:4042}" daemon [_thread_in_native, id=20687, stack(0x00007f0f8053f000,0x00007f0f80640000)]
  0x00007f0f990cd000 JavaThread "SparkUI-32" daemon [_thread_in_native, id=20686, stack(0x00007f0f80640000,0x00007f0f80741000)]
  0x00007f0f990cb000 JavaThread "SparkUI-31" daemon [_thread_in_native, id=20685, stack(0x00007f0f80741000,0x00007f0f80842000)]
  0x00007f0f99021000 JavaThread "RemoteBlock-temp-file-clean-thread" daemon [_thread_blocked, id=20684, stack(0x00007f0f80842000,0x00007f0f80943000)]
  0x00007f0f98fd5000 JavaThread "map-output-dispatcher-7" daemon [_thread_blocked, id=20683, stack(0x00007f0f80b43000,0x00007f0f80c44000)]
  0x00007f0f98fd3800 JavaThread "map-output-dispatcher-6" daemon [_thread_blocked, id=20682, stack(0x00007f0f80c44000,0x00007f0f80d45000)]
  0x00007f0f98fd1800 JavaThread "map-output-dispatcher-5" daemon [_thread_blocked, id=20681, stack(0x00007f0f80d45000,0x00007f0f80e46000)]
  0x00007f0f98fcf000 JavaThread "map-output-dispatcher-4" daemon [_thread_blocked, id=20680, stack(0x00007f0f80e46000,0x00007f0f80f47000)]
  0x00007f0f98fcd800 JavaThread "map-output-dispatcher-3" daemon [_thread_blocked, id=20679, stack(0x00007f0f80f47000,0x00007f0f81048000)]
  0x00007f0f98fcc800 JavaThread "map-output-dispatcher-2" daemon [_thread_blocked, id=20678, stack(0x00007f0f81048000,0x00007f0f81149000)]
  0x00007f0f98fd6800 JavaThread "map-output-dispatcher-1" daemon [_thread_blocked, id=20677, stack(0x00007f0f81149000,0x00007f0f8124a000)]
  0x00007f0f98fd9000 JavaThread "map-output-dispatcher-0" daemon [_thread_blocked, id=20676, stack(0x00007f0f8124a000,0x00007f0f8134b000)]
  0x00007f0f98fac000 JavaThread "rpc-server-3-1" daemon [_thread_blocked, id=20675, stack(0x00007f0f8134b000,0x00007f0f8144c000)]
  0x00007f0f98e78800 JavaThread "dispatcher-event-loop-3" daemon [_thread_blocked, id=20674, stack(0x00007f0f8185d000,0x00007f0f8195e000)]
  0x00007f0f98e77000 JavaThread "dispatcher-event-loop-2" daemon [_thread_blocked, id=20673, stack(0x00007f0f8195e000,0x00007f0f81a5f000)]
  0x00007f0f98e76000 JavaThread "dispatcher-event-loop-1" daemon [_thread_blocked, id=20672, stack(0x00007f0f81a5f000,0x00007f0f81b60000)]
  0x00007f0f98e75800 JavaThread "dispatcher-event-loop-0" daemon [_thread_blocked, id=20671, stack(0x00007f0f81f61000,0x00007f0f82062000)]
  0x00007f0f98d83000 JavaThread "process reaper" daemon [_thread_blocked, id=20669, stack(0x00007f0f82062000,0x00007f0f8209b000)]
  0x00007f0f988b8000 JavaThread "Service Thread" daemon [_thread_blocked, id=20660, stack(0x00007f0f82e0b000,0x00007f0f82f0c000)]
  0x00007f0f988b5000 JavaThread "C1 CompilerThread2" daemon [_thread_blocked, id=20659, stack(0x00007f0f82f0d000,0x00007f0f8300d000)]
  0x00007f0f988b3000 JavaThread "C2 CompilerThread1" daemon [_thread_blocked, id=20658, stack(0x00007f0f8300e000,0x00007f0f8310e000)]
  0x00007f0f988ac000 JavaThread "C2 CompilerThread0" daemon [_thread_blocked, id=20657, stack(0x00007f0f8310f000,0x00007f0f8320f000)]
  0x00007f0f5c001000 JavaThread "JDWP Command Reader" daemon [_thread_in_native, id=20656, stack(0x00007f0f837f6000,0x00007f0f838f7000)]
  0x00007f0f9819b800 JavaThread "JDWP Event Helper Thread" daemon [_thread_blocked, id=20654, stack(0x00007f0f838f7000,0x00007f0f839f8000)]
  0x00007f0f98197800 JavaThread "JDWP Transport Listener: dt_socket" daemon [_thread_blocked, id=20652, stack(0x00007f0f839f8000,0x00007f0f83af9000)]
  0x00007f0f98188000 JavaThread "Signal Dispatcher" daemon [_thread_blocked, id=20651, stack(0x00007f0f83cfd000,0x00007f0f83dfe000)]
  0x00007f0f98156800 JavaThread "Finalizer" daemon [_thread_blocked, id=20647, stack(0x00007f0f83dfe000,0x00007f0f83eff000)]
  0x00007f0f98154000 JavaThread "Reference Handler" daemon [_thread_blocked, id=20646, stack(0x00007f0f83eff000,0x00007f0f84000000)]
  0x00007f0f98015000 JavaThread "main" [_thread_blocked, id=20633, stack(0x00007f0f9f983000,0x00007f0f9fa83000)]

Other Threads:
=>0x00007f0f9814a000 VMThread [stack: 0x00007f0f880f2000,0x00007f0f881f2000] [id=20644]
  0x00007f0f988be000 WatcherThread [stack: 0x00007f0f82d0b000,0x00007f0f82e0b000] [id=20661]

VM state:at safepoint (normal execution)

VM Mutex/Monitor currently owned by a thread:  ([mutex/lock_event])
[0x00007f0f98008d00] Threads_lock - owner thread: 0x00007f0f9814a000

Heap:
 PSYoungGen      total 202240K, used 160903K [0x0000000781f80000, 0x0000000793400000, 0x00000007c0000000)
  eden space 194560K, 82% used [0x0000000781f80000,0x000000078bca1c40,0x000000078dd80000)
  from space 7680K, 0% used [0x000000078dd80000,0x000000078dd80000,0x000000078e500000)
  to   space 10752K, 0% used [0x0000000792980000,0x0000000792980000,0x0000000793400000)
 ParOldGen       total 110080K, used 10727K [0x0000000705e00000, 0x000000070c980000, 0x0000000781f80000)
  object space 110080K, 9% used [0x0000000705e00000,0x0000000706879f10,0x000000070c980000)
 Metaspace       used 46160K, capacity 46632K, committed 46848K, reserved 1089536K
  class space    used 6458K, capacity 6575K, committed 6656K, reserved 1048576K

Card table byte_map: [0x00007f0f9da80000,0x00007f0f9e052000] byte_map_base: 0x00007f0f9a251000

Marking Bits: (ParMarkBitMap*) 0x00007f0fa0be40a0
 Begin Bits: [0x00007f0f6e2f0000, 0x00007f0f71178000)
 End Bits:   [0x00007f0f71178000, 0x00007f0f74000000)

Polling page: 0x00007f0fa1063000

CodeCache: size=245760Kb used=7954Kb max_used=8051Kb free=237805Kb
 bounds [0x00007f0f89000000, 0x00007f0f897f0000, 0x00007f0f98000000]
 total_blobs=3014 nmethods=2425 adapters=510
 compilation: enabled

Compilation events (10 events):
Event: 9.611 Thread 0x00007f0f988b5000 2660       3       java.lang.StringBuilder::append (6 bytes)
Event: 9.612 Thread 0x00007f0f988b5000 nmethod 2660 0x00007f0f897e3950 code [0x00007f0f897e3ac0, 0x00007f0f897e3d48]
Event: 9.612 Thread 0x00007f0f988b5000 2661       3       java.lang.StringBuilder::append (8 bytes)
Event: 9.612 Thread 0x00007f0f988b5000 nmethod 2661 0x00007f0f897ddd10 code [0x00007f0f897dde80, 0x00007f0f897de028]
Event: 9.612 Thread 0x00007f0f988b5000 2662       3       java.lang.StringBuilder::append (6 bytes)
Event: 9.612 Thread 0x00007f0f988b5000 nmethod 2662 0x00007f0f8912e910 code [0x00007f0f8912ea80, 0x00007f0f8912ed08]
Event: 9.613 Thread 0x00007f0f988b5000 2658       3       scala.collection.generic.GenTraversableFactory$GenericCanBuildFrom::apply (9 bytes)
Event: 9.613 Thread 0x00007f0f988b5000 nmethod 2658 0x00007f0f891617d0 code [0x00007f0f89161960, 0x00007f0f89161d68]
Event: 9.613 Thread 0x00007f0f988b5000 2659       3       scala.collection.generic.GenTraversableFactory$GenericCanBuildFrom::apply (7 bytes)
Event: 9.614 Thread 0x00007f0f988b5000 nmethod 2659 0x00007f0f8926c150 code [0x00007f0f8926c2c0, 0x00007f0f8926c4e8]

GC Heap History (10 events):
Event: 4.022 GC heap before
{Heap before GC invocations=3 (full 0):
 PSYoungGen      total 104960K, used 37326K [0x0000000781f80000, 0x0000000788d80000, 0x00000007c0000000)
  eden space 97280K, 31% used [0x0000000781f80000,0x0000000783d719f8,0x0000000787e80000)
  from space 7680K, 86% used [0x0000000788600000,0x0000000788c82160,0x0000000788d80000)
  to   space 7680K, 0% used [0x0000000787e80000,0x0000000787e80000,0x0000000788600000)
 ParOldGen       total 128512K, used 88K [0x0000000705e00000, 0x000000070db80000, 0x0000000781f80000)
  object space 128512K, 0% used [0x0000000705e00000,0x0000000705e16028,0x000000070db80000)
 Metaspace       used 20902K, capacity 21082K, committed 21248K, reserved 1067008K
  class space    used 2940K, capacity 3013K, committed 3072K, reserved 1048576K
Event: 4.039 GC heap after
Heap after GC invocations=3 (full 0):
 PSYoungGen      total 104960K, used 6165K [0x0000000781f80000, 0x000000078ec80000, 0x00000007c0000000)
  eden space 97280K, 0% used [0x0000000781f80000,0x0000000781f80000,0x0000000787e80000)
  from space 7680K, 80% used [0x0000000787e80000,0x00000007884854b8,0x0000000788600000)
  to   space 7680K, 0% used [0x000000078e500000,0x000000078e500000,0x000000078ec80000)
 ParOldGen       total 128512K, used 96K [0x0000000705e00000, 0x000000070db80000, 0x0000000781f80000)
  object space 128512K, 0% used [0x0000000705e00000,0x0000000705e18028,0x000000070db80000)
 Metaspace       used 20902K, capacity 21082K, committed 21248K, reserved 1067008K
  class space    used 2940K, capacity 3013K, committed 3072K, reserved 1048576K
}
Event: 4.039 GC heap before
{Heap before GC invocations=4 (full 1):
 PSYoungGen      total 104960K, used 6165K [0x0000000781f80000, 0x000000078ec80000, 0x00000007c0000000)
  eden space 97280K, 0% used [0x0000000781f80000,0x0000000781f80000,0x0000000787e80000)
  from space 7680K, 80% used [0x0000000787e80000,0x00000007884854b8,0x0000000788600000)
  to   space 7680K, 0% used [0x000000078e500000,0x000000078e500000,0x000000078ec80000)
 ParOldGen       total 128512K, used 96K [0x0000000705e00000, 0x000000070db80000, 0x0000000781f80000)
  object space 128512K, 0% used [0x0000000705e00000,0x0000000705e18028,0x000000070db80000)
 Metaspace       used 20902K, capacity 21082K, committed 21248K, reserved 1067008K
  class space    used 2940K, capacity 3013K, committed 3072K, reserved 1048576K
Event: 4.080 GC heap after
Heap after GC invocations=4 (full 1):
 PSYoungGen      total 104960K, used 0K [0x0000000781f80000, 0x000000078ec80000, 0x00000007c0000000)
  eden space 97280K, 0% used [0x0000000781f80000,0x0000000781f80000,0x0000000787e80000)
  from space 7680K, 0% used [0x0000000787e80000,0x0000000787e80000,0x0000000788600000)
  to   space 7680K, 0% used [0x000000078e500000,0x000000078e500000,0x000000078ec80000)
 ParOldGen       total 72192K, used 5956K [0x0000000705e00000, 0x000000070a480000, 0x0000000781f80000)
  object space 72192K, 8% used [0x0000000705e00000,0x00000007063d13d8,0x000000070a480000)
 Metaspace       used 20902K, capacity 21082K, committed 21248K, reserved 1067008K
  class space    used 2940K, capacity 3013K, committed 3072K, reserved 1048576K
}
Event: 5.734 GC heap before
{Heap before GC invocations=5 (full 1):
 PSYoungGen      total 104960K, used 97280K [0x0000000781f80000, 0x000000078ec80000, 0x00000007c0000000)
  eden space 97280K, 100% used [0x0000000781f80000,0x0000000787e80000,0x0000000787e80000)
  from space 7680K, 0% used [0x0000000787e80000,0x0000000787e80000,0x0000000788600000)
  to   space 7680K, 0% used [0x000000078e500000,0x000000078e500000,0x000000078ec80000)
 ParOldGen       total 72192K, used 5956K [0x0000000705e00000, 0x000000070a480000, 0x0000000781f80000)
  object space 72192K, 8% used [0x0000000705e00000,0x00000007063d13d8,0x000000070a480000)
 Metaspace       used 29881K, capacity 30166K, committed 30592K, reserved 1075200K
  class space    used 4281K, capacity 4371K, committed 4480K, reserved 1048576K
Event: 5.760 GC heap after
Heap after GC invocations=5 (full 1):
 PSYoungGen      total 166912K, used 7651K [0x0000000781f80000, 0x000000078ec80000, 0x00000007c0000000)
  eden space 159232K, 0% used [0x0000000781f80000,0x0000000781f80000,0x000000078bb00000)
  from space 7680K, 99% used [0x000000078e500000,0x000000078ec78e20,0x000000078ec80000)
  to   space 7680K, 0% used [0x000000078dd80000,0x000000078dd80000,0x000000078e500000)
 ParOldGen       total 72192K, used 9074K [0x0000000705e00000, 0x000000070a480000, 0x0000000781f80000)
  object space 72192K, 12% used [0x0000000705e00000,0x00000007066dca38,0x000000070a480000)
 Metaspace       used 29881K, capacity 30166K, committed 30592K, reserved 1075200K
  class space    used 4281K, capacity 4371K, committed 4480K, reserved 1048576K
}
Event: 6.753 GC heap before
{Heap before GC invocations=6 (full 1):
 PSYoungGen      total 166912K, used 68735K [0x0000000781f80000, 0x000000078ec80000, 0x00000007c0000000)
  eden space 159232K, 38% used [0x0000000781f80000,0x0000000785b26f90,0x000000078bb00000)
  from space 7680K, 99% used [0x000000078e500000,0x000000078ec78e20,0x000000078ec80000)
  to   space 7680K, 0% used [0x000000078dd80000,0x000000078dd80000,0x000000078e500000)
 ParOldGen       total 72192K, used 9074K [0x0000000705e00000, 0x000000070a480000, 0x0000000781f80000)
  object space 72192K, 12% used [0x0000000705e00000,0x00000007066dca38,0x000000070a480000)
 Metaspace       used 34969K, capacity 35200K, committed 35416K, reserved 1079296K
  class space    used 4960K, capacity 5057K, committed 5120K, reserved 1048576K
Event: 6.772 GC heap after
Heap after GC invocations=6 (full 1):
 PSYoungGen      total 202240K, used 7305K [0x0000000781f80000, 0x0000000793400000, 0x00000007c0000000)
  eden space 194560K, 0% used [0x0000000781f80000,0x0000000781f80000,0x000000078dd80000)
  from space 7680K, 95% used [0x000000078dd80000,0x000000078e4a2530,0x000000078e500000)
  to   space 10752K, 0% used [0x0000000792980000,0x0000000792980000,0x0000000793400000)
 ParOldGen       total 72192K, used 9082K [0x0000000705e00000, 0x000000070a480000, 0x0000000781f80000)
  object space 72192K, 12% used [0x0000000705e00000,0x00000007066dea38,0x000000070a480000)
 Metaspace       used 34969K, capacity 35200K, committed 35416K, reserved 1079296K
  class space    used 4960K, capacity 5057K, committed 5120K, reserved 1048576K
}
Event: 6.772 GC heap before
{Heap before GC invocations=7 (full 2):
 PSYoungGen      total 202240K, used 7305K [0x0000000781f80000, 0x0000000793400000, 0x00000007c0000000)
  eden space 194560K, 0% used [0x0000000781f80000,0x0000000781f80000,0x000000078dd80000)
  from space 7680K, 95% used [0x000000078dd80000,0x000000078e4a2530,0x000000078e500000)
  to   space 10752K, 0% used [0x0000000792980000,0x0000000792980000,0x0000000793400000)
 ParOldGen       total 72192K, used 9082K [0x0000000705e00000, 0x000000070a480000, 0x0000000781f80000)
  object space 72192K, 12% used [0x0000000705e00000,0x00000007066dea38,0x000000070a480000)
 Metaspace       used 34969K, capacity 35200K, committed 35416K, reserved 1079296K
  class space    used 4960K, capacity 5057K, committed 5120K, reserved 1048576K
Event: 6.828 GC heap after
Heap after GC invocations=7 (full 2):
 PSYoungGen      total 202240K, used 0K [0x0000000781f80000, 0x0000000793400000, 0x00000007c0000000)
  eden space 194560K, 0% used [0x0000000781f80000,0x0000000781f80000,0x000000078dd80000)
  from space 7680K, 0% used [0x000000078dd80000,0x000000078dd80000,0x000000078e500000)
  to   space 10752K, 0% used [0x0000000792980000,0x0000000792980000,0x0000000793400000)
 ParOldGen       total 110080K, used 10727K [0x0000000705e00000, 0x000000070c980000, 0x0000000781f80000)
  object space 110080K, 9% used [0x0000000705e00000,0x0000000706879f10,0x000000070c980000)
 Metaspace       used 34965K, capacity 35194K, committed 35416K, reserved 1079296K
  class space    used 4959K, capacity 5056K, committed 5120K, reserved 1048576K
}

Deoptimization events (10 events):
Event: 7.780 Thread 0x00007f0f98015000 Uncommon trap: reason=class_check action=maybe_recompile pc=0x00007f0f89668728 method=java.net.URLClassLoader.defineClass(Ljava/lang/String;Lsun/misc/Resource;)Ljava/lang/Class; @ 13
Event: 7.903 Thread 0x00007f0f98015000 Uncommon trap: reason=class_check action=maybe_recompile pc=0x00007f0f89668728 method=java.net.URLClassLoader.defineClass(Ljava/lang/String;Lsun/misc/Resource;)Ljava/lang/Class; @ 13
Event: 8.117 Thread 0x00007f0f996f8800 Uncommon trap: reason=class_check action=maybe_recompile pc=0x00007f0f893a9458 method=java.util.concurrent.ConcurrentHashMap.putVal(Ljava/lang/Object;Ljava/lang/Object;Z)Ljava/lang/Object; @ 192
Event: 8.125 Thread 0x00007f0f996f8800 Uncommon trap: reason=class_check action=maybe_recompile pc=0x00007f0f893a9458 method=java.util.concurrent.ConcurrentHashMap.putVal(Ljava/lang/Object;Ljava/lang/Object;Z)Ljava/lang/Object; @ 192
Event: 8.153 Thread 0x00007f0f991d4800 Uncommon trap: reason=class_check action=maybe_recompile pc=0x00007f0f893a9458 method=java.util.concurrent.ConcurrentHashMap.putVal(Ljava/lang/Object;Ljava/lang/Object;Z)Ljava/lang/Object; @ 192
Event: 8.157 Thread 0x00007f0f991d4800 Uncommon trap: reason=class_check action=maybe_recompile pc=0x00007f0f893a9458 method=java.util.concurrent.ConcurrentHashMap.putVal(Ljava/lang/Object;Ljava/lang/Object;Z)Ljava/lang/Object; @ 192
Event: 8.436 Thread 0x00007f0f2c019800 Uncommon trap: reason=unstable_if action=reinterpret pc=0x00007f0f89460920 method=java.lang.ClassLoader.getClassLoadingLock(Ljava/lang/String;)Ljava/lang/Object; @ 6
Event: 8.712 Thread 0x00007f0f2c019800 Uncommon trap: reason=bimorphic action=maybe_recompile pc=0x00007f0f896c0304 method=java.io.DataOutputStream.writeShort(I)V @ 12
Event: 8.712 Thread 0x00007f0f2c019800 Uncommon trap: reason=unstable_if action=reinterpret pc=0x00007f0f892373bc method=java.lang.StringCoding$StringEncoder.encode([CII)[B @ 20
Event: 8.712 Thread 0x00007f0f2c019800 Uncommon trap: reason=unstable_if action=reinterpret pc=0x00007f0f892539c0 method=java.lang.StringCoding$StringEncoder.encode([CII)[B @ 20

Classes redefined (10 events):
Event: 425.772 Thread 0x00007f0f9814a000 redefined class name=TopNInGroups.TopNInGroups$$anonfun$2, count=3
Event: 425.783 Thread 0x00007f0f9814a000 redefined class name=TopNInGroups.TopNInGroups$, count=3
Event: 425.795 Thread 0x00007f0f9814a000 redefined class name=TopNInGroups.TopNInGroups$$anonfun$main$2, count=3
Event: 425.807 Thread 0x00007f0f9814a000 redefined class name=TopNInGroups.TopNInGroups$$anonfun$1, count=3
Event: 477.054 Thread 0x00007f0f9814a000 redefined class name=TopNInGroups.TopNInGroups$$anonfun$main$1, count=4
Event: 477.080 Thread 0x00007f0f9814a000 redefined class name=TopNInGroups.TopNInGroups, count=4
Event: 477.101 Thread 0x00007f0f9814a000 redefined class name=TopNInGroups.TopNInGroups$$anonfun$2, count=4
Event: 477.127 Thread 0x00007f0f9814a000 redefined class name=TopNInGroups.TopNInGroups$, count=4
Event: 477.151 Thread 0x00007f0f9814a000 redefined class name=TopNInGroups.TopNInGroups$$anonfun$main$2, count=4
Event: 477.177 Thread 0x00007f0f9814a000 redefined class name=TopNInGroups.TopNInGroups$$anonfun$1, count=4

Internal exceptions (10 events):
Event: 8.337 Thread 0x00007f0f98e78800 Exception <a 'java/lang/NoSuchMethodError': <clinit>> (0x00000007892d37e8) thrown at [/HUDSON/workspace/8-2-build-linux-amd64/jdk8u181/11358/hotspot/src/share/vm/prims/jni.cpp, line 1613]
Event: 8.337 Thread 0x00007f0f98e78800 Exception <a 'java/lang/NoSuchMethodError': <clinit>> (0x00000007892e1bc0) thrown at [/HUDSON/workspace/8-2-build-linux-amd64/jdk8u181/11358/hotspot/src/share/vm/prims/jni.cpp, line 1613]
Event: 8.352 Thread 0x00007f0f98e78800 Exception <a 'java/lang/NoSuchMethodError': <clinit>> (0x0000000789307dc8) thrown at [/HUDSON/workspace/8-2-build-linux-amd64/jdk8u181/11358/hotspot/src/share/vm/prims/jni.cpp, line 1613]
Event: 8.353 Thread 0x00007f0f98e78800 Exception <a 'java/lang/NoSuchMethodError': <clinit>> (0x0000000789310860) thrown at [/HUDSON/workspace/8-2-build-linux-amd64/jdk8u181/11358/hotspot/src/share/vm/prims/jni.cpp, line 1613]
Event: 8.821 Thread 0x00007f0f2c019800 Exception <a 'java/lang/NoSuchMethodError': <clinit>> (0x000000078a85c498) thrown at [/HUDSON/workspace/8-2-build-linux-amd64/jdk8u181/11358/hotspot/src/share/vm/prims/jni.cpp, line 1613]
Event: 8.838 Thread 0x00007f0f2c019800 Exception <a 'java/lang/NoSuchMethodError': <clinit>> (0x000000078a893e20) thrown at [/HUDSON/workspace/8-2-build-linux-amd64/jdk8u181/11358/hotspot/src/share/vm/prims/jni.cpp, line 1613]
Event: 8.987 Thread 0x00007f0f991d4800 Exception <a 'java/lang/NoSuchMethodError': <clinit>> (0x000000078918eb60) thrown at [/HUDSON/workspace/8-2-build-linux-amd64/jdk8u181/11358/hotspot/src/share/vm/prims/jni.cpp, line 1613]
Event: 9.017 Thread 0x00007f0f98e75800 Exception <a 'java/lang/NoSuchMethodError': <clinit>> (0x000000078950d3c8) thrown at [/HUDSON/workspace/8-2-build-linux-amd64/jdk8u181/11358/hotspot/src/share/vm/prims/jni.cpp, line 1613]
Event: 9.153 Thread 0x00007f0f991d4800 Exception <a 'java/lang/NoSuchMethodError': <clinit>> (0x000000078aba0ad8) thrown at [/HUDSON/workspace/8-2-build-linux-amd64/jdk8u181/11358/hotspot/src/share/vm/prims/jni.cpp, line 1613]
Event: 9.172 Thread 0x00007f0f98e77000 Exception <a 'java/lang/NoSuchMethodError': <clinit>> (0x0000000788e3de38) thrown at [/HUDSON/workspace/8-2-build-linux-amd64/jdk8u181/11358/hotspot/src/share/vm/prims/jni.cpp, line 1613]

Events (10 events):
Event: 426.290 Executing VM operation: GetOrSetLocal done
Event: 455.839 Executing VM operation: ChangeBreakpoints
Event: 455.839 Executing VM operation: ChangeBreakpoints done
Event: 455.877 Executing VM operation: ChangeBreakpoints
Event: 455.879 Executing VM operation: ChangeBreakpoints done
Event: 477.006 Executing VM operation: ChangeBreakpoints
Event: 477.006 Executing VM operation: ChangeBreakpoints done
Event: 477.022 Executing VM operation: RedefineClasses
Event: 477.177 Executing VM operation: RedefineClasses done
Event: 477.180 Executing VM operation: GetOrSetLocal


Dynamic libraries:
00400000-00401000 r-xp 00000000 08:02 12195038                           /opt/jdk/bin/java
00600000-00601000 rw-p 00000000 08:02 12195038                           /opt/jdk/bin/java
00846000-00867000 rw-p 00000000 00:00 0                                  [heap]
705e00000-70c980000 rw-p 00000000 00:00 0 
70c980000-781f80000 ---p 00000000 00:00 0 
781f80000-793400000 rw-p 00000000 00:00 0 
793400000-7c0000000 ---p 00000000 00:00 0 
7c0000000-7c0680000 rw-p 00000000 00:00 0 
7c0680000-800000000 ---p 00000000 00:00 0 
7f0f00000000-7f0f00021000 rw-p 00000000 00:00 0 
7f0f00021000-7f0f04000000 ---p 00000000 00:00 0 
7f0f079fc000-7f0f079ff000 ---p 00000000 00:00 0 
7f0f079ff000-7f0f07afd000 rw-p 00000000 00:00 0 
7f0f07afd000-7f0f07b00000 ---p 00000000 00:00 0 
7f0f07b00000-7f0f07d3e000 rw-p 00000000 00:00 0 
7f0f07d3e000-7f0f07dfe000 ---p 00000000 00:00 0 
7f0f07dfe000-7f0f07e01000 ---p 00000000 00:00 0 
7f0f07e01000-7f0f07eff000 rw-p 00000000 00:00 0 
7f0f07eff000-7f0f07f02000 ---p 00000000 00:00 0 
7f0f07f02000-7f0f08000000 rw-p 00000000 00:00 0 
7f0f08000000-7f0f08021000 rw-p 00000000 00:00 0 
7f0f08021000-7f0f0c000000 ---p 00000000 00:00 0 
7f0f0c000000-7f0f0c021000 rw-p 00000000 00:00 0 
7f0f0c021000-7f0f10000000 ---p 00000000 00:00 0 
7f0f10000000-7f0f10021000 rw-p 00000000 00:00 0 
7f0f10021000-7f0f14000000 ---p 00000000 00:00 0 
7f0f14000000-7f0f14021000 rw-p 00000000 00:00 0 
7f0f14021000-7f0f18000000 ---p 00000000 00:00 0 
7f0f18000000-7f0f18021000 rw-p 00000000 00:00 0 
7f0f18021000-7f0f1c000000 ---p 00000000 00:00 0 
7f0f1c000000-7f0f1c021000 rw-p 00000000 00:00 0 
7f0f1c021000-7f0f20000000 ---p 00000000 00:00 0 
7f0f20000000-7f0f2003b000 rw-p 00000000 00:00 0 
7f0f2003b000-7f0f24000000 ---p 00000000 00:00 0 
7f0f24000000-7f0f24021000 rw-p 00000000 00:00 0 
7f0f24021000-7f0f28000000 ---p 00000000 00:00 0 
7f0f28000000-7f0f28026000 rw-p 00000000 00:00 0 
7f0f28026000-7f0f2c000000 ---p 00000000 00:00 0 
7f0f2c000000-7f0f2c021000 rw-p 00000000 00:00 0 
7f0f2c021000-7f0f30000000 ---p 00000000 00:00 0 
7f0f30000000-7f0f30033000 rw-p 00000000 00:00 0 
7f0f30033000-7f0f34000000 ---p 00000000 00:00 0 
7f0f34000000-7f0f34067000 rw-p 00000000 00:00 0 
7f0f34067000-7f0f38000000 ---p 00000000 00:00 0 
7f0f38000000-7f0f38021000 rw-p 00000000 00:00 0 
7f0f38021000-7f0f3c000000 ---p 00000000 00:00 0 
7f0f3c000000-7f0f3c021000 rw-p 00000000 00:00 0 
7f0f3c021000-7f0f40000000 ---p 00000000 00:00 0 
7f0f40000000-7f0f412cf000 rw-p 00000000 00:00 0 
7f0f412cf000-7f0f44000000 ---p 00000000 00:00 0 
7f0f44000000-7f0f44021000 rw-p 00000000 00:00 0 
7f0f44021000-7f0f48000000 ---p 00000000 00:00 0 
7f0f48000000-7f0f4ac3e000 rw-p 00000000 00:00 0 
7f0f4ac3e000-7f0f4c000000 ---p 00000000 00:00 0 
7f0f4c000000-7f0f4ed58000 rw-p 00000000 00:00 0 
7f0f4ed58000-7f0f50000000 ---p 00000000 00:00 0 
7f0f50000000-7f0f5009d000 rw-p 00000000 00:00 0 
7f0f5009d000-7f0f54000000 ---p 00000000 00:00 0 
7f0f54000000-7f0f54027000 rw-p 00000000 00:00 0 
7f0f54027000-7f0f58000000 ---p 00000000 00:00 0 
7f0f58000000-7f0f58021000 rw-p 00000000 00:00 0 
7f0f58021000-7f0f5c000000 ---p 00000000 00:00 0 
7f0f5c000000-7f0f5c0b9000 rw-p 00000000 00:00 0 
7f0f5c0b9000-7f0f60000000 ---p 00000000 00:00 0 
7f0f60000000-7f0f60021000 rw-p 00000000 00:00 0 
7f0f60021000-7f0f64000000 ---p 00000000 00:00 0 
7f0f64000000-7f0f64021000 rw-p 00000000 00:00 0 
7f0f64021000-7f0f68000000 ---p 00000000 00:00 0 
7f0f68000000-7f0f6834d000 rw-p 00000000 00:00 0 
7f0f6834d000-7f0f6c000000 ---p 00000000 00:00 0 
7f0f6c068000-7f0f6c06b000 ---p 00000000 00:00 0 
7f0f6c06b000-7f0f6c369000 rw-p 00000000 00:00 0 
7f0f6c369000-7f0f6c569000 rw-p 00000000 00:00 0 
7f0f6c569000-7f0f6c769000 rw-p 00000000 00:00 0 
7f0f6c7d1000-7f0f6c7d4000 ---p 00000000 00:00 0 
7f0f6c7d4000-7f0f6cad2000 rw-p 00000000 00:00 0 
7f0f6cad2000-7f0f6ccd2000 rw-p 00000000 00:00 0 
7f0f6ccd2000-7f0f6ccd5000 ---p 00000000 00:00 0 
7f0f6ccd5000-7f0f6cfd3000 rw-p 00000000 00:00 0 
7f0f6cfd3000-7f0f6cfd6000 ---p 00000000 00:00 0 
7f0f6cfd6000-7f0f6d0d4000 rw-p 00000000 00:00 0 
7f0f6d0d4000-7f0f6d0d7000 ---p 00000000 00:00 0 
7f0f6d0d7000-7f0f6d1d5000 rw-p 00000000 00:00 0 
7f0f6d1da000-7f0f6d1dd000 ---p 00000000 00:00 0 
7f0f6d1dd000-7f0f6d4db000 rw-p 00000000 00:00 0 
7f0f6d4db000-7f0f6d4e8000 r-xp 00000000 08:02 10094879                   /tmp/liblz4-java2729972005988526149.so
7f0f6d4e8000-7f0f6d6e7000 ---p 0000d000 08:02 10094879                   /tmp/liblz4-java2729972005988526149.so
7f0f6d6e7000-7f0f6d6e8000 rw-p 0000c000 08:02 10094879                   /tmp/liblz4-java2729972005988526149.so
7f0f6d6e8000-7f0f6d6eb000 ---p 00000000 00:00 0 
7f0f6d6eb000-7f0f6d7e9000 rw-p 00000000 00:00 0 
7f0f6d7e9000-7f0f6d7ec000 ---p 00000000 00:00 0 
7f0f6d7ec000-7f0f6daea000 rw-p 00000000 00:00 0 
7f0f6daea000-7f0f6daed000 ---p 00000000 00:00 0 
7f0f6daed000-7f0f6dbeb000 rw-p 00000000 00:00 0 
7f0f6dbeb000-7f0f6dbee000 ---p 00000000 00:00 0 
7f0f6dbee000-7f0f6dcec000 rw-p 00000000 00:00 0 
7f0f6dcec000-7f0f6dcef000 ---p 00000000 00:00 0 
7f0f6dcef000-7f0f6dded000 rw-p 00000000 00:00 0 
7f0f6dded000-7f0f6ddf0000 ---p 00000000 00:00 0 
7f0f6ddf0000-7f0f6deee000 rw-p 00000000 00:00 0 
7f0f6deee000-7f0f6def1000 ---p 00000000 00:00 0 
7f0f6def1000-7f0f6dfef000 rw-p 00000000 00:00 0 
7f0f6dfef000-7f0f6dff2000 ---p 00000000 00:00 0 
7f0f6dff2000-7f0f6e2f0000 rw-p 00000000 00:00 0 
7f0f6e2f0000-7f0f74000000 rw-p 00000000 00:00 0 
7f0f74000000-7f0f74021000 rw-p 00000000 00:00 0 
7f0f74021000-7f0f78000000 ---p 00000000 00:00 0 
7f0f78000000-7f0f78021000 rw-p 00000000 00:00 0 
7f0f78021000-7f0f7c000000 ---p 00000000 00:00 0 
7f0f7c000000-7f0f7c021000 rw-p 00000000 00:00 0 
7f0f7c021000-7f0f80000000 ---p 00000000 00:00 0 
7f0f8003a000-7f0f8003d000 ---p 00000000 00:00 0 
7f0f8003d000-7f0f8013b000 rw-p 00000000 00:00 0 
7f0f8013b000-7f0f8013e000 ---p 00000000 00:00 0 
7f0f8013e000-7f0f8023c000 rw-p 00000000 00:00 0 
7f0f8023c000-7f0f8023f000 ---p 00000000 00:00 0 
7f0f8023f000-7f0f8033d000 rw-p 00000000 00:00 0 
7f0f8033d000-7f0f80340000 ---p 00000000 00:00 0 
7f0f80340000-7f0f8043e000 rw-p 00000000 00:00 0 
7f0f8043e000-7f0f80441000 ---p 00000000 00:00 0 
7f0f80441000-7f0f8053f000 rw-p 00000000 00:00 0 
7f0f8053f000-7f0f80542000 ---p 00000000 00:00 0 
7f0f80542000-7f0f80640000 rw-p 00000000 00:00 0 
7f0f80640000-7f0f80643000 ---p 00000000 00:00 0 
7f0f80643000-7f0f80741000 rw-p 00000000 00:00 0 
7f0f80741000-7f0f80744000 ---p 00000000 00:00 0 
7f0f80744000-7f0f80842000 rw-p 00000000 00:00 0 
7f0f80842000-7f0f80845000 ---p 00000000 00:00 0 
7f0f80845000-7f0f80b43000 rw-p 00000000 00:00 0 
7f0f80b43000-7f0f80b46000 ---p 00000000 00:00 0 
7f0f80b46000-7f0f80c44000 rw-p 00000000 00:00 0 
7f0f80c44000-7f0f80c47000 ---p 00000000 00:00 0 
7f0f80c47000-7f0f80d45000 rw-p 00000000 00:00 0 
7f0f80d45000-7f0f80d48000 ---p 00000000 00:00 0 
7f0f80d48000-7f0f80e46000 rw-p 00000000 00:00 0 
7f0f80e46000-7f0f80e49000 ---p 00000000 00:00 0 
7f0f80e49000-7f0f80f47000 rw-p 00000000 00:00 0 
7f0f80f47000-7f0f80f4a000 ---p 00000000 00:00 0 
7f0f80f4a000-7f0f81048000 rw-p 00000000 00:00 0 
7f0f81048000-7f0f8104b000 ---p 00000000 00:00 0 
7f0f8104b000-7f0f81149000 rw-p 00000000 00:00 0 
7f0f81149000-7f0f8114c000 ---p 00000000 00:00 0 
7f0f8114c000-7f0f8124a000 rw-p 00000000 00:00 0 
7f0f8124a000-7f0f8124d000 ---p 00000000 00:00 0 
7f0f8124d000-7f0f8134b000 rw-p 00000000 00:00 0 
7f0f8134b000-7f0f8134e000 ---p 00000000 00:00 0 
7f0f8134e000-7f0f8164c000 rw-p 00000000 00:00 0 
7f0f8164c000-7f0f8165d000 r-xp 00000000 08:02 13240889                   /opt/jdk/jre/lib/amd64/libnio.so
7f0f8165d000-7f0f8185c000 ---p 00011000 08:02 13240889                   /opt/jdk/jre/lib/amd64/libnio.so
7f0f8185c000-7f0f8185d000 rw-p 00010000 08:02 13240889                   /opt/jdk/jre/lib/amd64/libnio.so
7f0f8185d000-7f0f81860000 ---p 00000000 00:00 0 
7f0f81860000-7f0f8195e000 rw-p 00000000 00:00 0 
7f0f8195e000-7f0f81961000 ---p 00000000 00:00 0 
7f0f81961000-7f0f81a5f000 rw-p 00000000 00:00 0 
7f0f81a5f000-7f0f81a62000 ---p 00000000 00:00 0 
7f0f81a62000-7f0f81d60000 rw-p 00000000 00:00 0 
7f0f81d60000-7f0f81d61000 r-xp 00000000 08:02 13240871                   /opt/jdk/jre/lib/amd64/libjaas_unix.so
7f0f81d61000-7f0f81f60000 ---p 00001000 08:02 13240871                   /opt/jdk/jre/lib/amd64/libjaas_unix.so
7f0f81f60000-7f0f81f61000 rw-p 00000000 08:02 13240871                   /opt/jdk/jre/lib/amd64/libjaas_unix.so
7f0f81f61000-7f0f81f64000 ---p 00000000 00:00 0 
7f0f81f64000-7f0f82062000 rw-p 00000000 00:00 0 
7f0f82062000-7f0f82065000 ---p 00000000 00:00 0 
7f0f82065000-7f0f8229b000 rw-p 00000000 00:00 0 
7f0f8229b000-7f0f8249b000 rw-p 00000000 00:00 0 
7f0f8249b000-7f0f824a4000 r-xp 00000000 08:02 13240894                   /opt/jdk/jre/lib/amd64/libmanagement.so
7f0f824a4000-7f0f826a3000 ---p 00009000 08:02 13240894                   /opt/jdk/jre/lib/amd64/libmanagement.so
7f0f826a3000-7f0f826a4000 rw-p 00008000 08:02 13240894                   /opt/jdk/jre/lib/amd64/libmanagement.so
7f0f826a4000-7f0f828a4000 rw-p 00000000 00:00 0 
7f0f828a4000-7f0f828a5000 r--p 00000000 08:02 8388791                    /lib/x86_64-linux-gnu/libnss_dns-2.28.so
7f0f828a5000-7f0f828a9000 r-xp 00001000 08:02 8388791                    /lib/x86_64-linux-gnu/libnss_dns-2.28.so
7f0f828a9000-7f0f828aa000 r--p 00005000 08:02 8388791                    /lib/x86_64-linux-gnu/libnss_dns-2.28.so
7f0f828aa000-7f0f828ab000 r--p 00005000 08:02 8388791                    /lib/x86_64-linux-gnu/libnss_dns-2.28.so
7f0f828ab000-7f0f828ac000 rw-p 00006000 08:02 8388791                    /lib/x86_64-linux-gnu/libnss_dns-2.28.so
7f0f828ac000-7f0f828b0000 r--p 00000000 08:02 8388798                    /lib/x86_64-linux-gnu/libresolv-2.28.so
7f0f828b0000-7f0f828bf000 r-xp 00004000 08:02 8388798                    /lib/x86_64-linux-gnu/libresolv-2.28.so
7f0f828bf000-7f0f828c3000 r--p 00013000 08:02 8388798                    /lib/x86_64-linux-gnu/libresolv-2.28.so
7f0f828c3000-7f0f828c4000 r--p 00016000 08:02 8388798                    /lib/x86_64-linux-gnu/libresolv-2.28.so
7f0f828c4000-7f0f828c5000 rw-p 00017000 08:02 8388798                    /lib/x86_64-linux-gnu/libresolv-2.28.so
7f0f828c5000-7f0f828c7000 rw-p 00000000 00:00 0 
7f0f828c7000-7f0f828ca000 r-xp 00000000 08:02 8391548                    /lib/x86_64-linux-gnu/libnss_mdns4_minimal.so.2
7f0f828ca000-7f0f82ac9000 ---p 00003000 08:02 8391548                    /lib/x86_64-linux-gnu/libnss_mdns4_minimal.so.2
7f0f82ac9000-7f0f82aca000 r--p 00002000 08:02 8391548                    /lib/x86_64-linux-gnu/libnss_mdns4_minimal.so.2
7f0f82aca000-7f0f82acb000 rw-p 00003000 08:02 8391548                    /lib/x86_64-linux-gnu/libnss_mdns4_minimal.so.2
7f0f82aee000-7f0f82af3000 r--s 0009d000 08:02 13240831                   /opt/jdk/jre/lib/jsse.jar
7f0f82af3000-7f0f82b09000 r-xp 00000000 08:02 13240886                   /opt/jdk/jre/lib/amd64/libnet.so
7f0f82b09000-7f0f82d09000 ---p 00016000 08:02 13240886                   /opt/jdk/jre/lib/amd64/libnet.so
7f0f82d09000-7f0f82d0a000 rw-p 00016000 08:02 13240886                   /opt/jdk/jre/lib/amd64/libnet.so
7f0f82d0a000-7f0f82d0b000 ---p 00000000 00:00 0 
7f0f82d0b000-7f0f82e0b000 rw-p 00000000 00:00 0 
7f0f82e0b000-7f0f82e0e000 ---p 00000000 00:00 0 
7f0f82e0e000-7f0f82f0c000 rw-p 00000000 00:00 0 
7f0f82f0c000-7f0f82f0d000 ---p 00000000 00:00 0 
7f0f82f0d000-7f0f82f10000 ---p 00000000 00:00 0 
7f0f82f10000-7f0f8300d000 rw-p 00000000 00:00 0 
7f0f8300d000-7f0f8300e000 ---p 00000000 00:00 0 
7f0f8300e000-7f0f83011000 ---p 00000000 00:00 0 
7f0f83011000-7f0f8310e000 rw-p 00000000 00:00 0 
7f0f8310e000-7f0f8310f000 ---p 00000000 00:00 0 
7f0f8310f000-7f0f83112000 ---p 00000000 00:00 0 
7f0f83112000-7f0f8320f000 rw-p 00000000 00:00 0 
7f0f8320f000-7f0f83216000 r--s 00064000 08:02 11804476                   /opt/idea/lib/rt/debugger-agent.jar
7f0f83216000-7f0f83218000 r--s 0001a000 08:02 11804353                   /opt/idea/lib/idea_rt.jar
7f0f83218000-7f0f8321a000 r--s 00003000 08:02 3934015                    /home/liuyongdun/.m2/repository/org/apache/hadoop/hadoop-annotations/2.7.1/hadoop-annotations-2.7.1.jar
7f0f8321a000-7f0f8321c000 r--s 00008000 08:02 4325680                    /home/liuyongdun/.m2/repository/org/apache/hadoop/hadoop-mapreduce-client-jobclient/2.7.1/hadoop-mapreduce-client-jobclient-2.7.1.jar
7f0f8321c000-7f0f8321d000 r--s 00006000 08:02 4325619                    /home/liuyongdun/.m2/repository/org/codehaus/jackson/jackson-xc/1.9.13/jackson-xc-1.9.13.jar
7f0f8321d000-7f0f8321e000 r--s 00004000 08:02 4325607                    /home/liuyongdun/.m2/repository/org/codehaus/jackson/jackson-jaxrs/1.9.13/jackson-jaxrs-1.9.13.jar
7f0f8321e000-7f0f83221000 r--s 0001d000 08:02 4325600                    /home/liuyongdun/.m2/repository/com/sun/jersey/jersey-client/1.9/jersey-client-1.9.jar
7f0f83221000-7f0f8322b000 r--s 00066000 08:02 3932941                    /home/liuyongdun/.m2/repository/com/sun/jersey/jersey-core/1.9/jersey-core-1.9.jar
7f0f8322b000-7f0f8322d000 r--s 00018000 08:02 3803316                    /home/liuyongdun/.m2/repository/javax/servlet/servlet-api/2.5/servlet-api-2.5.jar
7f0f8322d000-7f0f8322f000 r--s 00004000 08:02 3932951                    /home/liuyongdun/.m2/repository/javax/xml/stream/stax-api/1.0-2/stax-api-1.0-2.jar
7f0f8322f000-7f0f83232000 r--s 00017000 08:02 3932949                    /home/liuyongdun/.m2/repository/javax/xml/bind/jaxb-api/2.2.2/jaxb-api-2.2.2.jar
7f0f83232000-7f0f83249000 r--s 0017d000 08:02 4325690                    /home/liuyongdun/.m2/repository/org/apache/hadoop/hadoop-yarn-common/2.7.1/hadoop-yarn-common-2.7.1.jar
7f0f83249000-7f0f83262000 r--s 00161000 08:02 4325679                    /home/liuyongdun/.m2/repository/org/apache/hadoop/hadoop-mapreduce-client-core/2.7.1/hadoop-mapreduce-client-core-2.7.1.jar
7f0f83262000-7f0f8327f000 r--s 001d0000 08:02 4325683                    /home/liuyongdun/.m2/repository/org/apache/hadoop/hadoop-yarn-api/2.7.1/hadoop-yarn-api-2.7.1.jar
7f0f8327f000-7f0f83280000 r--s 0000a000 08:02 4325689                    /home/liuyongdun/.m2/repository/org/apache/hadoop/hadoop-mapreduce-client-shuffle/2.7.1/hadoop-mapreduce-client-shuffle-2.7.1.jar
7f0f83280000-7f0f83287000 r--s 00052000 08:02 4325696                    /home/liuyongdun/.m2/repository/org/apache/hadoop/hadoop-yarn-server-common/2.7.1/hadoop-yarn-server-common-2.7.1.jar
7f0f83287000-7f0f8328a000 r--s 00020000 08:02 4325684                    /home/liuyongdun/.m2/repository/org/apache/hadoop/hadoop-yarn-client/2.7.1/hadoop-yarn-client-2.7.1.jar
7f0f8328a000-7f0f83297000 r--s 000ab000 08:02 4325681                    /home/liuyongdun/.m2/repository/org/apache/hadoop/hadoop-mapreduce-client-common/2.7.1/hadoop-mapreduce-client-common-2.7.1.jar
7f0f83297000-7f0f832a1000 r--s 00075000 08:02 4325678                    /home/liuyongdun/.m2/repository/org/apache/hadoop/hadoop-mapreduce-client-app/2.7.1/hadoop-mapreduce-client-app-2.7.1.jar
7f0f832a1000-7f0f832a9000 r--s 00028000 08:02 3803282                    /home/liuyongdun/.m2/repository/xml-apis/xml-apis/1.3.04/xml-apis-1.3.04.jar
7f0f832a9000-7f0f832c1000 r--s 00115000 08:02 3803280                    /home/liuyongdun/.m2/repository/xerces/xercesImpl/2.9.1/xercesImpl-2.9.1.jar
7f0f832c1000-7f0f832c5000 r--s 00028000 08:02 3933034                    /home/liuyongdun/.m2/repository/org/mortbay/jetty/jetty-util/6.1.26/jetty-util-6.1.26.jar
7f0f832c5000-7f0f8332f000 r--s 00777000 08:02 3933650                    /home/liuyongdun/.m2/repository/org/apache/hadoop/hadoop-hdfs/2.7.1/hadoop-hdfs-2.7.1.jar
7f0f8332f000-7f0f83348000 r--s 00150000 08:02 3933652                    /home/liuyongdun/.m2/repository/org/apache/htrace/htrace-core/3.1.0-incubating/htrace-core-3.1.0-incubating.jar
7f0f83348000-7f0f8334a000 r--s 0000f000 08:02 3933035                    /home/liuyongdun/.m2/repository/org/apache/curator/curator-client/2.7.1/curator-client-2.7.1.jar
7f0f8334a000-7f0f8334c000 r--s 00012000 08:02 3933023                    /home/liuyongdun/.m2/repository/org/apache/directory/api/api-util/1.0.0-M20/api-util-1.0.0-M20.jar
7f0f8334c000-7f0f8334e000 r--s 00003000 08:02 3933021                    /home/liuyongdun/.m2/repository/org/apache/directory/api/api-asn1-api/1.0.0-M20/api-asn1-api-1.0.0-M20.jar
7f0f8334e000-7f0f8334f000 r--s 0000a000 08:02 3933019                    /home/liuyongdun/.m2/repository/org/apache/directory/server/apacheds-i18n/2.0.0-M15/apacheds-i18n-2.0.0-M15.jar
7f0f8334f000-7f0f83361000 r--s 00097000 08:02 3933017                    /home/liuyongdun/.m2/repository/org/apache/directory/server/apacheds-kerberos-codec/2.0.0-M15/apacheds-kerberos-codec-2.0.0-M15.jar
7f0f83361000-7f0f83364000 r--s 0000f000 08:02 3934033                    /home/liuyongdun/.m2/repository/org/apache/hadoop/hadoop-auth/2.7.1/hadoop-auth-2.7.1.jar
7f0f83364000-7f0f83369000 r--s 0002a000 08:02 3933007                    /home/liuyongdun/.m2/repository/com/google/code/gson/gson/2.2.4/gson-2.2.4.jar
7f0f83369000-7f0f83371000 r--s 0007b000 08:02 3932982                    /home/liuyongdun/.m2/repository/com/google/protobuf/protobuf-java/2.5.0/protobuf-java-2.5.0.jar
7f0f83371000-7f0f83375000 r--s 0002f000 08:02 3932935                    /home/liuyongdun/.m2/repository/commons-beanutils/commons-beanutils-core/1.8.0/commons-beanutils-core-1.8.0.jar
7f0f83375000-7f0f8337a000 r--s 0002a000 08:02 3803324                    /home/liuyongdun/.m2/repository/commons-beanutils/commons-beanutils/1.7.0/commons-beanutils-1.7.0.jar
7f0f8337a000-7f0f8337e000 r--s 00020000 08:02 3803326                    /home/liuyongdun/.m2/repository/commons-digester/commons-digester/1.8/commons-digester-1.8.jar
7f0f8337e000-7f0f83384000 r--s 00043000 08:02 3932981                    /home/liuyongdun/.m2/repository/commons-configuration/commons-configuration/1.6/commons-configuration-1.6.jar
7f0f83384000-7f0f83389000 r--s 00041000 08:02 3932943                    /home/liuyongdun/.m2/repository/commons-lang/commons-lang/2.6/commons-lang-2.6.jar
7f0f83389000-7f0f8338b000 r--s 0000e000 08:02 3932994                    /home/liuyongdun/.m2/repository/commons-logging/commons-logging/1.1.3/commons-logging-1.1.3.jar
7f0f8338b000-7f0f8338e000 r--s 00016000 08:02 3932937                    /home/liuyongdun/.m2/repository/javax/servlet/jsp/jsp-api/2.1/jsp-api-2.1.jar
7f0f8338e000-7f0f8339c000 r--s 0007f000 08:02 3802667                    /home/liuyongdun/.m2/repository/commons-collections/commons-collections/3.2.1/commons-collections-3.2.1.jar
7f0f8339c000-7f0f833a0000 r--s 0002a000 08:02 3803433                    /home/liuyongdun/.m2/repository/commons-io/commons-io/2.4/commons-io-2.4.jar
7f0f833a0000-7f0f833a6000 r--s 00045000 08:02 3934017                    /home/liuyongdun/.m2/repository/commons-httpclient/commons-httpclient/3.1/commons-httpclient-3.1.jar
7f0f833a6000-7f0f833a7000 r--s 00003000 08:02 3932987                    /home/liuyongdun/.m2/repository/xmlenc/xmlenc/0.52/xmlenc-0.52.jar
7f0f833a7000-7f0f833a9000 r--s 00009000 08:02 3932967                    /home/liuyongdun/.m2/repository/commons-cli/commons-cli/1.2/commons-cli-1.2.jar
7f0f833a9000-7f0f833df000 r--s 00310000 08:02 3934013                    /home/liuyongdun/.m2/repository/org/apache/hadoop/hadoop-common/2.7.1/hadoop-common-2.7.1.jar
7f0f833df000-7f0f833e0000 r--s 00000000 08:02 4325676                    /home/liuyongdun/.m2/repository/org/apache/hadoop/hadoop-client/2.7.1/hadoop-client-2.7.1.jar
7f0f833e0000-7f0f833e1000 r--s 00000000 08:02 6294163                    /home/liuyongdun/.m2/repository/org/spark-project/spark/unused/1.0.0/unused-1.0.0.jar
7f0f833e1000-7f0f833e3000 r--s 0001f000 08:02 6294158                    /home/liuyongdun/.m2/repository/org/apache/commons/commons-crypto/1.0.0/commons-crypto-1.0.0.jar
7f0f833e3000-7f0f833e4000 r--s 00003000 08:02 6294295                    /home/liuyongdun/.m2/repository/org/apache/spark/spark-tags_2.11/2.3.3/spark-tags_2.11-2.3.3.jar
7f0f833e4000-7f0f833e6000 r--s 0001c000 08:02 6294292                    /home/liuyongdun/.m2/repository/net/sf/py4j/py4j/0.10.7/py4j-0.10.7.jar
7f0f833e6000-7f0f833e9000 r--s 00015000 08:02 6294290                    /home/liuyongdun/.m2/repository/net/razorvine/pyrolite/4.13/pyrolite-4.13.jar
7f0f833e9000-7f0f833eb000 r--s 0000e000 08:02 3803356                    /home/liuyongdun/.m2/repository/oro/oro/2.0.8/oro-2.0.8.jar
7f0f833eb000-7f0f83401000 r--s 00124000 08:02 6294289                    /home/liuyongdun/.m2/repository/org/apache/ivy/ivy/2.4.0/ivy-2.4.0.jar
7f0f83401000-7f0f83403000 r--s 00009000 08:02 6294167                    /home/liuyongdun/.m2/repository/com/fasterxml/jackson/module/jackson-module-paranamer/2.7.9/jackson-module-paranamer-2.7.9.jar
7f0f83403000-7f0f8344f000 r--s 00411000 08:02 6294266                    /home/liuyongdun/.m2/repository/org/scala-lang/scala-reflect/2.11.8/scala-reflect-2.11.8.jar
7f0f8344f000-7f0f8345c000 r--s 00071000 08:02 6294272                    /home/liuyongdun/.m2/repository/com/fasterxml/jackson/module/jackson-module-scala_2.11/2.6.7.1/jackson-module-scala_2.11-2.6.7.1.jar
7f0f8345c000-7f0f8346d000 r--s 0010c000 08:02 4198500                    /home/liuyongdun/.m2/repository/com/fasterxml/jackson/core/jackson-databind/2.6.7.1/jackson-databind-2.6.7.1.jar
7f0f8346d000-7f0f8346f000 r--s 00004000 08:02 6294279                    /home/liuyongdun/.m2/repository/io/dropwizard/metrics/metrics-graphite/3.1.5/metrics-graphite-3.1.5.jar
7f0f8346f000-7f0f83470000 r--s 00003000 08:02 6294234                    /home/liuyongdun/.m2/repository/io/dropwizard/metrics/metrics-json/3.1.5/metrics-json-3.1.5.jar
7f0f83470000-7f0f83472000 r--s 00008000 08:02 6294273                    /home/liuyongdun/.m2/repository/io/dropwizard/metrics/metrics-jvm/3.1.5/metrics-jvm-3.1.5.jar
7f0f83472000-7f0f83476000 r--s 0001a000 08:02 6294274                    /home/liuyongdun/.m2/repository/io/dropwizard/metrics/metrics-core/3.1.5/metrics-core-3.1.5.jar
7f0f83476000-7f0f83479000 r--s 00028000 08:02 6294262                    /home/liuyongdun/.m2/repository/com/clearspring/analytics/stream/2.7.0/stream-2.7.0.jar
7f0f83479000-7f0f83492000 r--s 0012c000 08:02 3937116                    /home/liuyongdun/.m2/repository/io/netty/netty/3.9.9.Final/netty-3.9.9.Final.jar
7f0f83492000-7f0f834d3000 r--s 0035a000 08:02 6294239                    /home/liuyongdun/.m2/repository/io/netty/netty-all/4.1.17.Final/netty-all-4.1.17.Final.jar
7f0f834d3000-7f0f834d6000 r--s 0000e000 08:02 6294232                    /home/liuyongdun/.m2/repository/org/glassfish/jersey/containers/jersey-container-servlet-core/2.22.2/jersey-container-servlet-core-2.22.2.jar
7f0f834d6000-7f0f834d8000 r--s 00003000 08:02 6294229                    /home/liuyongdun/.m2/repository/org/glassfish/jersey/containers/jersey-container-servlet/2.22.2/jersey-container-servlet-2.22.2.jar
7f0f834d8000-7f0f834dc000 r--s 0000c000 08:02 6294189                    /home/liuyongdun/.m2/repository/javax/validation/validation-api/1.1.0.Final/validation-api-1.1.0.Final.jar
7f0f834dc000-7f0f834de000 r--s 00010000 08:02 6294261                    /home/liuyongdun/.m2/repository/org/glassfish/jersey/media/jersey-media-jaxb/2.22.2/jersey-media-jaxb-2.22.2.jar
7f0f834de000-7f0f834f4000 r--s 000d3000 08:02 6294242                    /home/liuyongdun/.m2/repository/org/glassfish/jersey/core/jersey-server/2.22.2/jersey-server-2.22.2.jar
7f0f834f4000-7f0f834f5000 r--s 00004000 08:02 6294245                    /home/liuyongdun/.m2/repository/org/glassfish/hk2/osgi-resource-locator/1.0.1/osgi-resource-locator-1.0.1.jar
7f0f834f5000-7f0f8350d000 r--s 000d6000 08:02 6294253                    /home/liuyongdun/.m2/repository/org/glassfish/jersey/bundles/repackaged/jersey-guava/2.22.2/jersey-guava-2.22.2.jar
7f0f8350d000-7f0f8350f000 r--s 00005000 08:02 6294263                    /home/liuyongdun/.m2/repository/javax/annotation/javax.annotation-api/1.2/javax.annotation-api-1.2.jar
7f0f8350f000-7f0f8351d000 r--s 0009d000 08:02 6294248                    /home/liuyongdun/.m2/repository/org/glassfish/jersey/core/jersey-common/2.22.2/jersey-common-2.22.2.jar
7f0f8351d000-7f0f83527000 r--s 000a5000 08:02 6294236                    /home/liuyongdun/.m2/repository/org/javassist/javassist/3.18.1-GA/javassist-3.18.1-GA.jar
7f0f83527000-7f0f8352b000 r--s 00029000 08:02 6294235                    /home/liuyongdun/.m2/repository/org/glassfish/hk2/hk2-locator/2.4.0-b34/hk2-locator-2.4.0-b34.jar
7f0f8352b000-7f0f8352c000 r--s 00001000 08:02 6294244                    /home/liuyongdun/.m2/repository/org/glassfish/hk2/external/javax.inject/2.4.0-b34/javax.inject-2.4.0-b34.jar
7f0f8352c000-7f0f8352e000 r--s 00002000 08:02 6294243                    /home/liuyongdun/.m2/repository/org/glassfish/hk2/external/aopalliance-repackaged/2.4.0-b34/aopalliance-repackaged-2.4.0-b34.jar
7f0f8352e000-7f0f83532000 r--s 0001a000 08:02 6294240                    /home/liuyongdun/.m2/repository/org/glassfish/hk2/hk2-utils/2.4.0-b34/hk2-utils-2.4.0-b34.jar
7f0f83532000-7f0f83537000 r--s 00027000 08:02 6294246                    /home/liuyongdun/.m2/repository/org/glassfish/hk2/hk2-api/2.4.0-b34/hk2-api-2.4.0-b34.jar
7f0f83537000-7f0f8353b000 r--s 00019000 08:02 6294247                    /home/liuyongdun/.m2/repository/javax/ws/rs/javax.ws.rs-api/2.0.1/javax.ws.rs-api-2.0.1.jar
7f0f8353b000-7f0f8353f000 r--s 00025000 08:02 6294258                    /home/liuyongdun/.m2/repository/org/glassfish/jersey/core/jersey-client/2.22.2/jersey-client-2.22.2.jar
7f0f8353f000-7f0f8354a000 r--s 0005c000 08:02 6294228                    /home/liuyongdun/.m2/repository/org/scala-lang/modules/scala-parser-combinators_2.11/1.0.1/scala-parser-combinators_2.11-1.0.1.jar
7f0f8354a000-7f0f83555000 r--s 00096000 08:02 6294224                    /home/liuyongdun/.m2/repository/org/scala-lang/modules/scala-xml_2.11/1.0.1/scala-xml_2.11-1.0.1.jar
7f0f83555000-7f0f83645000 r--s 00c16000 08:02 6294222                    /home/liuyongdun/.m2/repository/org/scala-lang/scala-compiler/2.11.0/scala-compiler-2.11.0.jar
7f0f83645000-7f0f83657000 r--s 000ab000 08:02 6294220                    /home/liuyongdun/.m2/repository/org/scala-lang/scalap/2.11.0/scalap-2.11.0.jar
7f0f83657000-7f0f8365a000 r--s 00012000 08:02 6294216                    /home/liuyongdun/.m2/repository/org/json4s/json4s-ast_2.11/3.2.11/json4s-ast_2.11-3.2.11.jar
7f0f8365a000-7f0f83664000 r--s 00086000 08:02 6294108                    /home/liuyongdun/.m2/repository/org/json4s/json4s-core_2.11/3.2.11/json4s-core_2.11-3.2.11.jar
7f0f83664000-7f0f83665000 r--s 00009000 08:02 6294212                    /home/liuyongdun/.m2/repository/org/json4s/json4s-jackson_2.11/3.2.11/json4s-jackson_2.11-3.2.11.jar
7f0f83665000-7f0f83669000 r--s 00030000 08:02 6294208                    /home/liuyongdun/.m2/repository/commons-net/commons-net/2.2/commons-net-2.2.jar
7f0f83669000-7f0f8366c000 r--s 0002f000 08:02 6294206                    /home/liuyongdun/.m2/repository/org/roaringbitmap/RoaringBitmap/0.5.11/RoaringBitmap-0.5.11.jar
7f0f8366c000-7f0f8366e000 r--s 00238000 08:02 6294204                    /home/liuyongdun/.m2/repository/com/github/luben/zstd-jni/1.3.2-2/zstd-jni-1.3.2-2.jar
7f0f8366e000-7f0f83671000 r--s 00058000 08:02 6294197                    /home/liuyongdun/.m2/repository/org/lz4/lz4-java/1.4.0/lz4-java-1.4.0.jar
7f0f83671000-7f0f83673000 r--s 00100000 08:02 6294196                    /home/liuyongdun/.m2/repository/org/xerial/snappy/snappy-java/1.1.2.6/snappy-java-1.1.2.6.jar
7f0f83673000-7f0f83675000 r--s 00012000 08:02 6294200                    /home/liuyongdun/.m2/repository/com/ning/compress-lzf/1.0.3/compress-lzf-1.0.3.jar
7f0f83675000-7f0f83676000 r--s 00002000 08:02 6294194                    /home/liuyongdun/.m2/repository/org/slf4j/slf4j-log4j12/1.7.16/slf4j-log4j12-1.7.16.jar
7f0f83676000-7f0f8367f000 r--s 0006f000 08:02 3932970                    /home/liuyongdun/.m2/repository/log4j/log4j/1.2.17/log4j-1.2.17.jar
7f0f8367f000-7f0f83681000 r--s 00003000 08:02 6294145                    /home/liuyongdun/.m2/repository/org/slf4j/jcl-over-slf4j/1.7.16/jcl-over-slf4j-1.7.16.jar
7f0f83681000-7f0f83683000 r--s 00000000 08:02 6294192                    /home/liuyongdun/.m2/repository/org/slf4j/jul-to-slf4j/1.7.16/jul-to-slf4j-1.7.16.jar
7f0f83683000-7f0f83684000 r--s 00009000 08:02 6294199                    /home/liuyongdun/.m2/repository/org/slf4j/slf4j-api/1.7.16/slf4j-api-1.7.16.jar
7f0f83684000-7f0f83687000 r--s 00006000 08:02 3932911                    /home/liuyongdun/.m2/repository/com/google/code/findbugs/jsr305/1.3.9/jsr305-1.3.9.jar
7f0f83687000-7f0f836ab000 r--s 001cd000 08:02 6294190                    /home/liuyongdun/.m2/repository/org/apache/commons/commons-math3/3.4.1/commons-math3-3.4.1.jar
7f0f836ab000-7f0f836b3000 r--s 0006e000 08:02 6294188                    /home/liuyongdun/.m2/repository/org/apache/commons/commons-lang3/3.5/commons-lang3-3.5.jar
7f0f836b3000-7f0f836b6000 r--s 00015000 08:02 3933548                    /home/liuyongdun/.m2/repository/javax/servlet/javax.servlet-api/3.1.0/javax.servlet-api-3.1.0.jar
7f0f836b6000-7f0f836e1000 r--s 001f5000 08:02 3933040                    /home/liuyongdun/.m2/repository/com/google/guava/guava/16.0.1/guava-16.0.1.jar
7f0f836e1000-7f0f836ed000 r--s 000b6000 08:02 3933047                    /home/liuyongdun/.m2/repository/org/apache/zookeeper/zookeeper/3.4.6/zookeeper-3.4.6.jar
7f0f836ed000-7f0f836f3000 r--s 00028000 08:02 4325393                    /home/liuyongdun/.m2/repository/org/apache/curator/curator-framework/2.6.0/curator-framework-2.6.0.jar
7f0f836f3000-7f0f836fa000 r--s 00036000 08:02 4325385                    /home/liuyongdun/.m2/repository/org/apache/curator/curator-recipes/2.6.0/curator-recipes-2.6.0.jar
7f0f836fa000-7f0f836fc000 r--s 00003000 08:02 6294186                    /home/liuyongdun/.m2/repository/net/iharder/base64/2.3.8/base64-2.3.8.jar
7f0f836fc000-7f0f836fe000 r--s 00003000 08:02 6294126                    /home/liuyongdun/.m2/repository/com/jamesmurty/utils/java-xmlbuilder/1.1/java-xmlbuilder-1.1.jar
7f0f836fe000-7f0f8373e000 r--s 00285000 08:02 3937112                    /home/liuyongdun/.m2/repository/org/bouncycastle/bcprov-jdk15on/1.52/bcprov-jdk15on-1.52.jar
7f0f8373e000-7f0f83740000 r--s 0000f000 08:02 6294183                    /home/liuyongdun/.m2/repository/javax/activation/activation/1.1.1/activation-1.1.1.jar
7f0f83740000-7f0f83746000 r--s 0004d000 08:02 6294136                    /home/liuyongdun/.m2/repository/commons-codec/commons-codec/1.12/commons-codec-1.12.jar
7f0f83746000-7f0f83753000 r--s 000a5000 08:02 6294169                    /home/liuyongdun/.m2/repository/org/apache/httpcomponents/httpclient/4.5/httpclient-4.5.jar
7f0f83753000-7f0f8375a000 r--s 00048000 08:02 6294180                    /home/liuyongdun/.m2/repository/org/apache/httpcomponents/httpcore/4.4.1/httpcore-4.4.1.jar
7f0f8375a000-7f0f83775000 r--s 001d9000 08:02 6294109                    /home/liuyongdun/.m2/repository/net/java/dev/jets3t/jets3t/0.9.4/jets3t-0.9.4.jar
7f0f83775000-7f0f83777000 r--s 0000a000 08:02 6294171                    /home/liuyongdun/.m2/repository/org/apache/spark/spark-unsafe_2.11/2.3.3/spark-unsafe_2.11-2.3.3.jar
7f0f83777000-7f0f8377a000 r--s 0000e000 08:02 6294172                    /home/liuyongdun/.m2/repository/org/apache/spark/spark-network-shuffle_2.11/2.3.3/spark-network-shuffle_2.11-2.3.3.jar
7f0f8377a000-7f0f837a8000 r--s 00218000 08:02 6294175                    /home/liuyongdun/.m2/repository/org/apache/spark/spark-network-common_2.11/2.3.3/spark-network-common_2.11-2.3.3.jar
7f0f837a8000-7f0f837ab000 r--s 00009000 08:02 6294215                    /home/liuyongdun/.m2/repository/com/fasterxml/jackson/core/jackson-annotations/2.6.7/jackson-annotations-2.6.7.jar
7f0f837ab000-7f0f837af000 r--s 0003c000 08:02 3937110                    /home/liuyongdun/.m2/repository/com/fasterxml/jackson/core/jackson-core/2.6.7/jackson-core-2.6.7.jar
7f0f837af000-7f0f837b2000 r--s 000fd000 08:02 3933073                    /home/liuyongdun/.m2/repository/org/fusesource/leveldbjni/leveldbjni-all/1.8/leveldbjni-all-1.8.jar
7f0f837b2000-7f0f837b4000 r--s 0000b000 08:02 6294129                    /home/liuyongdun/.m2/repository/org/apache/spark/spark-kvstore_2.11/2.3.3/spark-kvstore_2.11-2.3.3.jar
7f0f837b4000-7f0f837b6000 r--s 00011000 08:02 6294140                    /home/liuyongdun/.m2/repository/org/apache/spark/spark-launcher_2.11/2.3.3/spark-launcher_2.11-2.3.3.jar
7f0f837b6000-7f0f837b9000 r--s 00021000 08:02 6294112                    /home/liuyongdun/.m2/repository/org/apache/xbean/xbean-asm5-shaded/4.4/xbean-asm5-shaded-4.4.jar
7f0f837b9000-7f0f837bb000 r--s 0000d000 08:02 6294120                    /home/liuyongdun/.m2/repository/com/twitter/chill-java/0.8.4/chill-java-0.8.4.jar
7f0f837bb000-7f0f837c2000 r--s 00051000 08:02 6294122                    /home/liuyongdun/.m2/repository/com/esotericsoftware/kryo-shaded/3.0.3/kryo-shaded-3.0.3.jar
7f0f837c2000-7f0f837c6000 r--s 00033000 08:02 6294165                    /home/liuyongdun/.m2/repository/com/twitter/chill_2.11/0.8.4/chill_2.11-0.8.4.jar
7f0f837c6000-7f0f837cd000 r--s 0004e000 08:02 6294104                    /home/liuyongdun/.m2/repository/org/apache/avro/avro-ipc/1.7.7/avro-ipc-1.7.7-tests.jar
7f0f837cd000-7f0f837d1000 r--s 0002c000 08:02 6294106                    /home/liuyongdun/.m2/repository/org/apache/avro/avro-ipc/1.7.7/avro-ipc-1.7.7.jar
7f0f837d1000-7f0f837d6000 r--s 00028000 08:02 6294102                    /home/liuyongdun/.m2/repository/org/apache/avro/avro-mapred/1.7.7/avro-mapred-1.7.7-hadoop2.jar
7f0f837d6000-7f0f837da000 r--s 00014000 08:02 3932984                    /home/liuyongdun/.m2/repository/org/tukaani/xz/1.0/xz-1.0.jar
7f0f837da000-7f0f837df000 r--s 00036000 08:02 3933053                    /home/liuyongdun/.m2/repository/org/apache/commons/commons-compress/1.4.1/commons-compress-1.4.1.jar
7f0f837df000-7f0f837ed000 r--s 000b1000 08:02 3933005                    /home/liuyongdun/.m2/repository/org/codehaus/jackson/jackson-mapper-asl/1.9.13/jackson-mapper-asl-1.9.13.jar
7f0f837ed000-7f0f837f6000 r--s 00062000 08:02 3932997                    /home/liuyongdun/.m2/repository/org/apache/avro/avro/1.7.7/avro-1.7.7.jar
7f0f837f6000-7f0f837f9000 ---p 00000000 00:00 0 
7f0f837f9000-7f0f838f7000 rw-p 00000000 00:00 0 
7f0f838f7000-7f0f838fa000 ---p 00000000 00:00 0 
7f0f838fa000-7f0f839f8000 rw-p 00000000 00:00 0 
7f0f839f8000-7f0f839fb000 ---p 00000000 00:00 0 
7f0f839fb000-7f0f83af9000 rw-p 00000000 00:00 0 
7f0f83af9000-7f0f83afd000 r-xp 00000000 08:02 13240855                   /opt/jdk/jre/lib/amd64/libdt_socket.so
7f0f83afd000-7f0f83cfc000 ---p 00004000 08:02 13240855                   /opt/jdk/jre/lib/amd64/libdt_socket.so
7f0f83cfc000-7f0f83cfd000 rw-p 00003000 08:02 13240855                   /opt/jdk/jre/lib/amd64/libdt_socket.so
7f0f83cfd000-7f0f83d00000 ---p 00000000 00:00 0 
7f0f83d00000-7f0f83dfe000 rw-p 00000000 00:00 0 
7f0f83dfe000-7f0f83e01000 ---p 00000000 00:00 0 
7f0f83e01000-7f0f83eff000 rw-p 00000000 00:00 0 
7f0f83eff000-7f0f83f02000 ---p 00000000 00:00 0 
7f0f83f02000-7f0f84000000 rw-p 00000000 00:00 0 
7f0f84000000-7f0f84021000 rw-p 00000000 00:00 0 
7f0f84021000-7f0f88000000 ---p 00000000 00:00 0 
7f0f88000000-7f0f88002000 r--s 00009000 08:02 6294119                    /home/liuyongdun/.m2/repository/org/objenesis/objenesis/2.1/objenesis-2.1.jar
7f0f88002000-7f0f88003000 r--s 00001000 08:02 6294116                    /home/liuyongdun/.m2/repository/com/esotericsoftware/minlog/1.3.0/minlog-1.3.0.jar
7f0f88003000-7f0f880f1000 r--s 00b97000 08:02 6294100                    /home/liuyongdun/.m2/repository/org/apache/spark/spark-core_2.11/2.3.3/spark-core_2.11-2.3.3.jar
7f0f880f1000-7f0f880f2000 ---p 00000000 00:00 0 
7f0f880f2000-7f0f89000000 rw-p 00000000 00:00 0 
7f0f89000000-7f0f897f0000 rwxp 00000000 00:00 0 
7f0f897f0000-7f0f98000000 ---p 00000000 00:00 0 
7f0f98000000-7f0f9a4d2000 rw-p 00000000 00:00 0 
7f0f9a4d2000-7f0f9c000000 ---p 00000000 00:00 0 
7f0f9c000000-7f0f9c002000 r--s 00006000 08:02 3932962                    /home/liuyongdun/.m2/repository/com/thoughtworks/paranamer/paranamer/2.3/paranamer-2.3.jar
7f0f9c002000-7f0f9c006000 r--s 00035000 08:02 3932971                    /home/liuyongdun/.m2/repository/org/codehaus/jackson/jackson-core-asl/1.9.13/jackson-core-asl-1.9.13.jar
7f0f9c006000-7f0f9c05f000 r--s 00522000 08:02 6294296                    /home/liuyongdun/.m2/repository/org/scala-lang/scala-library/2.11.8/scala-library-2.11.8.jar
7f0f9c05f000-7f0f9c072000 r--s 00345000 08:02 13240830                   /opt/jdk/jre/lib/resources.jar
7f0f9c072000-7f0f9c085000 r--s 000d6000 08:02 13240817                   /opt/jdk/jre/lib/plugin.jar
7f0f9c085000-7f0f9c086000 r--s 00000000 08:02 13240810                   /opt/jdk/jre/lib/management-agent.jar
7f0f9c086000-7f0f9c08b000 r--s 0009d000 08:02 13240831                   /opt/jdk/jre/lib/jsse.jar
7f0f9c08b000-7f0f9c094000 r--s 0006d000 08:02 13240813                   /opt/jdk/jre/lib/javaws.jar
7f0f9c094000-7f0f9c1e4000 rw-p 00000000 00:00 0 
7f0f9c1e4000-7f0f9c3be000 r--s 03d6b000 08:02 13240826                   /opt/jdk/jre/lib/rt.jar
7f0f9c3be000-7f0f9d29b000 rw-p 00000000 00:00 0 
7f0f9d29b000-7f0f9d29c000 ---p 00000000 00:00 0 
7f0f9d29c000-7f0f9d39c000 rw-p 00000000 00:00 0 
7f0f9d39c000-7f0f9d39d000 ---p 00000000 00:00 0 
7f0f9d39d000-7f0f9d49d000 rw-p 00000000 00:00 0 
7f0f9d49d000-7f0f9d49e000 ---p 00000000 00:00 0 
7f0f9d49e000-7f0f9d59e000 rw-p 00000000 00:00 0 
7f0f9d59e000-7f0f9d59f000 ---p 00000000 00:00 0 
7f0f9d59f000-7f0f9d6d5000 rw-p 00000000 00:00 0 
7f0f9d6d5000-7f0f9da80000 ---p 00000000 00:00 0 
7f0f9da80000-7f0f9dab6000 rw-p 00000000 00:00 0 
7f0f9dab6000-7f0f9de60000 ---p 00000000 00:00 0 
7f0f9de60000-7f0f9deeb000 rw-p 00000000 00:00 0 
7f0f9deeb000-7f0f9e051000 ---p 00000000 00:00 0 
7f0f9e051000-7f0f9e072000 rw-p 00000000 00:00 0 
7f0f9e072000-7f0f9e412000 ---p 00000000 00:00 0 
7f0f9e412000-7f0f9e42d000 r-xp 00000000 08:02 13240882                   /opt/jdk/jre/lib/amd64/libzip.so
7f0f9e42d000-7f0f9e62d000 ---p 0001b000 08:02 13240882                   /opt/jdk/jre/lib/amd64/libzip.so
7f0f9e62d000-7f0f9e62e000 rw-p 0001b000 08:02 13240882                   /opt/jdk/jre/lib/amd64/libzip.so
7f0f9e62e000-7f0f9e631000 r--p 00000000 08:02 8388792                    /lib/x86_64-linux-gnu/libnss_files-2.28.so
7f0f9e631000-7f0f9e638000 r-xp 00003000 08:02 8388792                    /lib/x86_64-linux-gnu/libnss_files-2.28.so
7f0f9e638000-7f0f9e63b000 r--p 0000a000 08:02 8388792                    /lib/x86_64-linux-gnu/libnss_files-2.28.so
7f0f9e63b000-7f0f9e63c000 r--p 0000c000 08:02 8388792                    /lib/x86_64-linux-gnu/libnss_files-2.28.so
7f0f9e63c000-7f0f9e63d000 rw-p 0000d000 08:02 8388792                    /lib/x86_64-linux-gnu/libnss_files-2.28.so
7f0f9e63d000-7f0f9e643000 rw-p 00000000 00:00 0 
7f0f9e643000-7f0f9e647000 r--p 00000000 08:02 8388789                    /lib/x86_64-linux-gnu/libnsl-2.28.so
7f0f9e647000-7f0f9e655000 r-xp 00004000 08:02 8388789                    /lib/x86_64-linux-gnu/libnsl-2.28.so
7f0f9e655000-7f0f9e65a000 r--p 00012000 08:02 8388789                    /lib/x86_64-linux-gnu/libnsl-2.28.so
7f0f9e65a000-7f0f9e65b000 r--p 00016000 08:02 8388789                    /lib/x86_64-linux-gnu/libnsl-2.28.so
7f0f9e65b000-7f0f9e65c000 rw-p 00017000 08:02 8388789                    /lib/x86_64-linux-gnu/libnsl-2.28.so
7f0f9e65c000-7f0f9e65e000 rw-p 00000000 00:00 0 
7f0f9e65e000-7f0f9e660000 r--s 00007000 08:02 13240904                   /opt/jdk/jre/lib/jfxswt.jar
7f0f9e660000-7f0f9e665000 r--s 00084000 08:02 13240803                   /opt/jdk/jre/lib/jfr.jar
7f0f9e665000-7f0f9e681000 r--s 0020b000 08:02 13240804                   /opt/jdk/jre/lib/deploy.jar
7f0f9e681000-7f0f9e686000 r--s 002f9000 08:02 13240824                   /opt/jdk/jre/lib/charsets.jar
7f0f9e686000-7f0f9e690000 r-xp 00000000 08:02 13240891                   /opt/jdk/jre/lib/amd64/libinstrument.so
7f0f9e690000-7f0f9e88f000 ---p 0000a000 08:02 13240891                   /opt/jdk/jre/lib/amd64/libinstrument.so
7f0f9e88f000-7f0f9e890000 rw-p 00009000 08:02 13240891                   /opt/jdk/jre/lib/amd64/libinstrument.so
7f0f9e890000-7f0f9f0ff000 r--p 00000000 08:02 10223644                   /usr/lib/locale/locale-archive
7f0f9f0ff000-7f0f9f101000 r-xp 00000000 08:02 13240857                   /opt/jdk/jre/lib/amd64/libnpt.so
7f0f9f101000-7f0f9f301000 ---p 00002000 08:02 13240857                   /opt/jdk/jre/lib/amd64/libnpt.so
7f0f9f301000-7f0f9f302000 rw-p 00002000 08:02 13240857                   /opt/jdk/jre/lib/amd64/libnpt.so
7f0f9f302000-7f0f9f33c000 r-xp 00000000 08:02 13240869                   /opt/jdk/jre/lib/amd64/libjdwp.so
7f0f9f33c000-7f0f9f53b000 ---p 0003a000 08:02 13240869                   /opt/jdk/jre/lib/amd64/libjdwp.so
7f0f9f53b000-7f0f9f53c000 rw-p 00039000 08:02 13240869                   /opt/jdk/jre/lib/amd64/libjdwp.so
7f0f9f53c000-7f0f9f53d000 rw-p 00000000 00:00 0 
7f0f9f53d000-7f0f9f568000 r-xp 00000000 08:02 13240876                   /opt/jdk/jre/lib/amd64/libjava.so
7f0f9f568000-7f0f9f767000 ---p 0002b000 08:02 13240876                   /opt/jdk/jre/lib/amd64/libjava.so
7f0f9f767000-7f0f9f769000 rw-p 0002a000 08:02 13240876                   /opt/jdk/jre/lib/amd64/libjava.so
7f0f9f769000-7f0f9f776000 r-xp 00000000 08:02 13240881                   /opt/jdk/jre/lib/amd64/libverify.so
7f0f9f776000-7f0f9f976000 ---p 0000d000 08:02 13240881                   /opt/jdk/jre/lib/amd64/libverify.so
7f0f9f976000-7f0f9f978000 rw-p 0000d000 08:02 13240881                   /opt/jdk/jre/lib/amd64/libverify.so
7f0f9f978000-7f0f9f97a000 r--p 00000000 08:02 8388799                    /lib/x86_64-linux-gnu/librt-2.28.so
7f0f9f97a000-7f0f9f97e000 r-xp 00002000 08:02 8388799                    /lib/x86_64-linux-gnu/librt-2.28.so
7f0f9f97e000-7f0f9f980000 r--p 00006000 08:02 8388799                    /lib/x86_64-linux-gnu/librt-2.28.so
7f0f9f980000-7f0f9f981000 r--p 00007000 08:02 8388799                    /lib/x86_64-linux-gnu/librt-2.28.so
7f0f9f981000-7f0f9f982000 rw-p 00008000 08:02 8388799                    /lib/x86_64-linux-gnu/librt-2.28.so
7f0f9f982000-7f0f9f983000 ---p 00000000 00:00 0 
7f0f9f983000-7f0f9f986000 ---p 00000000 00:00 0 
7f0f9f986000-7f0f9fa83000 rw-p 00000000 00:00 0 
7f0f9fa83000-7f0f9fa90000 r--p 00000000 08:02 8388786                    /lib/x86_64-linux-gnu/libm-2.28.so
7f0f9fa90000-7f0f9fb3b000 r-xp 0000d000 08:02 8388786                    /lib/x86_64-linux-gnu/libm-2.28.so
7f0f9fb3b000-7f0f9fc0e000 r--p 000b8000 08:02 8388786                    /lib/x86_64-linux-gnu/libm-2.28.so
7f0f9fc0e000-7f0f9fc0f000 r--p 0018a000 08:02 8388786                    /lib/x86_64-linux-gnu/libm-2.28.so
7f0f9fc0f000-7f0f9fc10000 rw-p 0018b000 08:02 8388786                    /lib/x86_64-linux-gnu/libm-2.28.so
7f0f9fc10000-7f0fa08ec000 r-xp 00000000 08:02 13502579                   /opt/jdk/jre/lib/amd64/server/libjvm.so
7f0fa08ec000-7f0fa0aec000 ---p 00cdc000 08:02 13502579                   /opt/jdk/jre/lib/amd64/server/libjvm.so
7f0fa0aec000-7f0fa0bc6000 rw-p 00cdc000 08:02 13502579                   /opt/jdk/jre/lib/amd64/server/libjvm.so
7f0fa0bc6000-7f0fa0c13000 rw-p 00000000 00:00 0 
7f0fa0c13000-7f0fa0c35000 r--p 00000000 08:02 8388783                    /lib/x86_64-linux-gnu/libc-2.28.so
7f0fa0c35000-7f0fa0da6000 r-xp 00022000 08:02 8388783                    /lib/x86_64-linux-gnu/libc-2.28.so
7f0fa0da6000-7f0fa0df2000 r--p 00193000 08:02 8388783                    /lib/x86_64-linux-gnu/libc-2.28.so
7f0fa0df2000-7f0fa0df3000 ---p 001df000 08:02 8388783                    /lib/x86_64-linux-gnu/libc-2.28.so
7f0fa0df3000-7f0fa0df7000 r--p 001df000 08:02 8388783                    /lib/x86_64-linux-gnu/libc-2.28.so
7f0fa0df7000-7f0fa0df9000 rw-p 001e3000 08:02 8388783                    /lib/x86_64-linux-gnu/libc-2.28.so
7f0fa0df9000-7f0fa0dfd000 rw-p 00000000 00:00 0 
7f0fa0dfd000-7f0fa0dfe000 r--p 00000000 08:02 8388785                    /lib/x86_64-linux-gnu/libdl-2.28.so
7f0fa0dfe000-7f0fa0e00000 r-xp 00001000 08:02 8388785                    /lib/x86_64-linux-gnu/libdl-2.28.so
7f0fa0e00000-7f0fa0e01000 r--p 00003000 08:02 8388785                    /lib/x86_64-linux-gnu/libdl-2.28.so
7f0fa0e01000-7f0fa0e02000 r--p 00003000 08:02 8388785                    /lib/x86_64-linux-gnu/libdl-2.28.so
7f0fa0e02000-7f0fa0e03000 rw-p 00004000 08:02 8388785                    /lib/x86_64-linux-gnu/libdl-2.28.so
7f0fa0e03000-7f0fa0e19000 r-xp 00000000 08:02 12325327                   /opt/jdk/lib/amd64/jli/libjli.so
7f0fa0e19000-7f0fa1018000 ---p 00016000 08:02 12325327                   /opt/jdk/lib/amd64/jli/libjli.so
7f0fa1018000-7f0fa1019000 rw-p 00015000 08:02 12325327                   /opt/jdk/lib/amd64/jli/libjli.so
7f0fa1019000-7f0fa101f000 r--p 00000000 08:02 8388797                    /lib/x86_64-linux-gnu/libpthread-2.28.so
7f0fa101f000-7f0fa102e000 r-xp 00006000 08:02 8388797                    /lib/x86_64-linux-gnu/libpthread-2.28.so
7f0fa102e000-7f0fa1034000 r--p 00015000 08:02 8388797                    /lib/x86_64-linux-gnu/libpthread-2.28.so
7f0fa1034000-7f0fa1035000 r--p 0001a000 08:02 8388797                    /lib/x86_64-linux-gnu/libpthread-2.28.so
7f0fa1035000-7f0fa1036000 rw-p 0001b000 08:02 8388797                    /lib/x86_64-linux-gnu/libpthread-2.28.so
7f0fa1036000-7f0fa103c000 rw-p 00000000 00:00 0 
7f0fa103c000-7f0fa103f000 r--s 0001a000 08:02 13240902                   /opt/jdk/jre/lib/jce.jar
7f0fa103f000-7f0fa1041000 r--s 00001000 08:02 11804475                   /opt/idea/lib/rt/debugger-agent-storage.jar
7f0fa1041000-7f0fa1049000 rw-s 00000000 08:02 10094875                   /tmp/hsperfdata_liuyongdun/20629
7f0fa1049000-7f0fa104b000 r--p 00000000 08:02 8388794                    /lib/x86_64-linux-gnu/libnss_nis-2.28.so
7f0fa104b000-7f0fa1053000 r-xp 00002000 08:02 8388794                    /lib/x86_64-linux-gnu/libnss_nis-2.28.so
7f0fa1053000-7f0fa1055000 r--p 0000a000 08:02 8388794                    /lib/x86_64-linux-gnu/libnss_nis-2.28.so
7f0fa1055000-7f0fa1056000 r--p 0000b000 08:02 8388794                    /lib/x86_64-linux-gnu/libnss_nis-2.28.so
7f0fa1056000-7f0fa1057000 rw-p 0000c000 08:02 8388794                    /lib/x86_64-linux-gnu/libnss_nis-2.28.so
7f0fa1057000-7f0fa1059000 r--p 00000000 08:02 8388790                    /lib/x86_64-linux-gnu/libnss_compat-2.28.so
7f0fa1059000-7f0fa105f000 r-xp 00002000 08:02 8388790                    /lib/x86_64-linux-gnu/libnss_compat-2.28.so
7f0fa105f000-7f0fa1060000 r--p 00008000 08:02 8388790                    /lib/x86_64-linux-gnu/libnss_compat-2.28.so
7f0fa1060000-7f0fa1061000 r--p 00008000 08:02 8388790                    /lib/x86_64-linux-gnu/libnss_compat-2.28.so
7f0fa1061000-7f0fa1062000 rw-p 00009000 08:02 8388790                    /lib/x86_64-linux-gnu/libnss_compat-2.28.so
7f0fa1062000-7f0fa1063000 rw-p 00000000 00:00 0 
7f0fa1063000-7f0fa1064000 ---p 00000000 00:00 0 
7f0fa1064000-7f0fa1065000 r--p 00000000 08:02 8388689                    /lib/x86_64-linux-gnu/ld-2.28.so
7f0fa1065000-7f0fa1085000 r-xp 00001000 08:02 8388689                    /lib/x86_64-linux-gnu/ld-2.28.so
7f0fa1085000-7f0fa108d000 r--p 00021000 08:02 8388689                    /lib/x86_64-linux-gnu/ld-2.28.so
7f0fa108d000-7f0fa108e000 r--p 00028000 08:02 8388689                    /lib/x86_64-linux-gnu/ld-2.28.so
7f0fa108e000-7f0fa108f000 rw-p 00029000 08:02 8388689                    /lib/x86_64-linux-gnu/ld-2.28.so
7f0fa108f000-7f0fa1090000 rw-p 00000000 00:00 0 
7ffed4ffe000-7ffed5023000 rw-p 00000000 00:00 0                          [stack]
7ffed50a8000-7ffed50ab000 r--p 00000000 00:00 0                          [vvar]
7ffed50ab000-7ffed50ad000 r-xp 00000000 00:00 0                          [vdso]
ffffffffff600000-ffffffffff601000 r-xp 00000000 00:00 0                  [vsyscall]

VM Arguments:
jvm_args: -agentlib:jdwp=transport=dt_socket,address=127.0.0.1:38277,suspend=y,server=n -javaagent:/opt/idea/lib/rt/debugger-agent.jar=file:/tmp/capture.props -Dfile.encoding=UTF-8 
java_command: TopNInGroups.TopNInGroups
java_class_path (initial): /opt/jdk/jre/lib/charsets.jar:/opt/jdk/jre/lib/deploy.jar:/opt/jdk/jre/lib/ext/cldrdata.jar:/opt/jdk/jre/lib/ext/dnsns.jar:/opt/jdk/jre/lib/ext/jaccess.jar:/opt/jdk/jre/lib/ext/jfxrt.jar:/opt/jdk/jre/lib/ext/localedata.jar:/opt/jdk/jre/lib/ext/nashorn.jar:/opt/jdk/jre/lib/ext/sunec.jar:/opt/jdk/jre/lib/ext/sunjce_provider.jar:/opt/jdk/jre/lib/ext/sunpkcs11.jar:/opt/jdk/jre/lib/ext/zipfs.jar:/opt/jdk/jre/lib/javaws.jar:/opt/jdk/jre/lib/jce.jar:/opt/jdk/jre/lib/jfr.jar:/opt/jdk/jre/lib/jfxswt.jar:/opt/jdk/jre/lib/jsse.jar:/opt/jdk/jre/lib/management-agent.jar:/opt/jdk/jre/lib/plugin.jar:/opt/jdk/jre/lib/resources.jar:/opt/jdk/jre/lib/rt.jar:/home/liuyongdun/IdeaProjects/SparkScalaAPI/target/classes:/home/liuyongdun/.m2/repository/org/scala-lang/scala-library/2.11.8/scala-library-2.11.8.jar:/home/liuyongdun/.m2/repository/org/apache/spark/spark-core_2.11/2.3.3/spark-core_2.11-2.3.3.jar:/home/liuyongdun/.m2/repository/org/apache/avro/avro/1.7.7/avro-1.7.7.jar:/home/liuyongdun/.m2/repository/org/codehaus/jackson/jackson-core-asl/1.9.13/jackson-core-asl-1.9.13.jar:/home/liuyongdun/.m2/repository/org/codehaus/jackson/jackson-mapper-asl/1.9.13/jackson-mapper-asl-1.9.13.jar:/home/liuyongdun/.m2/repository/com/thoughtworks/paranamer/paranamer/2.3/paranamer-2.3.jar:/home/liuyongdun/.m2/repository/org/apache/commons/commons-compress/1.4.1/commons-compress-1.4.1.jar:/home/liuyongdun/.m2/repository/org/tukaani/xz/1.0/xz-1.0.jar:/home/liuyongdun/.m2/repository/org/apache/avro/avro-mapred/1.7.7/avro-mapred-1.7.7-hadoop2.jar:/home/liuyongdun/.m2/repository/org/apache/avro/avro-ipc/1.7.7/avro-ipc-1.7.7.jar:/home/liuyongdun/.m2/repository/org/apache/avro/avro-ipc/1.7.7/avro-ipc-1.7.7-tests.jar:/home/liuyongdun/.m2/repository/com/twitter/chill_2.11/0.8.4/chill_2.11-0.8.4.jar:/home/liuyongdun/.m2/repository/com/esotericsoftware/kryo-shaded/3.0.3/kryo-shaded-3.0.3.jar:/home/liuyongdun/.m2/repository/com/esotericsoftware/minlog/1.3.0/minlog-1.3.0.jar:/home/liu
Launcher Type: SUN_STANDARD

Environment Variables:
JAVA_HOME=/opt/jdk
JRE_HOME=/opt/jdk/jre
CLASSPATH=/opt/idea/lib/bootstrap.jar:/opt/idea/lib/extensions.jar:/opt/idea/lib/util.jar:/opt/idea/lib/jdom.jar:/opt/idea/lib/log4j.jar:/opt/idea/lib/trove4j.jar:/opt/idea/lib/jna.jar:/opt/jdk/lib/tools.jar
PATH=/home/liuyongdun/bin:/home/liuyongdun/.local/bin:/home/liuyongdun/bin:/home/liuyongdun/.local/bin:/usr/local/sbin:/usr/local/bin:/usr/sbin:/usr/bin:/sbin:/bin:/usr/games:/usr/local/games:${JAVA_HOME}/bin:${JRE_HOME}/bin:/snap/bin:/usr/bin/myshellscripts:/opt/jdk/bin:/opt/jdk/jre/bin:/opt/zookeeper/bin:/opt/maven/bin:/opt/wine-stable/bin:/opt/hive/bin:/opt/oracle11g/product/11.2.0/dbhome_1/bin:/opt/oracle11g/product/11.2.0/dbhome_1/lib64:/usr/bin/myshellscripts:/opt/jdk/bin:/opt/jdk/jre/bin:/opt/zookeeper/bin:/opt/maven/bin:/opt/wine-stable/bin:/opt/hive/bin:/opt/oracle11g/product/11.2.0/dbhome_1/bin:/opt/oracle11g/product/11.2.0/dbhome_1/lib64
SHELL=/bin/bash
DISPLAY=:0

Signal Handlers:
SIGSEGV: [libjvm.so+0xad2a40], sa_mask[0]=11111111011111111101111111111110, sa_flags=SA_RESTART|SA_SIGINFO
SIGBUS: [libjvm.so+0xad2a40], sa_mask[0]=11111111011111111101111111111110, sa_flags=SA_RESTART|SA_SIGINFO
SIGFPE: [libjvm.so+0x92a610], sa_mask[0]=11111111011111111101111111111110, sa_flags=SA_RESTART|SA_SIGINFO
SIGPIPE: [libjvm.so+0x92a610], sa_mask[0]=11111111011111111101111111111110, sa_flags=SA_RESTART|SA_SIGINFO
SIGXFSZ: [libjvm.so+0x92a610], sa_mask[0]=11111111011111111101111111111110, sa_flags=SA_RESTART|SA_SIGINFO
SIGILL: [libjvm.so+0x92a610], sa_mask[0]=11111111011111111101111111111110, sa_flags=SA_RESTART|SA_SIGINFO
SIGUSR1: SIG_DFL, sa_mask[0]=00000000000000000000000000000000, sa_flags=none
SIGUSR2: [libjvm.so+0x92be70], sa_mask[0]=00100000000000000000000000000000, sa_flags=SA_RESTART|SA_SIGINFO
SIGHUP: [libjvm.so+0x92d270], sa_mask[0]=11111111011111111101111111111110, sa_flags=SA_RESTART|SA_SIGINFO
SIGINT: [libjvm.so+0x92d270], sa_mask[0]=11111111011111111101111111111110, sa_flags=SA_RESTART|SA_SIGINFO
SIGTERM: [libjvm.so+0x92d270], sa_mask[0]=11111111011111111101111111111110, sa_flags=SA_RESTART|SA_SIGINFO
SIGQUIT: [libjvm.so+0x92d270], sa_mask[0]=11111111011111111101111111111110, sa_flags=SA_RESTART|SA_SIGINFO


---------------  S Y S T E M  ---------------

OS:DISTRIB_ID=Ubuntu
DISTRIB_RELEASE=18.10
DISTRIB_CODENAME=cosmic
DISTRIB_DESCRIPTION="Ubuntu 18.10"

uname:Linux 4.18.0-20-generic #21-Ubuntu SMP Mon May 6 18:45:52 UTC 2019 x86_64
libc:glibc 2.28 NPTL 2.28 
rlimit: STACK 8192k, CORE 0k, NPROC 47234, NOFILE 4096, AS infinity
load average:2.24 3.34 3.29

/proc/meminfo:
MemTotal:       12191532 kB
MemFree:          279644 kB
MemAvailable:    1516548 kB
Buffers:           56176 kB
Cached:          4799640 kB
SwapCached:         9672 kB
Active:          6366828 kB
Inactive:        4982212 kB
Active(anon):    5560096 kB
Inactive(anon):  4394064 kB
Active(file):     806732 kB
Inactive(file):   588148 kB
Unevictable:         112 kB
Mlocked:             112 kB
SwapTotal:      12477436 kB
SwapFree:       12287356 kB
Dirty:               980 kB
Writeback:             0 kB
AnonPages:       6482452 kB
Mapped:          2846156 kB
Shmem:           3460936 kB
Slab:             321568 kB
SReclaimable:     158564 kB
SUnreclaim:       163004 kB
KernelStack:       23188 kB
PageTables:        60764 kB
NFS_Unstable:          0 kB
Bounce:                0 kB
WritebackTmp:          0 kB
CommitLimit:    18573200 kB
Committed_AS:   18657444 kB
VmallocTotal:   34359738367 kB
VmallocUsed:           0 kB
VmallocChunk:          0 kB
HardwareCorrupted:     0 kB
AnonHugePages:         0 kB
ShmemHugePages:        0 kB
ShmemPmdMapped:        0 kB
CmaTotal:              0 kB
CmaFree:               0 kB
HugePages_Total:       0
HugePages_Free:        0
HugePages_Rsvd:        0
HugePages_Surp:        0
Hugepagesize:       2048 kB
Hugetlb:               0 kB
DirectMap4k:      409848 kB
DirectMap2M:    12068864 kB


CPU:total 4 (initial active 4) (2 cores per cpu, 2 threads per core) family 6 model 58 stepping 9, cmov, cx8, fxsr, mmx, sse, sse2, sse3, ssse3, sse4.1, sse4.2, popcnt, avx, aes, clmul, erms, ht, tsc, tscinvbit, tscinv

/proc/cpuinfo:
processor	: 0
vendor_id	: GenuineIntel
cpu family	: 6
model		: 58
model name	: Intel(R) Core(TM) i5-3230M CPU @ 2.60GHz
stepping	: 9
microcode	: 0x21
cpu MHz		: 2993.358
cache size	: 3072 KB
physical id	: 0
siblings	: 4
core id		: 0
cpu cores	: 2
apicid		: 0
initial apicid	: 0
fpu		: yes
fpu_exception	: yes
cpuid level	: 13
wp		: yes
flags		: fpu vme de pse tsc msr pae mce cx8 apic sep mtrr pge mca cmov pat pse36 clflush dts acpi mmx fxsr sse sse2 ss ht tm pbe syscall nx rdtscp lm constant_tsc arch_perfmon pebs bts rep_good nopl xtopology nonstop_tsc cpuid aperfmperf pni pclmulqdq dtes64 monitor ds_cpl vmx est tm2 ssse3 cx16 xtpr pdcm pcid sse4_1 sse4_2 x2apic popcnt tsc_deadline_timer aes xsave avx f16c rdrand lahf_lm cpuid_fault epb pti ssbd ibrs ibpb stibp tpr_shadow vnmi flexpriority ept vpid fsgsbase smep erms xsaveopt dtherm ida arat pln pts md_clear flush_l1d
bugs		: cpu_meltdown spectre_v1 spectre_v2 spec_store_bypass l1tf mds
bogomips	: 5188.48
clflush size	: 64
cache_alignment	: 64
address sizes	: 36 bits physical, 48 bits virtual
power management:

processor	: 1
vendor_id	: GenuineIntel
cpu family	: 6
model		: 58
model name	: Intel(R) Core(TM) i5-3230M CPU @ 2.60GHz
stepping	: 9
microcode	: 0x21
cpu MHz		: 2993.354
cache size	: 3072 KB
physical id	: 0
siblings	: 4
core id		: 0
cpu cores	: 2
apicid		: 1
initial apicid	: 1
fpu		: yes
fpu_exception	: yes
cpuid level	: 13
wp		: yes
flags		: fpu vme de pse tsc msr pae mce cx8 apic sep mtrr pge mca cmov pat pse36 clflush dts acpi mmx fxsr sse sse2 ss ht tm pbe syscall nx rdtscp lm constant_tsc arch_perfmon pebs bts rep_good nopl xtopology nonstop_tsc cpuid aperfmperf pni pclmulqdq dtes64 monitor ds_cpl vmx est tm2 ssse3 cx16 xtpr pdcm pcid sse4_1 sse4_2 x2apic popcnt tsc_deadline_timer aes xsave avx f16c rdrand lahf_lm cpuid_fault epb pti ssbd ibrs ibpb stibp tpr_shadow vnmi flexpriority ept vpid fsgsbase smep erms xsaveopt dtherm ida arat pln pts md_clear flush_l1d
bugs		: cpu_meltdown spectre_v1 spectre_v2 spec_store_bypass l1tf mds
bogomips	: 5188.48
clflush size	: 64
cache_alignment	: 64
address sizes	: 36 bits physical, 48 bits virtual
power management:

processor	: 2
vendor_id	: GenuineIntel
cpu family	: 6
model		: 58
model name	: Intel(R) Core(TM) i5-3230M CPU @ 2.60GHz
stepping	: 9
microcode	: 0x21
cpu MHz		: 2993.353
cache size	: 3072 KB
physical id	: 0
siblings	: 4
core id		: 1
cpu cores	: 2
apicid		: 2
initial apicid	: 2
fpu		: yes
fpu_exception	: yes
cpuid level	: 13
wp		: yes
flags		: fpu vme de pse tsc msr pae mce cx8 apic sep mtrr pge mca cmov pat pse36 clflush dts acpi mmx fxsr sse sse2 ss ht tm pbe syscall nx rdtscp lm constant_tsc arch_perfmon pebs bts rep_good nopl xtopology nonstop_tsc cpuid aperfmperf pni pclmulqdq dtes64 monitor ds_cpl vmx est tm2 ssse3 cx16 xtpr pdcm pcid sse4_1 sse4_2 x2apic popcnt tsc_deadline_timer aes xsave avx f16c rdrand lahf_lm cpuid_fault epb pti ssbd ibrs ibpb stibp tpr_shadow vnmi flexpriority ept vpid fsgsbase smep erms xsaveopt dtherm ida arat pln pts md_clear flush_l1d
bugs		: cpu_meltdown spectre_v1 spectre_v2 spec_store_bypass l1tf mds
bogomips	: 5188.48
clflush size	: 64
cache_alignment	: 64
address sizes	: 36 bits physical, 48 bits virtual
power management:

processor	: 3
vendor_id	: GenuineIntel
cpu family	: 6
model		: 58
model name	: Intel(R) Core(TM) i5-3230M CPU @ 2.60GHz
stepping	: 9
microcode	: 0x21
cpu MHz		: 2993.356
cache size	: 3072 KB
physical id	: 0
siblings	: 4
core id		: 1
cpu cores	: 2
apicid		: 3
initial apicid	: 3
fpu		: yes
fpu_exception	: yes
cpuid level	: 13
wp		: yes
flags		: fpu vme de pse tsc msr pae mce cx8 apic sep mtrr pge mca cmov pat pse36 clflush dts acpi mmx fxsr sse sse2 ss ht tm pbe syscall nx rdtscp lm constant_tsc arch_perfmon pebs bts rep_good nopl xtopology nonstop_tsc cpuid aperfmperf pni pclmulqdq dtes64 monitor ds_cpl vmx est tm2 ssse3 cx16 xtpr pdcm pcid sse4_1 sse4_2 x2apic popcnt tsc_deadline_timer aes xsave avx f16c rdrand lahf_lm cpuid_fault epb pti ssbd ibrs ibpb stibp tpr_shadow vnmi flexpriority ept vpid fsgsbase smep erms xsaveopt dtherm ida arat pln pts md_clear flush_l1d
bugs		: cpu_meltdown spectre_v1 spectre_v2 spec_store_bypass l1tf mds
bogomips	: 5188.48
clflush size	: 64
cache_alignment	: 64
address sizes	: 36 bits physical, 48 bits virtual
power management:



Memory: 4k page, physical 12191532k(278404k free), swap 12477436k(12287356k free)

vm_info: Java HotSpot(TM) 64-Bit Server VM (25.181-b13) for linux-amd64 JRE (1.8.0_181-b13), built on Jul  7 2018 00:56:38 by "java_re" with gcc 4.3.0 20080428 (Red Hat 4.3.0-8)

time: Wed May 22 16:57:25 2019
elapsed time: 477 seconds (0d 0h 7m 57s)

